[0.011s] Invoking command in '/home/nnimpit/smartbot_ws/smartbot/build/smartbot_cpp_examples': CMAKE_PREFIX_PATH=/opt/ros/humble CONDA_PROMPT_MODIFIER=(base) /usr/bin/cmake /home/nnimpit/smartbot_ws/smartbot/src/smartbot_cpp_examples -DCMAKE_INSTALL_PREFIX=/home/nnimpit/smartbot_ws/smartbot/install/smartbot_cpp_examples
[0.043s] -- The C compiler identification is GNU 11.4.0
[0.077s] -- The CXX compiler identification is GNU 11.4.0
[0.082s] -- Detecting C compiler ABI info
[0.122s] -- Detecting C compiler ABI info - done
[0.130s] -- Check for working C compiler: /usr/bin/cc - skipped
[0.130s] -- Detecting C compile features
[0.131s] -- Detecting C compile features - done
[0.133s] -- Detecting CXX compiler ABI info
[0.183s] -- Detecting CXX compiler ABI info - done
[0.188s] -- Check for working CXX compiler: /usr/bin/c++ - skipped
[0.188s] -- Detecting CXX compile features
[0.189s] -- Detecting CXX compile features - done
[0.190s] -- Found ament_cmake: 1.3.10 (/opt/ros/humble/share/ament_cmake/cmake)
[0.440s] -- Found Python3: /home/nnimpit/anaconda3/bin/python3 (found version "3.12.4") found components: Interpreter 
[0.504s] -- Found ament_lint_auto: 0.12.11 (/opt/ros/humble/share/ament_lint_auto/cmake)
[0.521s] Traceback (most recent call last):
[0.521s]   File "/opt/ros/humble/share/ament_cmake_core/cmake/core/package_xml_2_cmake.py", line 22, in <module>
[0.521s]     from catkin_pkg.package import parse_package_string
[0.521s] ModuleNotFoundError: No module named 'catkin_pkg'
[0.523s] [31mCMake Error at /opt/ros/humble/share/ament_cmake_core/cmake/core/ament_package_xml.cmake:95 (message):
[0.523s]   execute_process(/home/nnimpit/anaconda3/bin/python3
[0.524s]   /opt/ros/humble/share/ament_cmake_core/cmake/core/package_xml_2_cmake.py
[0.524s]   /home/nnimpit/smartbot_ws/smartbot/src/smartbot_cpp_examples/package.xml
[0.524s]   /home/nnimpit/smartbot_ws/smartbot/build/smartbot_cpp_examples/ament_cmake_core/package.cmake)
[0.524s]   returned error code 1
[0.524s] Call Stack (most recent call first):
[0.524s]   /opt/ros/humble/share/ament_cmake_core/cmake/core/ament_package_xml.cmake:49 (_ament_package_xml)
[0.524s]   /opt/ros/humble/share/ament_lint_auto/cmake/ament_lint_auto_find_test_dependencies.cmake:31 (ament_package_xml)
[0.524s]   CMakeLists.txt:23 (ament_lint_auto_find_test_dependencies)
[0.524s] 
[0.524s] [0m
[0.524s] -- Configuring incomplete, errors occurred!
[0.524s] See also "/home/nnimpit/smartbot_ws/smartbot/build/smartbot_cpp_examples/CMakeFiles/CMakeOutput.log".
[0.527s] Invoked command in '/home/nnimpit/smartbot_ws/smartbot/build/smartbot_cpp_examples' returned '1': CMAKE_PREFIX_PATH=/opt/ros/humble CONDA_PROMPT_MODIFIER=(base) /usr/bin/cmake /home/nnimpit/smartbot_ws/smartbot/src/smartbot_cpp_examples -DCMAKE_INSTALL_PREFIX=/home/nnimpit/smartbot_ws/smartbot/install/smartbot_cpp_examples
