[0.059s] DEBUG:colcon:Command line arguments: ['/usr/bin/colcon', 'build']
[0.059s] DEBUG:colcon:Parsed command line arguments: Namespace(log_base=None, log_level=None, verb_name='build', build_base='build', install_base='install', merge_install=False, symlink_install=False, test_result_base=None, continue_on_error=False, executor='parallel', parallel_workers=12, event_handlers=None, ignore_user_meta=False, metas=['./colcon.meta'], base_paths=['.'], packages_ignore=None, packages_ignore_regex=None, paths=None, packages_up_to=None, packages_up_to_regex=None, packages_above=None, packages_above_and_dependencies=None, packages_above_depth=None, packages_select_by_dep=None, packages_skip_by_dep=None, packages_skip_up_to=None, packages_select_build_failed=False, packages_skip_build_finished=False, packages_select_test_failures=False, packages_skip_test_passed=False, packages_select=None, packages_skip=None, packages_select_regex=None, packages_skip_regex=None, packages_start=None, packages_end=None, allow_overriding=[], cmake_args=None, cmake_target=None, cmake_target_skip_unavailable=False, cmake_clean_cache=False, cmake_clean_first=False, cmake_force_configure=False, ament_cmake_args=None, catkin_cmake_args=None, catkin_skip_building_tests=False, mixin_files=None, mixin=None, verb_parser=<colcon_mixin.mixin.mixin_argument.MixinArgumentDecorator object at 0x7eed85736a40>, verb_extension=<colcon_core.verb.build.BuildVerb object at 0x7eed8584f130>, main=<bound method BuildVerb.main of <colcon_core.verb.build.BuildVerb object at 0x7eed8584f130>>, mixin_verb=('build',))
[0.167s] Level 1:colcon.colcon_core.package_discovery:discover_packages(colcon_meta) check parameters
[0.167s] Level 1:colcon.colcon_core.package_discovery:discover_packages(recursive) check parameters
[0.167s] Level 1:colcon.colcon_core.package_discovery:discover_packages(ignore) check parameters
[0.167s] Level 1:colcon.colcon_core.package_discovery:discover_packages(path) check parameters
[0.167s] Level 1:colcon.colcon_core.package_discovery:discover_packages(colcon_meta) discover
[0.167s] Level 1:colcon.colcon_core.package_discovery:discover_packages(recursive) discover
[0.167s] INFO:colcon.colcon_core.package_discovery:Crawling recursively for packages in '/home/nnimpit/smartbot_ws/smartbot'
[0.167s] Level 1:colcon.colcon_core.package_identification:_identify(.) by extensions ['ignore', 'ignore_ament_install']
[0.167s] Level 1:colcon.colcon_core.package_identification:_identify(.) by extension 'ignore'
[0.167s] Level 1:colcon.colcon_core.package_identification:_identify(.) by extension 'ignore_ament_install'
[0.167s] Level 1:colcon.colcon_core.package_identification:_identify(.) by extensions ['colcon_pkg']
[0.167s] Level 1:colcon.colcon_core.package_identification:_identify(.) by extension 'colcon_pkg'
[0.167s] Level 1:colcon.colcon_core.package_identification:_identify(.) by extensions ['colcon_meta']
[0.167s] Level 1:colcon.colcon_core.package_identification:_identify(.) by extension 'colcon_meta'
[0.167s] Level 1:colcon.colcon_core.package_identification:_identify(.) by extensions ['ros']
[0.167s] Level 1:colcon.colcon_core.package_identification:_identify(.) by extension 'ros'
[0.174s] Level 1:colcon.colcon_core.package_identification:_identify(.) by extensions ['cmake', 'python']
[0.174s] Level 1:colcon.colcon_core.package_identification:_identify(.) by extension 'cmake'
[0.174s] Level 1:colcon.colcon_core.package_identification:_identify(.) by extension 'python'
[0.174s] Level 1:colcon.colcon_core.package_identification:_identify(.) by extensions ['python_setup_py']
[0.174s] Level 1:colcon.colcon_core.package_identification:_identify(.) by extension 'python_setup_py'
[0.174s] Level 1:colcon.colcon_core.package_identification:_identify(build) by extensions ['ignore', 'ignore_ament_install']
[0.174s] Level 1:colcon.colcon_core.package_identification:_identify(build) by extension 'ignore'
[0.174s] Level 1:colcon.colcon_core.package_identification:_identify(build) ignored
[0.174s] Level 1:colcon.colcon_core.package_identification:_identify(install) by extensions ['ignore', 'ignore_ament_install']
[0.174s] Level 1:colcon.colcon_core.package_identification:_identify(install) by extension 'ignore'
[0.174s] Level 1:colcon.colcon_core.package_identification:_identify(install) ignored
[0.174s] Level 1:colcon.colcon_core.package_identification:_identify(log) by extensions ['ignore', 'ignore_ament_install']
[0.175s] Level 1:colcon.colcon_core.package_identification:_identify(log) by extension 'ignore'
[0.175s] Level 1:colcon.colcon_core.package_identification:_identify(log) ignored
[0.175s] Level 1:colcon.colcon_core.package_identification:_identify(src) by extensions ['ignore', 'ignore_ament_install']
[0.175s] Level 1:colcon.colcon_core.package_identification:_identify(src) by extension 'ignore'
[0.175s] Level 1:colcon.colcon_core.package_identification:_identify(src) by extension 'ignore_ament_install'
[0.175s] Level 1:colcon.colcon_core.package_identification:_identify(src) by extensions ['colcon_pkg']
[0.175s] Level 1:colcon.colcon_core.package_identification:_identify(src) by extension 'colcon_pkg'
[0.175s] Level 1:colcon.colcon_core.package_identification:_identify(src) by extensions ['colcon_meta']
[0.175s] Level 1:colcon.colcon_core.package_identification:_identify(src) by extension 'colcon_meta'
[0.175s] Level 1:colcon.colcon_core.package_identification:_identify(src) by extensions ['ros']
[0.175s] Level 1:colcon.colcon_core.package_identification:_identify(src) by extension 'ros'
[0.175s] Level 1:colcon.colcon_core.package_identification:_identify(src) by extensions ['cmake', 'python']
[0.175s] Level 1:colcon.colcon_core.package_identification:_identify(src) by extension 'cmake'
[0.175s] Level 1:colcon.colcon_core.package_identification:_identify(src) by extension 'python'
[0.175s] Level 1:colcon.colcon_core.package_identification:_identify(src) by extensions ['python_setup_py']
[0.175s] Level 1:colcon.colcon_core.package_identification:_identify(src) by extension 'python_setup_py'
[0.175s] Level 1:colcon.colcon_core.package_identification:_identify(src/smartbot_cpp_examples) by extensions ['ignore', 'ignore_ament_install']
[0.175s] Level 1:colcon.colcon_core.package_identification:_identify(src/smartbot_cpp_examples) by extension 'ignore'
[0.175s] Level 1:colcon.colcon_core.package_identification:_identify(src/smartbot_cpp_examples) by extension 'ignore_ament_install'
[0.175s] Level 1:colcon.colcon_core.package_identification:_identify(src/smartbot_cpp_examples) by extensions ['colcon_pkg']
[0.175s] Level 1:colcon.colcon_core.package_identification:_identify(src/smartbot_cpp_examples) by extension 'colcon_pkg'
[0.175s] Level 1:colcon.colcon_core.package_identification:_identify(src/smartbot_cpp_examples) by extensions ['colcon_meta']
[0.175s] Level 1:colcon.colcon_core.package_identification:_identify(src/smartbot_cpp_examples) by extension 'colcon_meta'
[0.175s] Level 1:colcon.colcon_core.package_identification:_identify(src/smartbot_cpp_examples) by extensions ['ros']
[0.175s] Level 1:colcon.colcon_core.package_identification:_identify(src/smartbot_cpp_examples) by extension 'ros'
[0.176s] DEBUG:colcon.colcon_core.package_identification:Package 'src/smartbot_cpp_examples' with type 'ros.ament_cmake' and name 'smartbot_cpp_examples'
[0.177s] Level 1:colcon.colcon_core.package_identification:_identify(src/smartbot_description) by extensions ['ignore', 'ignore_ament_install']
[0.177s] Level 1:colcon.colcon_core.package_identification:_identify(src/smartbot_description) by extension 'ignore'
[0.177s] Level 1:colcon.colcon_core.package_identification:_identify(src/smartbot_description) by extension 'ignore_ament_install'
[0.177s] Level 1:colcon.colcon_core.package_identification:_identify(src/smartbot_description) by extensions ['colcon_pkg']
[0.177s] Level 1:colcon.colcon_core.package_identification:_identify(src/smartbot_description) by extension 'colcon_pkg'
[0.177s] Level 1:colcon.colcon_core.package_identification:_identify(src/smartbot_description) by extensions ['colcon_meta']
[0.177s] Level 1:colcon.colcon_core.package_identification:_identify(src/smartbot_description) by extension 'colcon_meta'
[0.177s] Level 1:colcon.colcon_core.package_identification:_identify(src/smartbot_description) by extensions ['ros']
[0.177s] Level 1:colcon.colcon_core.package_identification:_identify(src/smartbot_description) by extension 'ros'
[0.177s] DEBUG:colcon.colcon_core.package_identification:Package 'src/smartbot_description' with type 'ros.ament_cmake' and name 'smartbot_description'
[0.177s] Level 1:colcon.colcon_core.package_identification:_identify(src/smartbot_py_examples) by extensions ['ignore', 'ignore_ament_install']
[0.177s] Level 1:colcon.colcon_core.package_identification:_identify(src/smartbot_py_examples) by extension 'ignore'
[0.177s] Level 1:colcon.colcon_core.package_identification:_identify(src/smartbot_py_examples) by extension 'ignore_ament_install'
[0.177s] Level 1:colcon.colcon_core.package_identification:_identify(src/smartbot_py_examples) by extensions ['colcon_pkg']
[0.177s] Level 1:colcon.colcon_core.package_identification:_identify(src/smartbot_py_examples) by extension 'colcon_pkg'
[0.177s] Level 1:colcon.colcon_core.package_identification:_identify(src/smartbot_py_examples) by extensions ['colcon_meta']
[0.177s] Level 1:colcon.colcon_core.package_identification:_identify(src/smartbot_py_examples) by extension 'colcon_meta'
[0.177s] Level 1:colcon.colcon_core.package_identification:_identify(src/smartbot_py_examples) by extensions ['ros']
[0.177s] Level 1:colcon.colcon_core.package_identification:_identify(src/smartbot_py_examples) by extension 'ros'
[0.178s] DEBUG:colcon.colcon_core.package_identification:Package 'src/smartbot_py_examples' with type 'ros.ament_python' and name 'smartbot_py_examples'
[0.178s] Level 1:colcon.colcon_core.package_discovery:discover_packages(recursive) using defaults
[0.178s] Level 1:colcon.colcon_core.package_discovery:discover_packages(ignore) discover
[0.178s] Level 1:colcon.colcon_core.package_discovery:discover_packages(ignore) using defaults
[0.178s] Level 1:colcon.colcon_core.package_discovery:discover_packages(path) discover
[0.178s] Level 1:colcon.colcon_core.package_discovery:discover_packages(path) using defaults
[0.189s] Level 1:colcon.colcon_core.package_discovery:discover_packages(prefix_path) check parameters
[0.189s] Level 1:colcon.colcon_core.package_discovery:discover_packages(prefix_path) discover
[0.190s] DEBUG:colcon.colcon_installed_package_information.package_discovery:Found 328 installed packages in /opt/ros/humble
[0.199s] Level 1:colcon.colcon_core.package_discovery:discover_packages(prefix_path) using defaults
[0.220s] Level 5:colcon.colcon_core.verb:set package 'smartbot_cpp_examples' build argument 'cmake_args' from command line to 'None'
[0.220s] Level 5:colcon.colcon_core.verb:set package 'smartbot_cpp_examples' build argument 'cmake_target' from command line to 'None'
[0.220s] Level 5:colcon.colcon_core.verb:set package 'smartbot_cpp_examples' build argument 'cmake_target_skip_unavailable' from command line to 'False'
[0.220s] Level 5:colcon.colcon_core.verb:set package 'smartbot_cpp_examples' build argument 'cmake_clean_cache' from command line to 'False'
[0.220s] Level 5:colcon.colcon_core.verb:set package 'smartbot_cpp_examples' build argument 'cmake_clean_first' from command line to 'False'
[0.220s] Level 5:colcon.colcon_core.verb:set package 'smartbot_cpp_examples' build argument 'cmake_force_configure' from command line to 'False'
[0.220s] Level 5:colcon.colcon_core.verb:set package 'smartbot_cpp_examples' build argument 'ament_cmake_args' from command line to 'None'
[0.220s] Level 5:colcon.colcon_core.verb:set package 'smartbot_cpp_examples' build argument 'catkin_cmake_args' from command line to 'None'
[0.220s] Level 5:colcon.colcon_core.verb:set package 'smartbot_cpp_examples' build argument 'catkin_skip_building_tests' from command line to 'False'
[0.220s] DEBUG:colcon.colcon_core.verb:Building package 'smartbot_cpp_examples' with the following arguments: {'ament_cmake_args': None, 'build_base': '/home/nnimpit/smartbot_ws/smartbot/build/smartbot_cpp_examples', 'catkin_cmake_args': None, 'catkin_skip_building_tests': False, 'cmake_args': None, 'cmake_clean_cache': False, 'cmake_clean_first': False, 'cmake_force_configure': False, 'cmake_target': None, 'cmake_target_skip_unavailable': False, 'install_base': '/home/nnimpit/smartbot_ws/smartbot/install/smartbot_cpp_examples', 'merge_install': False, 'path': '/home/nnimpit/smartbot_ws/smartbot/src/smartbot_cpp_examples', 'symlink_install': False, 'test_result_base': None}
[0.220s] Level 5:colcon.colcon_core.verb:set package 'smartbot_description' build argument 'cmake_args' from command line to 'None'
[0.220s] Level 5:colcon.colcon_core.verb:set package 'smartbot_description' build argument 'cmake_target' from command line to 'None'
[0.220s] Level 5:colcon.colcon_core.verb:set package 'smartbot_description' build argument 'cmake_target_skip_unavailable' from command line to 'False'
[0.220s] Level 5:colcon.colcon_core.verb:set package 'smartbot_description' build argument 'cmake_clean_cache' from command line to 'False'
[0.220s] Level 5:colcon.colcon_core.verb:set package 'smartbot_description' build argument 'cmake_clean_first' from command line to 'False'
[0.220s] Level 5:colcon.colcon_core.verb:set package 'smartbot_description' build argument 'cmake_force_configure' from command line to 'False'
[0.220s] Level 5:colcon.colcon_core.verb:set package 'smartbot_description' build argument 'ament_cmake_args' from command line to 'None'
[0.220s] Level 5:colcon.colcon_core.verb:set package 'smartbot_description' build argument 'catkin_cmake_args' from command line to 'None'
[0.220s] Level 5:colcon.colcon_core.verb:set package 'smartbot_description' build argument 'catkin_skip_building_tests' from command line to 'False'
[0.220s] DEBUG:colcon.colcon_core.verb:Building package 'smartbot_description' with the following arguments: {'ament_cmake_args': None, 'build_base': '/home/nnimpit/smartbot_ws/smartbot/build/smartbot_description', 'catkin_cmake_args': None, 'catkin_skip_building_tests': False, 'cmake_args': None, 'cmake_clean_cache': False, 'cmake_clean_first': False, 'cmake_force_configure': False, 'cmake_target': None, 'cmake_target_skip_unavailable': False, 'install_base': '/home/nnimpit/smartbot_ws/smartbot/install/smartbot_description', 'merge_install': False, 'path': '/home/nnimpit/smartbot_ws/smartbot/src/smartbot_description', 'symlink_install': False, 'test_result_base': None}
[0.221s] Level 5:colcon.colcon_core.verb:set package 'smartbot_py_examples' build argument 'cmake_args' from command line to 'None'
[0.221s] Level 5:colcon.colcon_core.verb:set package 'smartbot_py_examples' build argument 'cmake_target' from command line to 'None'
[0.221s] Level 5:colcon.colcon_core.verb:set package 'smartbot_py_examples' build argument 'cmake_target_skip_unavailable' from command line to 'False'
[0.221s] Level 5:colcon.colcon_core.verb:set package 'smartbot_py_examples' build argument 'cmake_clean_cache' from command line to 'False'
[0.221s] Level 5:colcon.colcon_core.verb:set package 'smartbot_py_examples' build argument 'cmake_clean_first' from command line to 'False'
[0.221s] Level 5:colcon.colcon_core.verb:set package 'smartbot_py_examples' build argument 'cmake_force_configure' from command line to 'False'
[0.221s] Level 5:colcon.colcon_core.verb:set package 'smartbot_py_examples' build argument 'ament_cmake_args' from command line to 'None'
[0.221s] Level 5:colcon.colcon_core.verb:set package 'smartbot_py_examples' build argument 'catkin_cmake_args' from command line to 'None'
[0.221s] Level 5:colcon.colcon_core.verb:set package 'smartbot_py_examples' build argument 'catkin_skip_building_tests' from command line to 'False'
[0.221s] DEBUG:colcon.colcon_core.verb:Building package 'smartbot_py_examples' with the following arguments: {'ament_cmake_args': None, 'build_base': '/home/nnimpit/smartbot_ws/smartbot/build/smartbot_py_examples', 'catkin_cmake_args': None, 'catkin_skip_building_tests': False, 'cmake_args': None, 'cmake_clean_cache': False, 'cmake_clean_first': False, 'cmake_force_configure': False, 'cmake_target': None, 'cmake_target_skip_unavailable': False, 'install_base': '/home/nnimpit/smartbot_ws/smartbot/install/smartbot_py_examples', 'merge_install': False, 'path': '/home/nnimpit/smartbot_ws/smartbot/src/smartbot_py_examples', 'symlink_install': False, 'test_result_base': None}
[0.221s] INFO:colcon.colcon_core.executor:Executing jobs using 'parallel' executor
[0.221s] DEBUG:colcon.colcon_parallel_executor.executor.parallel:run_until_complete
[0.222s] INFO:colcon.colcon_ros.task.ament_cmake.build:Building ROS package in '/home/nnimpit/smartbot_ws/smartbot/src/smartbot_cpp_examples' with build type 'ament_cmake'
[0.222s] INFO:colcon.colcon_cmake.task.cmake.build:Building CMake package in '/home/nnimpit/smartbot_ws/smartbot/src/smartbot_cpp_examples'
[0.223s] INFO:colcon.colcon_core.plugin_system:Skipping extension 'colcon_core.shell.bat': Not used on non-Windows systems
[0.223s] INFO:colcon.colcon_core.shell:Skip shell extension 'powershell' for command environment: Not usable outside of PowerShell
[0.223s] DEBUG:colcon.colcon_core.shell:Skip shell extension 'dsv' for command environment
[0.225s] INFO:colcon.colcon_ros.task.ament_cmake.build:Building ROS package in '/home/nnimpit/smartbot_ws/smartbot/src/smartbot_description' with build type 'ament_cmake'
[0.225s] INFO:colcon.colcon_cmake.task.cmake.build:Building CMake package in '/home/nnimpit/smartbot_ws/smartbot/src/smartbot_description'
[0.225s] INFO:colcon.colcon_core.shell:Skip shell extension 'powershell' for command environment: Not usable outside of PowerShell
[0.225s] DEBUG:colcon.colcon_core.shell:Skip shell extension 'dsv' for command environment
[0.227s] INFO:colcon.colcon_ros.task.ament_python.build:Building ROS package in '/home/nnimpit/smartbot_ws/smartbot/src/smartbot_py_examples' with build type 'ament_python'
[0.227s] Level 1:colcon.colcon_core.shell:create_environment_hook('smartbot_py_examples', 'ament_prefix_path')
[0.227s] INFO:colcon.colcon_core.shell:Creating environment hook '/home/nnimpit/smartbot_ws/smartbot/install/smartbot_py_examples/share/smartbot_py_examples/hook/ament_prefix_path.ps1'
[0.227s] INFO:colcon.colcon_core.shell:Creating environment descriptor '/home/nnimpit/smartbot_ws/smartbot/install/smartbot_py_examples/share/smartbot_py_examples/hook/ament_prefix_path.dsv'
[0.228s] INFO:colcon.colcon_core.shell:Creating environment hook '/home/nnimpit/smartbot_ws/smartbot/install/smartbot_py_examples/share/smartbot_py_examples/hook/ament_prefix_path.sh'
[0.228s] INFO:colcon.colcon_core.shell:Skip shell extension 'powershell' for command environment: Not usable outside of PowerShell
[0.228s] DEBUG:colcon.colcon_core.shell:Skip shell extension 'dsv' for command environment
[0.233s] DEBUG:colcon.colcon_core.event_handler.log_command:Invoking command in '/home/nnimpit/smartbot_ws/smartbot/build/smartbot_cpp_examples': CMAKE_PREFIX_PATH=/opt/ros/humble CONDA_PROMPT_MODIFIER=(base) /usr/bin/cmake --build /home/nnimpit/smartbot_ws/smartbot/build/smartbot_cpp_examples -- -j12 -l12
[0.235s] DEBUG:colcon.colcon_core.event_handler.log_command:Invoking command in '/home/nnimpit/smartbot_ws/smartbot/build/smartbot_description': CMAKE_PREFIX_PATH=/opt/ros/humble CONDA_PROMPT_MODIFIER=(base) /usr/bin/cmake --build /home/nnimpit/smartbot_ws/smartbot/build/smartbot_description -- -j12 -l12
[0.379s] INFO:colcon.colcon_core.task.python.build:Building Python package in '/home/nnimpit/smartbot_ws/smartbot/src/smartbot_py_examples'
[0.379s] INFO:colcon.colcon_core.shell:Skip shell extension 'powershell' for command environment: Not usable outside of PowerShell
[0.379s] DEBUG:colcon.colcon_core.shell:Skip shell extension 'dsv' for command environment
[0.383s] DEBUG:colcon.colcon_core.event_handler.log_command:Invoked command in '/home/nnimpit/smartbot_ws/smartbot/build/smartbot_description' returned '0': CMAKE_PREFIX_PATH=/opt/ros/humble CONDA_PROMPT_MODIFIER=(base) /usr/bin/cmake --build /home/nnimpit/smartbot_ws/smartbot/build/smartbot_description -- -j12 -l12
[0.385s] DEBUG:colcon.colcon_core.event_handler.log_command:Invoked command in '/home/nnimpit/smartbot_ws/smartbot/build/smartbot_cpp_examples' returned '0': CMAKE_PREFIX_PATH=/opt/ros/humble CONDA_PROMPT_MODIFIER=(base) /usr/bin/cmake --build /home/nnimpit/smartbot_ws/smartbot/build/smartbot_cpp_examples -- -j12 -l12
[0.402s] DEBUG:colcon.colcon_core.event_handler.log_command:Invoking command in '/home/nnimpit/smartbot_ws/smartbot/build/smartbot_description': CMAKE_PREFIX_PATH=/opt/ros/humble CONDA_PROMPT_MODIFIER=(base) /usr/bin/cmake --install /home/nnimpit/smartbot_ws/smartbot/build/smartbot_description
[0.403s] DEBUG:colcon.colcon_core.event_handler.log_command:Invoking command in '/home/nnimpit/smartbot_ws/smartbot/build/smartbot_cpp_examples': CMAKE_PREFIX_PATH=/opt/ros/humble CONDA_PROMPT_MODIFIER=(base) /usr/bin/cmake --install /home/nnimpit/smartbot_ws/smartbot/build/smartbot_cpp_examples
[0.408s] Level 1:colcon.colcon_core.environment:create_environment_scripts_only(smartbot_description)
[0.413s] DEBUG:colcon.colcon_core.event_handler.log_command:Invoked command in '/home/nnimpit/smartbot_ws/smartbot/build/smartbot_description' returned '0': CMAKE_PREFIX_PATH=/opt/ros/humble CONDA_PROMPT_MODIFIER=(base) /usr/bin/cmake --install /home/nnimpit/smartbot_ws/smartbot/build/smartbot_description
[0.416s] Level 1:colcon.colcon_core.environment:checking '/home/nnimpit/smartbot_ws/smartbot/install/smartbot_description' for CMake module files
[0.417s] Level 1:colcon.colcon_core.environment:checking '/home/nnimpit/smartbot_ws/smartbot/install/smartbot_description' for CMake config files
[0.417s] Level 1:colcon.colcon_core.shell:create_environment_hook('smartbot_description', 'cmake_prefix_path')
[0.418s] INFO:colcon.colcon_core.shell:Creating environment hook '/home/nnimpit/smartbot_ws/smartbot/install/smartbot_description/share/smartbot_description/hook/cmake_prefix_path.ps1'
[0.418s] INFO:colcon.colcon_core.shell:Creating environment descriptor '/home/nnimpit/smartbot_ws/smartbot/install/smartbot_description/share/smartbot_description/hook/cmake_prefix_path.dsv'
[0.418s] INFO:colcon.colcon_core.shell:Creating environment hook '/home/nnimpit/smartbot_ws/smartbot/install/smartbot_description/share/smartbot_description/hook/cmake_prefix_path.sh'
[0.419s] Level 1:colcon.colcon_core.environment:checking '/home/nnimpit/smartbot_ws/smartbot/install/smartbot_description/bin'
[0.419s] Level 1:colcon.colcon_core.environment:checking '/home/nnimpit/smartbot_ws/smartbot/install/smartbot_description/lib/pkgconfig/smartbot_description.pc'
[0.420s] Level 1:colcon.colcon_core.environment:checking '/home/nnimpit/smartbot_ws/smartbot/install/smartbot_description/lib/python3.10/site-packages'
[0.420s] Level 1:colcon.colcon_core.environment:checking '/home/nnimpit/smartbot_ws/smartbot/install/smartbot_description/bin'
[0.420s] INFO:colcon.colcon_core.shell:Creating package script '/home/nnimpit/smartbot_ws/smartbot/install/smartbot_description/share/smartbot_description/package.ps1'
[0.421s] INFO:colcon.colcon_core.shell:Creating package descriptor '/home/nnimpit/smartbot_ws/smartbot/install/smartbot_description/share/smartbot_description/package.dsv'
[0.421s] INFO:colcon.colcon_core.shell:Creating package script '/home/nnimpit/smartbot_ws/smartbot/install/smartbot_description/share/smartbot_description/package.sh'
[0.421s] INFO:colcon.colcon_core.shell:Creating package script '/home/nnimpit/smartbot_ws/smartbot/install/smartbot_description/share/smartbot_description/package.bash'
[0.422s] INFO:colcon.colcon_core.shell:Creating package script '/home/nnimpit/smartbot_ws/smartbot/install/smartbot_description/share/smartbot_description/package.zsh'
[0.422s] Level 1:colcon.colcon_core.environment:create_file_with_runtime_dependencies(/home/nnimpit/smartbot_ws/smartbot/install/smartbot_description/share/colcon-core/packages/smartbot_description)
[0.424s] Level 1:colcon.colcon_core.environment:create_environment_scripts_only(smartbot_cpp_examples)
[0.424s] Level 1:colcon.colcon_core.environment:checking '/home/nnimpit/smartbot_ws/smartbot/install/smartbot_cpp_examples' for CMake module files
[0.425s] DEBUG:colcon.colcon_core.event_handler.log_command:Invoked command in '/home/nnimpit/smartbot_ws/smartbot/build/smartbot_cpp_examples' returned '0': CMAKE_PREFIX_PATH=/opt/ros/humble CONDA_PROMPT_MODIFIER=(base) /usr/bin/cmake --install /home/nnimpit/smartbot_ws/smartbot/build/smartbot_cpp_examples
[0.425s] Level 1:colcon.colcon_core.environment:checking '/home/nnimpit/smartbot_ws/smartbot/install/smartbot_cpp_examples' for CMake config files
[0.425s] Level 1:colcon.colcon_core.shell:create_environment_hook('smartbot_cpp_examples', 'cmake_prefix_path')
[0.426s] INFO:colcon.colcon_core.shell:Creating environment hook '/home/nnimpit/smartbot_ws/smartbot/install/smartbot_cpp_examples/share/smartbot_cpp_examples/hook/cmake_prefix_path.ps1'
[0.426s] INFO:colcon.colcon_core.shell:Creating environment descriptor '/home/nnimpit/smartbot_ws/smartbot/install/smartbot_cpp_examples/share/smartbot_cpp_examples/hook/cmake_prefix_path.dsv'
[0.426s] INFO:colcon.colcon_core.shell:Creating environment hook '/home/nnimpit/smartbot_ws/smartbot/install/smartbot_cpp_examples/share/smartbot_cpp_examples/hook/cmake_prefix_path.sh'
[0.427s] Level 1:colcon.colcon_core.environment:checking '/home/nnimpit/smartbot_ws/smartbot/install/smartbot_cpp_examples/bin'
[0.427s] Level 1:colcon.colcon_core.environment:checking '/home/nnimpit/smartbot_ws/smartbot/install/smartbot_cpp_examples/lib/pkgconfig/smartbot_cpp_examples.pc'
[0.427s] Level 1:colcon.colcon_core.environment:checking '/home/nnimpit/smartbot_ws/smartbot/install/smartbot_cpp_examples/lib/python3.10/site-packages'
[0.428s] Level 1:colcon.colcon_core.environment:checking '/home/nnimpit/smartbot_ws/smartbot/install/smartbot_cpp_examples/bin'
[0.428s] INFO:colcon.colcon_core.shell:Creating package script '/home/nnimpit/smartbot_ws/smartbot/install/smartbot_cpp_examples/share/smartbot_cpp_examples/package.ps1'
[0.428s] INFO:colcon.colcon_core.shell:Creating package descriptor '/home/nnimpit/smartbot_ws/smartbot/install/smartbot_cpp_examples/share/smartbot_cpp_examples/package.dsv'
[0.429s] INFO:colcon.colcon_core.shell:Creating package script '/home/nnimpit/smartbot_ws/smartbot/install/smartbot_cpp_examples/share/smartbot_cpp_examples/package.sh'
[0.429s] INFO:colcon.colcon_core.shell:Creating package script '/home/nnimpit/smartbot_ws/smartbot/install/smartbot_cpp_examples/share/smartbot_cpp_examples/package.bash'
[0.429s] INFO:colcon.colcon_core.shell:Creating package script '/home/nnimpit/smartbot_ws/smartbot/install/smartbot_cpp_examples/share/smartbot_cpp_examples/package.zsh'
[0.430s] Level 1:colcon.colcon_core.environment:create_file_with_runtime_dependencies(/home/nnimpit/smartbot_ws/smartbot/install/smartbot_cpp_examples/share/colcon-core/packages/smartbot_cpp_examples)
[0.435s] Level 1:colcon.colcon_core.environment:create_environment_scripts_only(smartbot_description)
[0.435s] Level 1:colcon.colcon_core.environment:checking '/home/nnimpit/smartbot_ws/smartbot/install/smartbot_description' for CMake module files
[0.436s] Level 1:colcon.colcon_core.environment:checking '/home/nnimpit/smartbot_ws/smartbot/install/smartbot_description' for CMake config files
[0.436s] Level 1:colcon.colcon_core.shell:create_environment_hook('smartbot_description', 'cmake_prefix_path')
[0.437s] INFO:colcon.colcon_core.shell:Creating environment hook '/home/nnimpit/smartbot_ws/smartbot/install/smartbot_description/share/smartbot_description/hook/cmake_prefix_path.ps1'
[0.437s] INFO:colcon.colcon_core.shell:Creating environment descriptor '/home/nnimpit/smartbot_ws/smartbot/install/smartbot_description/share/smartbot_description/hook/cmake_prefix_path.dsv'
[0.437s] INFO:colcon.colcon_core.shell:Creating environment hook '/home/nnimpit/smartbot_ws/smartbot/install/smartbot_description/share/smartbot_description/hook/cmake_prefix_path.sh'
[0.438s] Level 1:colcon.colcon_core.environment:checking '/home/nnimpit/smartbot_ws/smartbot/install/smartbot_description/bin'
[0.438s] Level 1:colcon.colcon_core.environment:checking '/home/nnimpit/smartbot_ws/smartbot/install/smartbot_description/lib/pkgconfig/smartbot_description.pc'
[0.438s] Level 1:colcon.colcon_core.environment:checking '/home/nnimpit/smartbot_ws/smartbot/install/smartbot_description/lib/python3.10/site-packages'
[0.439s] Level 1:colcon.colcon_core.environment:checking '/home/nnimpit/smartbot_ws/smartbot/install/smartbot_description/bin'
[0.439s] INFO:colcon.colcon_core.shell:Creating package script '/home/nnimpit/smartbot_ws/smartbot/install/smartbot_description/share/smartbot_description/package.ps1'
[0.440s] INFO:colcon.colcon_core.shell:Creating package descriptor '/home/nnimpit/smartbot_ws/smartbot/install/smartbot_description/share/smartbot_description/package.dsv'
[0.440s] INFO:colcon.colcon_core.shell:Creating package script '/home/nnimpit/smartbot_ws/smartbot/install/smartbot_description/share/smartbot_description/package.sh'
[0.441s] INFO:colcon.colcon_core.shell:Creating package script '/home/nnimpit/smartbot_ws/smartbot/install/smartbot_description/share/smartbot_description/package.bash'
[0.441s] INFO:colcon.colcon_core.shell:Creating package script '/home/nnimpit/smartbot_ws/smartbot/install/smartbot_description/share/smartbot_description/package.zsh'
[0.441s] Level 1:colcon.colcon_core.environment:create_file_with_runtime_dependencies(/home/nnimpit/smartbot_ws/smartbot/install/smartbot_description/share/colcon-core/packages/smartbot_description)
[0.443s] Level 1:colcon.colcon_core.environment:create_environment_scripts_only(smartbot_cpp_examples)
[0.443s] Level 1:colcon.colcon_core.environment:checking '/home/nnimpit/smartbot_ws/smartbot/install/smartbot_cpp_examples' for CMake module files
[0.444s] Level 1:colcon.colcon_core.environment:checking '/home/nnimpit/smartbot_ws/smartbot/install/smartbot_cpp_examples' for CMake config files
[0.444s] Level 1:colcon.colcon_core.shell:create_environment_hook('smartbot_cpp_examples', 'cmake_prefix_path')
[0.444s] INFO:colcon.colcon_core.shell:Creating environment hook '/home/nnimpit/smartbot_ws/smartbot/install/smartbot_cpp_examples/share/smartbot_cpp_examples/hook/cmake_prefix_path.ps1'
[0.445s] INFO:colcon.colcon_core.shell:Creating environment descriptor '/home/nnimpit/smartbot_ws/smartbot/install/smartbot_cpp_examples/share/smartbot_cpp_examples/hook/cmake_prefix_path.dsv'
[0.445s] INFO:colcon.colcon_core.shell:Creating environment hook '/home/nnimpit/smartbot_ws/smartbot/install/smartbot_cpp_examples/share/smartbot_cpp_examples/hook/cmake_prefix_path.sh'
[0.445s] Level 1:colcon.colcon_core.environment:checking '/home/nnimpit/smartbot_ws/smartbot/install/smartbot_cpp_examples/bin'
[0.446s] Level 1:colcon.colcon_core.environment:checking '/home/nnimpit/smartbot_ws/smartbot/install/smartbot_cpp_examples/lib/pkgconfig/smartbot_cpp_examples.pc'
[0.446s] Level 1:colcon.colcon_core.environment:checking '/home/nnimpit/smartbot_ws/smartbot/install/smartbot_cpp_examples/lib/python3.10/site-packages'
[0.446s] Level 1:colcon.colcon_core.environment:checking '/home/nnimpit/smartbot_ws/smartbot/install/smartbot_cpp_examples/bin'
[0.446s] INFO:colcon.colcon_core.shell:Creating package script '/home/nnimpit/smartbot_ws/smartbot/install/smartbot_cpp_examples/share/smartbot_cpp_examples/package.ps1'
[0.447s] INFO:colcon.colcon_core.shell:Creating package descriptor '/home/nnimpit/smartbot_ws/smartbot/install/smartbot_cpp_examples/share/smartbot_cpp_examples/package.dsv'
[0.447s] INFO:colcon.colcon_core.shell:Creating package script '/home/nnimpit/smartbot_ws/smartbot/install/smartbot_cpp_examples/share/smartbot_cpp_examples/package.sh'
[0.448s] INFO:colcon.colcon_core.shell:Creating package script '/home/nnimpit/smartbot_ws/smartbot/install/smartbot_cpp_examples/share/smartbot_cpp_examples/package.bash'
[0.448s] INFO:colcon.colcon_core.shell:Creating package script '/home/nnimpit/smartbot_ws/smartbot/install/smartbot_cpp_examples/share/smartbot_cpp_examples/package.zsh'
[0.449s] Level 1:colcon.colcon_core.environment:create_file_with_runtime_dependencies(/home/nnimpit/smartbot_ws/smartbot/install/smartbot_cpp_examples/share/colcon-core/packages/smartbot_cpp_examples)
[0.598s] DEBUG:colcon.colcon_core.event_handler.log_command:Invoking command in '/home/nnimpit/smartbot_ws/smartbot/src/smartbot_py_examples': CONDA_PROMPT_MODIFIER=(base) PYTHONPATH=/home/nnimpit/smartbot_ws/smartbot/build/smartbot_py_examples/prefix_override:/usr/lib/python3/dist-packages/colcon_core/task/python/colcon_distutils_commands:/home/nnimpit/smartbot_ws/smartbot/install/smartbot_py_examples/lib/python3.10/site-packages:${PYTHONPATH} /usr/bin/python3 -W ignore:setup.py install is deprecated setup.py egg_info --egg-base ../../build/smartbot_py_examples build --build-base /home/nnimpit/smartbot_ws/smartbot/build/smartbot_py_examples/build install --record /home/nnimpit/smartbot_ws/smartbot/build/smartbot_py_examples/install.log --single-version-externally-managed install_data
[0.778s] Level 1:colcon.colcon_core.environment:checking '/home/nnimpit/smartbot_ws/smartbot/install/smartbot_py_examples' for CMake module files
[0.778s] DEBUG:colcon.colcon_core.event_handler.log_command:Invoked command in '/home/nnimpit/smartbot_ws/smartbot/src/smartbot_py_examples' returned '0': CONDA_PROMPT_MODIFIER=(base) PYTHONPATH=/home/nnimpit/smartbot_ws/smartbot/build/smartbot_py_examples/prefix_override:/usr/lib/python3/dist-packages/colcon_core/task/python/colcon_distutils_commands:/home/nnimpit/smartbot_ws/smartbot/install/smartbot_py_examples/lib/python3.10/site-packages:${PYTHONPATH} /usr/bin/python3 -W ignore:setup.py install is deprecated setup.py egg_info --egg-base ../../build/smartbot_py_examples build --build-base /home/nnimpit/smartbot_ws/smartbot/build/smartbot_py_examples/build install --record /home/nnimpit/smartbot_ws/smartbot/build/smartbot_py_examples/install.log --single-version-externally-managed install_data
[0.779s] Level 1:colcon.colcon_core.environment:checking '/home/nnimpit/smartbot_ws/smartbot/install/smartbot_py_examples' for CMake config files
[0.779s] Level 1:colcon.colcon_core.environment:checking '/home/nnimpit/smartbot_ws/smartbot/install/smartbot_py_examples/lib'
[0.780s] Level 1:colcon.colcon_core.environment:checking '/home/nnimpit/smartbot_ws/smartbot/install/smartbot_py_examples/bin'
[0.780s] Level 1:colcon.colcon_core.environment:checking '/home/nnimpit/smartbot_ws/smartbot/install/smartbot_py_examples/lib/pkgconfig/smartbot_py_examples.pc'
[0.780s] Level 1:colcon.colcon_core.environment:checking '/home/nnimpit/smartbot_ws/smartbot/install/smartbot_py_examples/lib/python3.10/site-packages'
[0.780s] Level 1:colcon.colcon_core.shell:create_environment_hook('smartbot_py_examples', 'pythonpath')
[0.780s] INFO:colcon.colcon_core.shell:Creating environment hook '/home/nnimpit/smartbot_ws/smartbot/install/smartbot_py_examples/share/smartbot_py_examples/hook/pythonpath.ps1'
[0.781s] INFO:colcon.colcon_core.shell:Creating environment descriptor '/home/nnimpit/smartbot_ws/smartbot/install/smartbot_py_examples/share/smartbot_py_examples/hook/pythonpath.dsv'
[0.781s] INFO:colcon.colcon_core.shell:Creating environment hook '/home/nnimpit/smartbot_ws/smartbot/install/smartbot_py_examples/share/smartbot_py_examples/hook/pythonpath.sh'
[0.782s] Level 1:colcon.colcon_core.environment:checking '/home/nnimpit/smartbot_ws/smartbot/install/smartbot_py_examples/bin'
[0.782s] Level 1:colcon.colcon_core.environment:create_environment_scripts_only(smartbot_py_examples)
[0.782s] INFO:colcon.colcon_core.shell:Creating package script '/home/nnimpit/smartbot_ws/smartbot/install/smartbot_py_examples/share/smartbot_py_examples/package.ps1'
[0.783s] INFO:colcon.colcon_core.shell:Creating package descriptor '/home/nnimpit/smartbot_ws/smartbot/install/smartbot_py_examples/share/smartbot_py_examples/package.dsv'
[0.783s] INFO:colcon.colcon_core.shell:Creating package script '/home/nnimpit/smartbot_ws/smartbot/install/smartbot_py_examples/share/smartbot_py_examples/package.sh'
[0.783s] INFO:colcon.colcon_core.shell:Creating package script '/home/nnimpit/smartbot_ws/smartbot/install/smartbot_py_examples/share/smartbot_py_examples/package.bash'
[0.784s] INFO:colcon.colcon_core.shell:Creating package script '/home/nnimpit/smartbot_ws/smartbot/install/smartbot_py_examples/share/smartbot_py_examples/package.zsh'
[0.784s] Level 1:colcon.colcon_core.environment:create_file_with_runtime_dependencies(/home/nnimpit/smartbot_ws/smartbot/install/smartbot_py_examples/share/colcon-core/packages/smartbot_py_examples)
[0.784s] DEBUG:colcon.colcon_parallel_executor.executor.parallel:closing loop
[0.785s] DEBUG:colcon.colcon_parallel_executor.executor.parallel:loop closed
[0.785s] DEBUG:colcon.colcon_parallel_executor.executor.parallel:run_until_complete finished with '0'
[0.785s] DEBUG:colcon.colcon_core.event_reactor:joining thread
[0.790s] INFO:colcon.colcon_core.plugin_system:Skipping extension 'colcon_notification.desktop_notification.terminal_notifier': Not used on non-Darwin systems
[0.791s] INFO:colcon.colcon_core.plugin_system:Skipping extension 'colcon_notification.desktop_notification.win32': Not used on non-Windows systems
[0.791s] INFO:colcon.colcon_notification.desktop_notification:Sending desktop notification using 'notify2'
[0.803s] DEBUG:colcon.colcon_core.event_reactor:joined thread
[0.803s] INFO:colcon.colcon_core.shell:Creating prefix script '/home/nnimpit/smartbot_ws/smartbot/install/local_setup.ps1'
[0.804s] INFO:colcon.colcon_core.shell:Creating prefix util module '/home/nnimpit/smartbot_ws/smartbot/install/_local_setup_util_ps1.py'
[0.806s] INFO:colcon.colcon_core.shell:Creating prefix chain script '/home/nnimpit/smartbot_ws/smartbot/install/setup.ps1'
[0.806s] INFO:colcon.colcon_core.shell:Creating prefix script '/home/nnimpit/smartbot_ws/smartbot/install/local_setup.sh'
[0.807s] INFO:colcon.colcon_core.shell:Creating prefix util module '/home/nnimpit/smartbot_ws/smartbot/install/_local_setup_util_sh.py'
[0.807s] INFO:colcon.colcon_core.shell:Creating prefix chain script '/home/nnimpit/smartbot_ws/smartbot/install/setup.sh'
[0.808s] INFO:colcon.colcon_core.shell:Creating prefix script '/home/nnimpit/smartbot_ws/smartbot/install/local_setup.bash'
[0.808s] INFO:colcon.colcon_core.shell:Creating prefix chain script '/home/nnimpit/smartbot_ws/smartbot/install/setup.bash'
[0.809s] INFO:colcon.colcon_core.shell:Creating prefix script '/home/nnimpit/smartbot_ws/smartbot/install/local_setup.zsh'
[0.809s] INFO:colcon.colcon_core.shell:Creating prefix chain script '/home/nnimpit/smartbot_ws/smartbot/install/setup.zsh'
