[0.013s] Invoking command in '/home/nnimpit/smartbot_ws/smartbot/build/smartbot_description': CMAKE_PREFIX_PATH=${CMAKE_PREFIX_PATH}:/home/nnimpit/smartbot_ws/smartbot/install/smartbot_py_examples:/home/nnimpit/install/bumperbot_py_examples:/opt/ros/humble CONDA_PROMPT_MODIFIER=(base) /usr/bin/cmake --build /home/nnimpit/smartbot_ws/smartbot/build/smartbot_description -- -j12 -l12
[0.163s] Invoked command in '/home/nnimpit/smartbot_ws/smartbot/build/smartbot_description' returned '0': CMAKE_PREFIX_PATH=${CMAKE_PREFIX_PATH}:/home/nnimpit/smartbot_ws/smartbot/install/smartbot_py_examples:/home/nnimpit/install/bumperbot_py_examples:/opt/ros/humble CONDA_PROMPT_MODIFIER=(base) /usr/bin/cmake --build /home/nnimpit/smartbot_ws/smartbot/build/smartbot_description -- -j12 -l12
[0.184s] Invoking command in '/home/nnimpit/smartbot_ws/smartbot/build/smartbot_description': CMAKE_PREFIX_PATH=${CMAKE_PREFIX_PATH}:/home/nnimpit/smartbot_ws/smartbot/install/smartbot_py_examples:/home/nnimpit/install/bumperbot_py_examples:/opt/ros/humble CONDA_PROMPT_MODIFIER=(base) /usr/bin/cmake --install /home/nnimpit/smartbot_ws/smartbot/build/smartbot_description
[0.188s] -- Install configuration: ""
[0.188s] -- Up-to-date: /home/nnimpit/smartbot_ws/smartbot/install/smartbot_description/share/$(PROJECT_NAME)/meshes
[0.189s] -- Up-to-date: /home/nnimpit/smartbot_ws/smartbot/install/smartbot_description/share/$(PROJECT_NAME)/meshes/wheel_left_link.STL
[0.189s] -- Up-to-date: /home/nnimpit/smartbot_ws/smartbot/install/smartbot_description/share/$(PROJECT_NAME)/meshes/caster_rear_link.STL
[0.189s] -- Up-to-date: /home/nnimpit/smartbot_ws/smartbot/install/smartbot_description/share/$(PROJECT_NAME)/meshes/wheel_right_link.STL
[0.189s] -- Up-to-date: /home/nnimpit/smartbot_ws/smartbot/install/smartbot_description/share/$(PROJECT_NAME)/meshes/caster_front_link.STL
[0.189s] -- Up-to-date: /home/nnimpit/smartbot_ws/smartbot/install/smartbot_description/share/$(PROJECT_NAME)/meshes/imu_link.STL
[0.189s] -- Up-to-date: /home/nnimpit/smartbot_ws/smartbot/install/smartbot_description/share/$(PROJECT_NAME)/meshes/base_link.STL
[0.189s] -- Up-to-date: /home/nnimpit/smartbot_ws/smartbot/install/smartbot_description/share/$(PROJECT_NAME)/urdf
[0.189s] -- Up-to-date: /home/nnimpit/smartbot_ws/smartbot/install/smartbot_description/share/$(PROJECT_NAME)/urdf/smartbot.urdf.xacro
[0.189s] -- Up-to-date: /home/nnimpit/smartbot_ws/smartbot/install/smartbot_description/share/ament_index/resource_index/package_run_dependencies/smartbot_description
[0.190s] -- Up-to-date: /home/nnimpit/smartbot_ws/smartbot/install/smartbot_description/share/ament_index/resource_index/parent_prefix_path/smartbot_description
[0.190s] -- Up-to-date: /home/nnimpit/smartbot_ws/smartbot/install/smartbot_description/share/smartbot_description/environment/ament_prefix_path.sh
[0.190s] -- Up-to-date: /home/nnimpit/smartbot_ws/smartbot/install/smartbot_description/share/smartbot_description/environment/ament_prefix_path.dsv
[0.190s] -- Up-to-date: /home/nnimpit/smartbot_ws/smartbot/install/smartbot_description/share/smartbot_description/environment/path.sh
[0.190s] -- Up-to-date: /home/nnimpit/smartbot_ws/smartbot/install/smartbot_description/share/smartbot_description/environment/path.dsv
[0.190s] -- Up-to-date: /home/nnimpit/smartbot_ws/smartbot/install/smartbot_description/share/smartbot_description/local_setup.bash
[0.190s] -- Up-to-date: /home/nnimpit/smartbot_ws/smartbot/install/smartbot_description/share/smartbot_description/local_setup.sh
[0.190s] -- Up-to-date: /home/nnimpit/smartbot_ws/smartbot/install/smartbot_description/share/smartbot_description/local_setup.zsh
[0.190s] -- Up-to-date: /home/nnimpit/smartbot_ws/smartbot/install/smartbot_description/share/smartbot_description/local_setup.dsv
[0.190s] -- Up-to-date: /home/nnimpit/smartbot_ws/smartbot/install/smartbot_description/share/smartbot_description/package.dsv
[0.190s] -- Up-to-date: /home/nnimpit/smartbot_ws/smartbot/install/smartbot_description/share/ament_index/resource_index/packages/smartbot_description
[0.190s] -- Up-to-date: /home/nnimpit/smartbot_ws/smartbot/install/smartbot_description/share/smartbot_description/cmake/smartbot_descriptionConfig.cmake
[0.190s] -- Up-to-date: /home/nnimpit/smartbot_ws/smartbot/install/smartbot_description/share/smartbot_description/cmake/smartbot_descriptionConfig-version.cmake
[0.190s] -- Up-to-date: /home/nnimpit/smartbot_ws/smartbot/install/smartbot_description/share/smartbot_description/package.xml
[0.202s] Invoked command in '/home/nnimpit/smartbot_ws/smartbot/build/smartbot_description' returned '0': CMAKE_PREFIX_PATH=${CMAKE_PREFIX_PATH}:/home/nnimpit/smartbot_ws/smartbot/install/smartbot_py_examples:/home/nnimpit/install/bumperbot_py_examples:/opt/ros/humble CONDA_PROMPT_MODIFIER=(base) /usr/bin/cmake --install /home/nnimpit/smartbot_ws/smartbot/build/smartbot_description
