-- Found ament_cmake: 1.3.10 (/opt/ros/humble/share/ament_cmake/cmake)
-- Found rclpy: 3.3.14 (/opt/ros/humble/share/rclpy/cmake)
-- Found std_msgs: 4.2.4 (/opt/ros/humble/share/std_msgs/cmake)
-- Found rosidl_generator_c: 3.1.5 (/opt/ros/humble/share/rosidl_generator_c/cmake)
-- Found rosidl_adapter: 3.1.5 (/opt/ros/humble/share/rosidl_adapter/cmake)
-- Found rosidl_generator_cpp: 3.1.5 (/opt/ros/humble/share/rosidl_generator_cpp/cmake)
-- Using all available rosidl_typesupport_c: rosidl_typesupport_fastrtps_c;rosidl_typesupport_introspection_c
-- Using all available rosidl_typesupport_cpp: rosidl_typesupport_fastrtps_cpp;rosidl_typesupport_introspection_cpp
-- Found geometry_msgs: 4.2.4 (/opt/ros/humble/share/geometry_msgs/cmake)
-- Found ament_lint_auto: 0.12.11 (/opt/ros/humble/share/ament_lint_auto/cmake)
-- Added test 'flake8' to check Python code syntax and style conventions
-- Added test 'lint_cmake' to check CMake code style
-- Added test 'pep257' to check Python code against some of the docstring style conventions in PEP 257
-- Added test 'xmllint' to check XML markup files
-- Configuring done
-- Generating done
-- Build files have been written to: /home/nnimpit/smartbot_ws/smartbot/build/smartbot_controller
Built target ament_cmake_python_copy_smartbot_controller
running egg_info
creating smartbot_controller.egg-info
writing smartbot_controller.egg-info/PKG-INFO
writing dependency_links to smartbot_controller.egg-info/dependency_links.txt
writing top-level names to smartbot_controller.egg-info/top_level.txt
writing manifest file 'smartbot_controller.egg-info/SOURCES.txt'
reading manifest file 'smartbot_controller.egg-info/SOURCES.txt'
writing manifest file 'smartbot_controller.egg-info/SOURCES.txt'
Built target ament_cmake_python_build_smartbot_controller_egg
-- Install configuration: ""
-- Installing: /home/nnimpit/smartbot_ws/smartbot/install/smartbot_controller/share/smartbot_controller/environment/pythonpath.sh
-- Installing: /home/nnimpit/smartbot_ws/smartbot/install/smartbot_controller/share/smartbot_controller/environment/pythonpath.dsv
-- Installing: /home/nnimpit/smartbot_ws/smartbot/install/smartbot_controller/lib/python3.12/site-packages/smartbot_controller-0.0.0-py3.12.egg-info
-- Installing: /home/nnimpit/smartbot_ws/smartbot/install/smartbot_controller/lib/python3.12/site-packages/smartbot_controller-0.0.0-py3.12.egg-info/SOURCES.txt
-- Installing: /home/nnimpit/smartbot_ws/smartbot/install/smartbot_controller/lib/python3.12/site-packages/smartbot_controller-0.0.0-py3.12.egg-info/PKG-INFO
-- Installing: /home/nnimpit/smartbot_ws/smartbot/install/smartbot_controller/lib/python3.12/site-packages/smartbot_controller-0.0.0-py3.12.egg-info/dependency_links.txt
-- Installing: /home/nnimpit/smartbot_ws/smartbot/install/smartbot_controller/lib/python3.12/site-packages/smartbot_controller-0.0.0-py3.12.egg-info/top_level.txt
-- Installing: /home/nnimpit/smartbot_ws/smartbot/install/smartbot_controller/lib/python3.12/site-packages/smartbot_controller
-- Installing: /home/nnimpit/smartbot_ws/smartbot/install/smartbot_controller/lib/python3.12/site-packages/smartbot_controller/simple_controller.py
-- Installing: /home/nnimpit/smartbot_ws/smartbot/install/smartbot_controller/lib/python3.12/site-packages/smartbot_controller/__init__.py
Listing '/home/nnimpit/smartbot_ws/smartbot/install/smartbot_controller/lib/python3.12/site-packages/smartbot_controller'...
Compiling '/home/nnimpit/smartbot_ws/smartbot/install/smartbot_controller/lib/python3.12/site-packages/smartbot_controller/__init__.py'...
Compiling '/home/nnimpit/smartbot_ws/smartbot/install/smartbot_controller/lib/python3.12/site-packages/smartbot_controller/simple_controller.py'...
-- Up-to-date: /home/nnimpit/smartbot_ws/smartbot/install/smartbot_controller/share/smartbot_controller/config
-- Up-to-date: /home/nnimpit/smartbot_ws/smartbot/install/smartbot_controller/share/smartbot_controller/config/smartbot_controllers.yaml
-- Up-to-date: /home/nnimpit/smartbot_ws/smartbot/install/smartbot_controller/share/smartbot_controller/launch
-- Up-to-date: /home/nnimpit/smartbot_ws/smartbot/install/smartbot_controller/share/smartbot_controller/launch/controller.launch.py
-- Installing: /home/nnimpit/smartbot_ws/smartbot/install/smartbot_controller/lib/smartbot_controller/simple_controller.py
-- Installing: /home/nnimpit/smartbot_ws/smartbot/install/smartbot_controller/share/ament_index/resource_index/package_run_dependencies/smartbot_controller
-- Up-to-date: /home/nnimpit/smartbot_ws/smartbot/install/smartbot_controller/share/ament_index/resource_index/parent_prefix_path/smartbot_controller
-- Up-to-date: /home/nnimpit/smartbot_ws/smartbot/install/smartbot_controller/share/smartbot_controller/environment/ament_prefix_path.sh
-- Installing: /home/nnimpit/smartbot_ws/smartbot/install/smartbot_controller/share/smartbot_controller/environment/ament_prefix_path.dsv
-- Up-to-date: /home/nnimpit/smartbot_ws/smartbot/install/smartbot_controller/share/smartbot_controller/environment/path.sh
-- Installing: /home/nnimpit/smartbot_ws/smartbot/install/smartbot_controller/share/smartbot_controller/environment/path.dsv
-- Up-to-date: /home/nnimpit/smartbot_ws/smartbot/install/smartbot_controller/share/smartbot_controller/local_setup.bash
-- Installing: /home/nnimpit/smartbot_ws/smartbot/install/smartbot_controller/share/smartbot_controller/local_setup.sh
-- Up-to-date: /home/nnimpit/smartbot_ws/smartbot/install/smartbot_controller/share/smartbot_controller/local_setup.zsh
-- Installing: /home/nnimpit/smartbot_ws/smartbot/install/smartbot_controller/share/smartbot_controller/local_setup.dsv
-- Installing: /home/nnimpit/smartbot_ws/smartbot/install/smartbot_controller/share/smartbot_controller/package.dsv
-- Up-to-date: /home/nnimpit/smartbot_ws/smartbot/install/smartbot_controller/share/ament_index/resource_index/packages/smartbot_controller
-- Up-to-date: /home/nnimpit/smartbot_ws/smartbot/install/smartbot_controller/share/smartbot_controller/cmake/smartbot_controllerConfig.cmake
-- Up-to-date: /home/nnimpit/smartbot_ws/smartbot/install/smartbot_controller/share/smartbot_controller/cmake/smartbot_controllerConfig-version.cmake
-- Installing: /home/nnimpit/smartbot_ws/smartbot/install/smartbot_controller/share/smartbot_controller/package.xml
