[0.013s] Invoking command in '/home/nnimpit/smartbot_ws/smartbot/build/smartbot_controller': CMAKE_PREFIX_PATH=/opt/ros/humble CONDA_PROMPT_MODIFIER=(base) /usr/bin/cmake --build /home/nnimpit/smartbot_ws/smartbot/build/smartbot_controller -- -j12 -l12
[0.026s] -- Found ament_cmake: 1.3.10 (/opt/ros/humble/share/ament_cmake/cmake)
[0.117s] -- Found rclpy: 3.3.14 (/opt/ros/humble/share/rclpy/cmake)
[0.118s] -- Found std_msgs: 4.2.4 (/opt/ros/humble/share/std_msgs/cmake)
[0.150s] -- Found rosidl_generator_c: 3.1.5 (/opt/ros/humble/share/rosidl_generator_c/cmake)
[0.154s] -- Found rosidl_adapter: 3.1.5 (/opt/ros/humble/share/rosidl_adapter/cmake)
[0.161s] -- Found rosidl_generator_cpp: 3.1.5 (/opt/ros/humble/share/rosidl_generator_cpp/cmake)
[0.174s] -- Using all available rosidl_typesupport_c: rosidl_typesupport_fastrtps_c;rosidl_typesupport_introspection_c
[0.192s] -- Using all available rosidl_typesupport_cpp: rosidl_typesupport_fastrtps_cpp;rosidl_typesupport_introspection_cpp
[0.221s] -- Found geometry_msgs: 4.2.4 (/opt/ros/humble/share/geometry_msgs/cmake)
[0.311s] -- Found ament_lint_auto: 0.12.11 (/opt/ros/humble/share/ament_lint_auto/cmake)
[0.380s] -- Added test 'flake8' to check Python code syntax and style conventions
[0.380s] -- Added test 'lint_cmake' to check CMake code style
[0.380s] -- Added test 'pep257' to check Python code against some of the docstring style conventions in PEP 257
[0.381s] -- Added test 'xmllint' to check XML markup files
[0.383s] -- Configuring done
[0.387s] -- Generating done
[0.387s] -- Build files have been written to: /home/nnimpit/smartbot_ws/smartbot/build/smartbot_controller
[0.413s] Built target ament_cmake_python_copy_smartbot_controller
[0.607s] running egg_info
[0.607s] creating smartbot_controller.egg-info
[0.622s] writing smartbot_controller.egg-info/PKG-INFO
[0.623s] writing dependency_links to smartbot_controller.egg-info/dependency_links.txt
[0.623s] writing top-level names to smartbot_controller.egg-info/top_level.txt
[0.623s] writing manifest file 'smartbot_controller.egg-info/SOURCES.txt'
[0.665s] reading manifest file 'smartbot_controller.egg-info/SOURCES.txt'
[0.665s] writing manifest file 'smartbot_controller.egg-info/SOURCES.txt'
[0.683s] Built target ament_cmake_python_build_smartbot_controller_egg
[0.690s] Invoked command in '/home/nnimpit/smartbot_ws/smartbot/build/smartbot_controller' returned '0': CMAKE_PREFIX_PATH=/opt/ros/humble CONDA_PROMPT_MODIFIER=(base) /usr/bin/cmake --build /home/nnimpit/smartbot_ws/smartbot/build/smartbot_controller -- -j12 -l12
[0.704s] Invoking command in '/home/nnimpit/smartbot_ws/smartbot/build/smartbot_controller': CMAKE_PREFIX_PATH=/opt/ros/humble CONDA_PROMPT_MODIFIER=(base) /usr/bin/cmake --install /home/nnimpit/smartbot_ws/smartbot/build/smartbot_controller
[0.708s] -- Install configuration: ""
[0.708s] -- Installing: /home/nnimpit/smartbot_ws/smartbot/install/smartbot_controller/share/smartbot_controller/environment/pythonpath.sh
[0.708s] -- Installing: /home/nnimpit/smartbot_ws/smartbot/install/smartbot_controller/share/smartbot_controller/environment/pythonpath.dsv
[0.708s] -- Installing: /home/nnimpit/smartbot_ws/smartbot/install/smartbot_controller/lib/python3.12/site-packages/smartbot_controller-0.0.0-py3.12.egg-info
[0.708s] -- Installing: /home/nnimpit/smartbot_ws/smartbot/install/smartbot_controller/lib/python3.12/site-packages/smartbot_controller-0.0.0-py3.12.egg-info/SOURCES.txt
[0.708s] -- Installing: /home/nnimpit/smartbot_ws/smartbot/install/smartbot_controller/lib/python3.12/site-packages/smartbot_controller-0.0.0-py3.12.egg-info/PKG-INFO
[0.708s] -- Installing: /home/nnimpit/smartbot_ws/smartbot/install/smartbot_controller/lib/python3.12/site-packages/smartbot_controller-0.0.0-py3.12.egg-info/dependency_links.txt
[0.708s] -- Installing: /home/nnimpit/smartbot_ws/smartbot/install/smartbot_controller/lib/python3.12/site-packages/smartbot_controller-0.0.0-py3.12.egg-info/top_level.txt
[0.708s] -- Installing: /home/nnimpit/smartbot_ws/smartbot/install/smartbot_controller/lib/python3.12/site-packages/smartbot_controller
[0.709s] -- Installing: /home/nnimpit/smartbot_ws/smartbot/install/smartbot_controller/lib/python3.12/site-packages/smartbot_controller/simple_controller.py
[0.709s] -- Installing: /home/nnimpit/smartbot_ws/smartbot/install/smartbot_controller/lib/python3.12/site-packages/smartbot_controller/__init__.py
[0.732s] Listing '/home/nnimpit/smartbot_ws/smartbot/install/smartbot_controller/lib/python3.12/site-packages/smartbot_controller'...
[0.732s] Compiling '/home/nnimpit/smartbot_ws/smartbot/install/smartbot_controller/lib/python3.12/site-packages/smartbot_controller/__init__.py'...
[0.732s] Compiling '/home/nnimpit/smartbot_ws/smartbot/install/smartbot_controller/lib/python3.12/site-packages/smartbot_controller/simple_controller.py'...
[0.735s] -- Up-to-date: /home/nnimpit/smartbot_ws/smartbot/install/smartbot_controller/share/smartbot_controller/config
[0.736s] -- Up-to-date: /home/nnimpit/smartbot_ws/smartbot/install/smartbot_controller/share/smartbot_controller/config/smartbot_controllers.yaml
[0.736s] -- Up-to-date: /home/nnimpit/smartbot_ws/smartbot/install/smartbot_controller/share/smartbot_controller/launch
[0.736s] -- Up-to-date: /home/nnimpit/smartbot_ws/smartbot/install/smartbot_controller/share/smartbot_controller/launch/controller.launch.py
[0.736s] -- Installing: /home/nnimpit/smartbot_ws/smartbot/install/smartbot_controller/lib/smartbot_controller/simple_controller.py
[0.736s] -- Installing: /home/nnimpit/smartbot_ws/smartbot/install/smartbot_controller/share/ament_index/resource_index/package_run_dependencies/smartbot_controller
[0.736s] -- Up-to-date: /home/nnimpit/smartbot_ws/smartbot/install/smartbot_controller/share/ament_index/resource_index/parent_prefix_path/smartbot_controller
[0.736s] -- Up-to-date: /home/nnimpit/smartbot_ws/smartbot/install/smartbot_controller/share/smartbot_controller/environment/ament_prefix_path.sh
[0.736s] -- Installing: /home/nnimpit/smartbot_ws/smartbot/install/smartbot_controller/share/smartbot_controller/environment/ament_prefix_path.dsv
[0.736s] -- Up-to-date: /home/nnimpit/smartbot_ws/smartbot/install/smartbot_controller/share/smartbot_controller/environment/path.sh
[0.736s] -- Installing: /home/nnimpit/smartbot_ws/smartbot/install/smartbot_controller/share/smartbot_controller/environment/path.dsv
[0.737s] -- Up-to-date: /home/nnimpit/smartbot_ws/smartbot/install/smartbot_controller/share/smartbot_controller/local_setup.bash
[0.737s] -- Installing: /home/nnimpit/smartbot_ws/smartbot/install/smartbot_controller/share/smartbot_controller/local_setup.sh
[0.737s] -- Up-to-date: /home/nnimpit/smartbot_ws/smartbot/install/smartbot_controller/share/smartbot_controller/local_setup.zsh
[0.737s] -- Installing: /home/nnimpit/smartbot_ws/smartbot/install/smartbot_controller/share/smartbot_controller/local_setup.dsv
[0.737s] -- Installing: /home/nnimpit/smartbot_ws/smartbot/install/smartbot_controller/share/smartbot_controller/package.dsv
[0.737s] -- Up-to-date: /home/nnimpit/smartbot_ws/smartbot/install/smartbot_controller/share/ament_index/resource_index/packages/smartbot_controller
[0.737s] -- Up-to-date: /home/nnimpit/smartbot_ws/smartbot/install/smartbot_controller/share/smartbot_controller/cmake/smartbot_controllerConfig.cmake
[0.737s] -- Up-to-date: /home/nnimpit/smartbot_ws/smartbot/install/smartbot_controller/share/smartbot_controller/cmake/smartbot_controllerConfig-version.cmake
[0.737s] -- Installing: /home/nnimpit/smartbot_ws/smartbot/install/smartbot_controller/share/smartbot_controller/package.xml
[0.738s] Invoked command in '/home/nnimpit/smartbot_ws/smartbot/build/smartbot_controller' returned '0': CMAKE_PREFIX_PATH=/opt/ros/humble CONDA_PROMPT_MODIFIER=(base) /usr/bin/cmake --install /home/nnimpit/smartbot_ws/smartbot/build/smartbot_controller
