[0.010s] Invoking command in '/home/nnimpit/smartbot_ws/smartbot/src/build/smartbot_cpp_examples': CMAKE_PREFIX_PATH=/opt/ros/humble CONDA_PROMPT_MODIFIER=(base) /usr/bin/cmake /home/nnimpit/smartbot_ws/smartbot/src/smartbot_cpp_examples -DCMAKE_INSTALL_PREFIX=/home/nnimpit/smartbot_ws/smartbot/src/install/smartbot_cpp_examples
[0.077s] -- The C compiler identification is GNU 11.4.0
[0.131s] -- The CXX compiler identification is GNU 11.4.0
[0.137s] -- Detecting C compiler ABI info
[0.192s] -- Detecting C compiler ABI info - done
[0.199s] -- Check for working C compiler: /usr/bin/cc - skipped
[0.199s] -- Detecting C compile features
[0.199s] -- Detecting C compile features - done
[0.202s] -- Detecting CXX compiler ABI info
[0.271s] -- Detecting CXX compiler ABI info - done
[0.279s] -- Check for working CXX compiler: /usr/bin/c++ - skipped
[0.279s] -- Detecting CXX compile features
[0.279s] -- Detecting CXX compile features - done
[0.281s] -- Found ament_cmake: 1.3.10 (/opt/ros/humble/share/ament_cmake/cmake)
[0.596s] -- Found Python3: /home/nnimpit/anaconda3/bin/python3 (found version "3.12.2") found components: Interpreter 
[0.665s] -- Found ament_lint_auto: 0.12.11 (/opt/ros/humble/share/ament_lint_auto/cmake)
[0.735s] -- Added test 'lint_cmake' to check CMake code style
[0.735s] -- Added test 'xmllint' to check XML markup files
[0.735s] -- Configuring done
[0.738s] -- Generating done
[0.738s] -- Build files have been written to: /home/nnimpit/smartbot_ws/smartbot/src/build/smartbot_cpp_examples
[0.740s] Invoked command in '/home/nnimpit/smartbot_ws/smartbot/src/build/smartbot_cpp_examples' returned '0': CMAKE_PREFIX_PATH=/opt/ros/humble CONDA_PROMPT_MODIFIER=(base) /usr/bin/cmake /home/nnimpit/smartbot_ws/smartbot/src/smartbot_cpp_examples -DCMAKE_INSTALL_PREFIX=/home/nnimpit/smartbot_ws/smartbot/src/install/smartbot_cpp_examples
[0.741s] Invoking command in '/home/nnimpit/smartbot_ws/smartbot/src/build/smartbot_cpp_examples': CMAKE_PREFIX_PATH=/opt/ros/humble CONDA_PROMPT_MODIFIER=(base) /usr/bin/cmake --build /home/nnimpit/smartbot_ws/smartbot/src/build/smartbot_cpp_examples -- -j12 -l12
[0.763s] Invoked command in '/home/nnimpit/smartbot_ws/smartbot/src/build/smartbot_cpp_examples' returned '0': CMAKE_PREFIX_PATH=/opt/ros/humble CONDA_PROMPT_MODIFIER=(base) /usr/bin/cmake --build /home/nnimpit/smartbot_ws/smartbot/src/build/smartbot_cpp_examples -- -j12 -l12
[0.781s] Invoking command in '/home/nnimpit/smartbot_ws/smartbot/src/build/smartbot_cpp_examples': CMAKE_PREFIX_PATH=/opt/ros/humble CONDA_PROMPT_MODIFIER=(base) /usr/bin/cmake --install /home/nnimpit/smartbot_ws/smartbot/src/build/smartbot_cpp_examples
[0.786s] -- Install configuration: ""
[0.787s] -- Installing: /home/nnimpit/smartbot_ws/smartbot/src/install/smartbot_cpp_examples/share/ament_index/resource_index/package_run_dependencies/smartbot_cpp_examples
[0.787s] -- Installing: /home/nnimpit/smartbot_ws/smartbot/src/install/smartbot_cpp_examples/share/ament_index/resource_index/parent_prefix_path/smartbot_cpp_examples
[0.788s] -- Installing: /home/nnimpit/smartbot_ws/smartbot/src/install/smartbot_cpp_examples/share/smartbot_cpp_examples/environment/ament_prefix_path.sh
[0.788s] -- Installing: /home/nnimpit/smartbot_ws/smartbot/src/install/smartbot_cpp_examples/share/smartbot_cpp_examples/environment/ament_prefix_path.dsv
[0.788s] -- Installing: /home/nnimpit/smartbot_ws/smartbot/src/install/smartbot_cpp_examples/share/smartbot_cpp_examples/environment/path.sh
[0.788s] -- Installing: /home/nnimpit/smartbot_ws/smartbot/src/install/smartbot_cpp_examples/share/smartbot_cpp_examples/environment/path.dsv
[0.788s] -- Installing: /home/nnimpit/smartbot_ws/smartbot/src/install/smartbot_cpp_examples/share/smartbot_cpp_examples/local_setup.bash
[0.788s] -- Installing: /home/nnimpit/smartbot_ws/smartbot/src/install/smartbot_cpp_examples/share/smartbot_cpp_examples/local_setup.sh
[0.788s] -- Installing: /home/nnimpit/smartbot_ws/smartbot/src/install/smartbot_cpp_examples/share/smartbot_cpp_examples/local_setup.zsh
[0.788s] -- Installing: /home/nnimpit/smartbot_ws/smartbot/src/install/smartbot_cpp_examples/share/smartbot_cpp_examples/local_setup.dsv
[0.789s] -- Installing: /home/nnimpit/smartbot_ws/smartbot/src/install/smartbot_cpp_examples/share/smartbot_cpp_examples/package.dsv
[0.789s] -- Installing: /home/nnimpit/smartbot_ws/smartbot/src/install/smartbot_cpp_examples/share/ament_index/resource_index/packages/smartbot_cpp_examples
[0.790s] -- Installing: /home/nnimpit/smartbot_ws/smartbot/src/install/smartbot_cpp_examples/share/smartbot_cpp_examples/cmake/smartbot_cpp_examplesConfig.cmake
[0.790s] -- Installing: /home/nnimpit/smartbot_ws/smartbot/src/install/smartbot_cpp_examples/share/smartbot_cpp_examples/cmake/smartbot_cpp_examplesConfig-version.cmake
[0.790s] -- Installing: /home/nnimpit/smartbot_ws/smartbot/src/install/smartbot_cpp_examples/share/smartbot_cpp_examples/package.xml
[0.795s] Invoked command in '/home/nnimpit/smartbot_ws/smartbot/src/build/smartbot_cpp_examples' returned '0': CMAKE_PREFIX_PATH=/opt/ros/humble CONDA_PROMPT_MODIFIER=(base) /usr/bin/cmake --install /home/nnimpit/smartbot_ws/smartbot/src/build/smartbot_cpp_examples
