[0.011s] Invoking command in '/home/nnimpit/smartbot_ws/smartbot/build/smartbot_description': CMAKE_PREFIX_PATH=/opt/ros/humble CONDA_PROMPT_MODIFIER=(base) /usr/bin/cmake /home/nnimpit/smartbot_ws/smartbot/src/smartbot_description -DCMAKE_INSTALL_PREFIX=/home/nnimpit/smartbot_ws/smartbot/install/smartbot_description
[0.046s] -- The C compiler identification is GNU 11.4.0
[0.082s] -- The CXX compiler identification is GNU 11.4.0
[0.088s] -- Detecting C compiler ABI info
[0.133s] -- Detecting C compiler ABI info - done
[0.140s] -- Check for working C compiler: /usr/bin/cc - skipped
[0.140s] -- Detecting C compile features
[0.141s] -- Detecting C compile features - done
[0.143s] -- Detecting CXX compiler ABI info
[0.199s] -- Detecting CXX compiler ABI info - done
[0.205s] -- Check for working CXX compiler: /usr/bin/c++ - skipped
[0.205s] -- Detecting CXX compile features
[0.206s] -- Detecting CXX compile features - done
[0.207s] -- Found ament_cmake: 1.3.10 (/opt/ros/humble/share/ament_cmake/cmake)
[0.502s] -- Found Python3: /home/nnimpit/anaconda3/bin/python3 (found version "3.12.2") found components: Interpreter 
[0.582s] -- Found ament_lint_auto: 0.12.11 (/opt/ros/humble/share/ament_lint_auto/cmake)
[0.654s] -- Added test 'lint_cmake' to check CMake code style
[0.654s] -- Added test 'xmllint' to check XML markup files
[0.655s] -- Configuring done
[0.656s] -- Generating done
[0.656s] -- Build files have been written to: /home/nnimpit/smartbot_ws/smartbot/build/smartbot_description
[0.660s] Invoked command in '/home/nnimpit/smartbot_ws/smartbot/build/smartbot_description' returned '0': CMAKE_PREFIX_PATH=/opt/ros/humble CONDA_PROMPT_MODIFIER=(base) /usr/bin/cmake /home/nnimpit/smartbot_ws/smartbot/src/smartbot_description -DCMAKE_INSTALL_PREFIX=/home/nnimpit/smartbot_ws/smartbot/install/smartbot_description
[0.661s] Invoking command in '/home/nnimpit/smartbot_ws/smartbot/build/smartbot_description': CMAKE_PREFIX_PATH=/opt/ros/humble CONDA_PROMPT_MODIFIER=(base) /usr/bin/cmake --build /home/nnimpit/smartbot_ws/smartbot/build/smartbot_description -- -j12 -l12
[0.684s] Invoked command in '/home/nnimpit/smartbot_ws/smartbot/build/smartbot_description' returned '0': CMAKE_PREFIX_PATH=/opt/ros/humble CONDA_PROMPT_MODIFIER=(base) /usr/bin/cmake --build /home/nnimpit/smartbot_ws/smartbot/build/smartbot_description -- -j12 -l12
[0.698s] Invoking command in '/home/nnimpit/smartbot_ws/smartbot/build/smartbot_description': CMAKE_PREFIX_PATH=/opt/ros/humble CONDA_PROMPT_MODIFIER=(base) /usr/bin/cmake --install /home/nnimpit/smartbot_ws/smartbot/build/smartbot_description
[0.703s] -- Install configuration: ""
[0.703s] -- Installing: /home/nnimpit/smartbot_ws/smartbot/install/smartbot_description/share/ament_index/resource_index/package_run_dependencies/smartbot_description
[0.703s] -- Installing: /home/nnimpit/smartbot_ws/smartbot/install/smartbot_description/share/ament_index/resource_index/parent_prefix_path/smartbot_description
[0.703s] -- Installing: /home/nnimpit/smartbot_ws/smartbot/install/smartbot_description/share/smartbot_description/environment/ament_prefix_path.sh
[0.703s] -- Installing: /home/nnimpit/smartbot_ws/smartbot/install/smartbot_description/share/smartbot_description/environment/ament_prefix_path.dsv
[0.703s] -- Installing: /home/nnimpit/smartbot_ws/smartbot/install/smartbot_description/share/smartbot_description/environment/path.sh
[0.704s] -- Installing: /home/nnimpit/smartbot_ws/smartbot/install/smartbot_description/share/smartbot_description/environment/path.dsv
[0.704s] -- Installing: /home/nnimpit/smartbot_ws/smartbot/install/smartbot_description/share/smartbot_description/local_setup.bash
[0.704s] -- Installing: /home/nnimpit/smartbot_ws/smartbot/install/smartbot_description/share/smartbot_description/local_setup.sh
[0.704s] -- Installing: /home/nnimpit/smartbot_ws/smartbot/install/smartbot_description/share/smartbot_description/local_setup.zsh
[0.704s] -- Installing: /home/nnimpit/smartbot_ws/smartbot/install/smartbot_description/share/smartbot_description/local_setup.dsv
[0.704s] -- Installing: /home/nnimpit/smartbot_ws/smartbot/install/smartbot_description/share/smartbot_description/package.dsv
[0.704s] -- Installing: /home/nnimpit/smartbot_ws/smartbot/install/smartbot_description/share/ament_index/resource_index/packages/smartbot_description
[0.704s] -- Installing: /home/nnimpit/smartbot_ws/smartbot/install/smartbot_description/share/smartbot_description/cmake/smartbot_descriptionConfig.cmake
[0.705s] -- Installing: /home/nnimpit/smartbot_ws/smartbot/install/smartbot_description/share/smartbot_description/cmake/smartbot_descriptionConfig-version.cmake
[0.705s] -- Installing: /home/nnimpit/smartbot_ws/smartbot/install/smartbot_description/share/smartbot_description/package.xml
[0.705s] Invoked command in '/home/nnimpit/smartbot_ws/smartbot/build/smartbot_description' returned '0': CMAKE_PREFIX_PATH=/opt/ros/humble CONDA_PROMPT_MODIFIER=(base) /usr/bin/cmake --install /home/nnimpit/smartbot_ws/smartbot/build/smartbot_description
