[0.011s] Invoking command in '/home/nnimpit/smartbot_ws/smartbot/build/smartbot_cpp_examples': CMAKE_PREFIX_PATH=/opt/ros/humble /usr/bin/cmake /home/nnimpit/smartbot_ws/smartbot/src/smartbot_cpp_examples -DCMAKE_INSTALL_PREFIX=/home/nnimpit/smartbot_ws/smartbot/install/smartbot_cpp_examples
[0.019s] -- Found ament_cmake: 1.3.10 (/opt/ros/humble/share/ament_cmake/cmake)
[0.054s] -- Found Python3: /home/nnimpit/anaconda3/bin/python3 (found version "3.12.2") found components: Interpreter 
[0.110s] -- Found ament_lint_auto: 0.12.11 (/opt/ros/humble/share/ament_lint_auto/cmake)
[0.190s] -- Added test 'lint_cmake' to check CMake code style
[0.191s] -- Added test 'xmllint' to check XML markup files
[0.192s] -- Configuring done
[0.193s] -- Generating done
[0.194s] -- Build files have been written to: /home/nnimpit/smartbot_ws/smartbot/build/smartbot_cpp_examples
[0.196s] Invoked command in '/home/nnimpit/smartbot_ws/smartbot/build/smartbot_cpp_examples' returned '0': CMAKE_PREFIX_PATH=/opt/ros/humble /usr/bin/cmake /home/nnimpit/smartbot_ws/smartbot/src/smartbot_cpp_examples -DCMAKE_INSTALL_PREFIX=/home/nnimpit/smartbot_ws/smartbot/install/smartbot_cpp_examples
[0.198s] Invoking command in '/home/nnimpit/smartbot_ws/smartbot/build/smartbot_cpp_examples': CMAKE_PREFIX_PATH=/opt/ros/humble /usr/bin/cmake --build /home/nnimpit/smartbot_ws/smartbot/build/smartbot_cpp_examples -- -j12 -l12
[0.220s] Invoked command in '/home/nnimpit/smartbot_ws/smartbot/build/smartbot_cpp_examples' returned '0': CMAKE_PREFIX_PATH=/opt/ros/humble /usr/bin/cmake --build /home/nnimpit/smartbot_ws/smartbot/build/smartbot_cpp_examples -- -j12 -l12
[0.239s] Invoking command in '/home/nnimpit/smartbot_ws/smartbot/build/smartbot_cpp_examples': CMAKE_PREFIX_PATH=/opt/ros/humble /usr/bin/cmake --install /home/nnimpit/smartbot_ws/smartbot/build/smartbot_cpp_examples
[0.243s] -- Install configuration: ""
[0.243s] -- Installing: /home/nnimpit/smartbot_ws/smartbot/install/smartbot_cpp_examples/share/ament_index/resource_index/package_run_dependencies/smartbot_cpp_examples
[0.244s] -- Installing: /home/nnimpit/smartbot_ws/smartbot/install/smartbot_cpp_examples/share/ament_index/resource_index/parent_prefix_path/smartbot_cpp_examples
[0.244s] -- Installing: /home/nnimpit/smartbot_ws/smartbot/install/smartbot_cpp_examples/share/smartbot_cpp_examples/environment/ament_prefix_path.sh
[0.244s] -- Installing: /home/nnimpit/smartbot_ws/smartbot/install/smartbot_cpp_examples/share/smartbot_cpp_examples/environment/ament_prefix_path.dsv
[0.244s] -- Installing: /home/nnimpit/smartbot_ws/smartbot/install/smartbot_cpp_examples/share/smartbot_cpp_examples/environment/path.sh
[0.244s] -- Installing: /home/nnimpit/smartbot_ws/smartbot/install/smartbot_cpp_examples/share/smartbot_cpp_examples/environment/path.dsv
[0.244s] -- Installing: /home/nnimpit/smartbot_ws/smartbot/install/smartbot_cpp_examples/share/smartbot_cpp_examples/local_setup.bash
[0.244s] -- Installing: /home/nnimpit/smartbot_ws/smartbot/install/smartbot_cpp_examples/share/smartbot_cpp_examples/local_setup.sh
[0.245s] -- Installing: /home/nnimpit/smartbot_ws/smartbot/install/smartbot_cpp_examples/share/smartbot_cpp_examples/local_setup.zsh
[0.245s] -- Installing: /home/nnimpit/smartbot_ws/smartbot/install/smartbot_cpp_examples/share/smartbot_cpp_examples/local_setup.dsv
[0.245s] -- Installing: /home/nnimpit/smartbot_ws/smartbot/install/smartbot_cpp_examples/share/smartbot_cpp_examples/package.dsv
[0.245s] -- Installing: /home/nnimpit/smartbot_ws/smartbot/install/smartbot_cpp_examples/share/ament_index/resource_index/packages/smartbot_cpp_examples
[0.245s] -- Installing: /home/nnimpit/smartbot_ws/smartbot/install/smartbot_cpp_examples/share/smartbot_cpp_examples/cmake/smartbot_cpp_examplesConfig.cmake
[0.245s] -- Installing: /home/nnimpit/smartbot_ws/smartbot/install/smartbot_cpp_examples/share/smartbot_cpp_examples/cmake/smartbot_cpp_examplesConfig-version.cmake
[0.245s] -- Installing: /home/nnimpit/smartbot_ws/smartbot/install/smartbot_cpp_examples/share/smartbot_cpp_examples/package.xml
[0.246s] Invoked command in '/home/nnimpit/smartbot_ws/smartbot/build/smartbot_cpp_examples' returned '0': CMAKE_PREFIX_PATH=/opt/ros/humble /usr/bin/cmake --install /home/nnimpit/smartbot_ws/smartbot/build/smartbot_cpp_examples
