[0.012s] Invoking command in '/home/nnimpit/smartbot_ws/smartbot/build/smartbot_description': CMAKE_PREFIX_PATH=/opt/ros/humble CONDA_PROMPT_MODIFIER=(base) /usr/bin/cmake --build /home/nnimpit/smartbot_ws/smartbot/build/smartbot_description -- -j12 -l12
[0.037s] -- Found ament_cmake: 1.3.10 (/opt/ros/humble/share/ament_cmake/cmake)
[0.161s] -- Found ament_lint_auto: 0.12.11 (/opt/ros/humble/share/ament_lint_auto/cmake)
[0.248s] -- Added test 'flake8' to check Python code syntax and style conventions
[0.248s] -- Added test 'lint_cmake' to check CMake code style
[0.249s] -- Added test 'pep257' to check Python code against some of the docstring style conventions in PEP 257
[0.252s] -- Added test 'xmllint' to check XML markup files
[0.253s] -- Configuring done
[0.257s] -- Generating done
[0.258s] -- Build files have been written to: /home/nnimpit/smartbot_ws/smartbot/build/smartbot_description
[0.271s] Invoked command in '/home/nnimpit/smartbot_ws/smartbot/build/smartbot_description' returned '0': CMAKE_PREFIX_PATH=/opt/ros/humble CONDA_PROMPT_MODIFIER=(base) /usr/bin/cmake --build /home/nnimpit/smartbot_ws/smartbot/build/smartbot_description -- -j12 -l12
[0.284s] Invoking command in '/home/nnimpit/smartbot_ws/smartbot/build/smartbot_description': CMAKE_PREFIX_PATH=/opt/ros/humble CONDA_PROMPT_MODIFIER=(base) /usr/bin/cmake --install /home/nnimpit/smartbot_ws/smartbot/build/smartbot_description
[0.289s] -- Install configuration: ""
[0.289s] -- Up-to-date: /home/nnimpit/smartbot_ws/smartbot/install/smartbot_description/share/$(PROJECT_NAME)/meshes
[0.289s] -- Up-to-date: /home/nnimpit/smartbot_ws/smartbot/install/smartbot_description/share/$(PROJECT_NAME)/meshes/wheel_left_link.STL
[0.289s] -- Up-to-date: /home/nnimpit/smartbot_ws/smartbot/install/smartbot_description/share/$(PROJECT_NAME)/meshes/caster_rear_link.STL
[0.290s] -- Up-to-date: /home/nnimpit/smartbot_ws/smartbot/install/smartbot_description/share/$(PROJECT_NAME)/meshes/wheel_right_link.STL
[0.290s] -- Up-to-date: /home/nnimpit/smartbot_ws/smartbot/install/smartbot_description/share/$(PROJECT_NAME)/meshes/caster_front_link.STL
[0.290s] -- Up-to-date: /home/nnimpit/smartbot_ws/smartbot/install/smartbot_description/share/$(PROJECT_NAME)/meshes/imu_link.STL
[0.290s] -- Up-to-date: /home/nnimpit/smartbot_ws/smartbot/install/smartbot_description/share/$(PROJECT_NAME)/meshes/base_link.STL
[0.290s] -- Up-to-date: /home/nnimpit/smartbot_ws/smartbot/install/smartbot_description/share/$(PROJECT_NAME)/urdf
[0.290s] -- Installing: /home/nnimpit/smartbot_ws/smartbot/install/smartbot_description/share/$(PROJECT_NAME)/urdf/smartbot.urdf.xacro
[0.290s] -- Installing: /home/nnimpit/smartbot_ws/smartbot/install/smartbot_description/share/$(PROJECT_NAME)/launch
[0.290s] -- Installing: /home/nnimpit/smartbot_ws/smartbot/install/smartbot_description/share/$(PROJECT_NAME)/launch/display.launch.py
[0.290s] -- Installing: /home/nnimpit/smartbot_ws/smartbot/install/smartbot_description/share/$(PROJECT_NAME)/rviz
[0.290s] -- Installing: /home/nnimpit/smartbot_ws/smartbot/install/smartbot_description/share/$(PROJECT_NAME)/rviz/display.rviz
[0.290s] -- Installing: /home/nnimpit/smartbot_ws/smartbot/install/smartbot_description/share/ament_index/resource_index/package_run_dependencies/smartbot_description
[0.290s] -- Installing: /home/nnimpit/smartbot_ws/smartbot/install/smartbot_description/share/ament_index/resource_index/parent_prefix_path/smartbot_description
[0.291s] -- Up-to-date: /home/nnimpit/smartbot_ws/smartbot/install/smartbot_description/share/smartbot_description/environment/ament_prefix_path.sh
[0.291s] -- Installing: /home/nnimpit/smartbot_ws/smartbot/install/smartbot_description/share/smartbot_description/environment/ament_prefix_path.dsv
[0.291s] -- Up-to-date: /home/nnimpit/smartbot_ws/smartbot/install/smartbot_description/share/smartbot_description/environment/path.sh
[0.291s] -- Installing: /home/nnimpit/smartbot_ws/smartbot/install/smartbot_description/share/smartbot_description/environment/path.dsv
[0.291s] -- Up-to-date: /home/nnimpit/smartbot_ws/smartbot/install/smartbot_description/share/smartbot_description/local_setup.bash
[0.291s] -- Up-to-date: /home/nnimpit/smartbot_ws/smartbot/install/smartbot_description/share/smartbot_description/local_setup.sh
[0.291s] -- Up-to-date: /home/nnimpit/smartbot_ws/smartbot/install/smartbot_description/share/smartbot_description/local_setup.zsh
[0.291s] -- Installing: /home/nnimpit/smartbot_ws/smartbot/install/smartbot_description/share/smartbot_description/local_setup.dsv
[0.291s] -- Installing: /home/nnimpit/smartbot_ws/smartbot/install/smartbot_description/share/smartbot_description/package.dsv
[0.291s] -- Up-to-date: /home/nnimpit/smartbot_ws/smartbot/install/smartbot_description/share/ament_index/resource_index/packages/smartbot_description
[0.292s] -- Up-to-date: /home/nnimpit/smartbot_ws/smartbot/install/smartbot_description/share/smartbot_description/cmake/smartbot_descriptionConfig.cmake
[0.292s] -- Up-to-date: /home/nnimpit/smartbot_ws/smartbot/install/smartbot_description/share/smartbot_description/cmake/smartbot_descriptionConfig-version.cmake
[0.293s] -- Installing: /home/nnimpit/smartbot_ws/smartbot/install/smartbot_description/share/smartbot_description/package.xml
[0.293s] Invoked command in '/home/nnimpit/smartbot_ws/smartbot/build/smartbot_description' returned '0': CMAKE_PREFIX_PATH=/opt/ros/humble CONDA_PROMPT_MODIFIER=(base) /usr/bin/cmake --install /home/nnimpit/smartbot_ws/smartbot/build/smartbot_description
