[0.014s] Invoking command in '/home/nnimpit/smartbot_ws/smartbot/build/smartbot_controller': CMAKE_PREFIX_PATH=/opt/ros/humble CONDA_PROMPT_MODIFIER=(base) /usr/bin/cmake --build /home/nnimpit/smartbot_ws/smartbot/build/smartbot_controller -- -j12 -l12
[0.050s] Built target ament_cmake_python_copy_smartbot_controller
[0.238s] running egg_info
[0.257s] writing smartbot_controller.egg-info/PKG-INFO
[0.258s] writing dependency_links to smartbot_controller.egg-info/dependency_links.txt
[0.258s] writing top-level names to smartbot_controller.egg-info/top_level.txt
[0.317s] reading manifest file 'smartbot_controller.egg-info/SOURCES.txt'
[0.317s] writing manifest file 'smartbot_controller.egg-info/SOURCES.txt'
[0.340s] Built target ament_cmake_python_build_smartbot_controller_egg
[0.348s] Invoked command in '/home/nnimpit/smartbot_ws/smartbot/build/smartbot_controller' returned '0': CMAKE_PREFIX_PATH=/opt/ros/humble CONDA_PROMPT_MODIFIER=(base) /usr/bin/cmake --build /home/nnimpit/smartbot_ws/smartbot/build/smartbot_controller -- -j12 -l12
[0.363s] Invoking command in '/home/nnimpit/smartbot_ws/smartbot/build/smartbot_controller': CMAKE_PREFIX_PATH=/opt/ros/humble CONDA_PROMPT_MODIFIER=(base) /usr/bin/cmake --install /home/nnimpit/smartbot_ws/smartbot/build/smartbot_controller
[0.369s] -- Install configuration: ""
[0.369s] -- Up-to-date: /home/nnimpit/smartbot_ws/smartbot/install/smartbot_controller/share/smartbot_controller/environment/pythonpath.sh
[0.369s] -- Up-to-date: /home/nnimpit/smartbot_ws/smartbot/install/smartbot_controller/share/smartbot_controller/environment/pythonpath.dsv
[0.369s] -- Up-to-date: /home/nnimpit/smartbot_ws/smartbot/install/smartbot_controller/lib/python3.12/site-packages/smartbot_controller-0.0.0-py3.12.egg-info
[0.369s] -- Installing: /home/nnimpit/smartbot_ws/smartbot/install/smartbot_controller/lib/python3.12/site-packages/smartbot_controller-0.0.0-py3.12.egg-info/SOURCES.txt
[0.369s] -- Installing: /home/nnimpit/smartbot_ws/smartbot/install/smartbot_controller/lib/python3.12/site-packages/smartbot_controller-0.0.0-py3.12.egg-info/PKG-INFO
[0.369s] -- Installing: /home/nnimpit/smartbot_ws/smartbot/install/smartbot_controller/lib/python3.12/site-packages/smartbot_controller-0.0.0-py3.12.egg-info/dependency_links.txt
[0.369s] -- Installing: /home/nnimpit/smartbot_ws/smartbot/install/smartbot_controller/lib/python3.12/site-packages/smartbot_controller-0.0.0-py3.12.egg-info/top_level.txt
[0.370s] -- Up-to-date: /home/nnimpit/smartbot_ws/smartbot/install/smartbot_controller/lib/python3.12/site-packages/smartbot_controller
[0.370s] -- Up-to-date: /home/nnimpit/smartbot_ws/smartbot/install/smartbot_controller/lib/python3.12/site-packages/smartbot_controller/simple_controller.py
[0.370s] -- Up-to-date: /home/nnimpit/smartbot_ws/smartbot/install/smartbot_controller/lib/python3.12/site-packages/smartbot_controller/__init__.py
[0.399s] Listing '/home/nnimpit/smartbot_ws/smartbot/install/smartbot_controller/lib/python3.12/site-packages/smartbot_controller'...
[0.403s] -- Up-to-date: /home/nnimpit/smartbot_ws/smartbot/install/smartbot_controller/share/smartbot_controller/config
[0.403s] -- Up-to-date: /home/nnimpit/smartbot_ws/smartbot/install/smartbot_controller/share/smartbot_controller/config/joy_config.yaml
[0.404s] -- Up-to-date: /home/nnimpit/smartbot_ws/smartbot/install/smartbot_controller/share/smartbot_controller/config/smartbot_controllers.yaml
[0.404s] -- Up-to-date: /home/nnimpit/smartbot_ws/smartbot/install/smartbot_controller/share/smartbot_controller/config/joy_teleop.yaml
[0.404s] -- Up-to-date: /home/nnimpit/smartbot_ws/smartbot/install/smartbot_controller/share/smartbot_controller/launch
[0.404s] -- Up-to-date: /home/nnimpit/smartbot_ws/smartbot/install/smartbot_controller/share/smartbot_controller/launch/controller.launch.py
[0.404s] -- Up-to-date: /home/nnimpit/smartbot_ws/smartbot/install/smartbot_controller/share/smartbot_controller/launch/joystick_teleop.launch.py
[0.404s] -- Up-to-date: /home/nnimpit/smartbot_ws/smartbot/install/smartbot_controller/lib/smartbot_controller/simple_controller.py
[0.404s] -- Up-to-date: /home/nnimpit/smartbot_ws/smartbot/install/smartbot_controller/share/ament_index/resource_index/package_run_dependencies/smartbot_controller
[0.404s] -- Up-to-date: /home/nnimpit/smartbot_ws/smartbot/install/smartbot_controller/share/ament_index/resource_index/parent_prefix_path/smartbot_controller
[0.404s] -- Up-to-date: /home/nnimpit/smartbot_ws/smartbot/install/smartbot_controller/share/smartbot_controller/environment/ament_prefix_path.sh
[0.405s] -- Up-to-date: /home/nnimpit/smartbot_ws/smartbot/install/smartbot_controller/share/smartbot_controller/environment/ament_prefix_path.dsv
[0.406s] -- Up-to-date: /home/nnimpit/smartbot_ws/smartbot/install/smartbot_controller/share/smartbot_controller/environment/path.sh
[0.406s] -- Up-to-date: /home/nnimpit/smartbot_ws/smartbot/install/smartbot_controller/share/smartbot_controller/environment/path.dsv
[0.406s] -- Up-to-date: /home/nnimpit/smartbot_ws/smartbot/install/smartbot_controller/share/smartbot_controller/local_setup.bash
[0.407s] -- Up-to-date: /home/nnimpit/smartbot_ws/smartbot/install/smartbot_controller/share/smartbot_controller/local_setup.sh
[0.407s] -- Up-to-date: /home/nnimpit/smartbot_ws/smartbot/install/smartbot_controller/share/smartbot_controller/local_setup.zsh
[0.407s] -- Up-to-date: /home/nnimpit/smartbot_ws/smartbot/install/smartbot_controller/share/smartbot_controller/local_setup.dsv
[0.408s] -- Up-to-date: /home/nnimpit/smartbot_ws/smartbot/install/smartbot_controller/share/smartbot_controller/package.dsv
[0.408s] -- Up-to-date: /home/nnimpit/smartbot_ws/smartbot/install/smartbot_controller/share/ament_index/resource_index/packages/smartbot_controller
[0.408s] -- Up-to-date: /home/nnimpit/smartbot_ws/smartbot/install/smartbot_controller/share/smartbot_controller/cmake/smartbot_controllerConfig.cmake
[0.408s] -- Up-to-date: /home/nnimpit/smartbot_ws/smartbot/install/smartbot_controller/share/smartbot_controller/cmake/smartbot_controllerConfig-version.cmake
[0.408s] -- Up-to-date: /home/nnimpit/smartbot_ws/smartbot/install/smartbot_controller/share/smartbot_controller/package.xml
[0.408s] Invoked command in '/home/nnimpit/smartbot_ws/smartbot/build/smartbot_controller' returned '0': CMAKE_PREFIX_PATH=/opt/ros/humble CONDA_PROMPT_MODIFIER=(base) /usr/bin/cmake --install /home/nnimpit/smartbot_ws/smartbot/build/smartbot_controller
