[0.008s] Invoking command in '/home/nnimpit/smartbot_ws/smartbot/build/smartbot_cpp_examples': CMAKE_PREFIX_PATH=/opt/ros/humble CONDA_PROMPT_MODIFIER=(base) /usr/bin/cmake /home/nnimpit/smartbot_ws/smartbot/src/smartbot_cpp_examples -DCMAKE_INSTALL_PREFIX=/home/nnimpit/smartbot_ws/smartbot/install/smartbot_cpp_examples
[0.016s] -- Found ament_cmake: 1.3.10 (/opt/ros/humble/share/ament_cmake/cmake)
[0.113s] -- Found ament_lint_auto: 0.12.11 (/opt/ros/humble/share/ament_lint_auto/cmake)
[0.129s] Traceback (most recent call last):
[0.130s]   File "/opt/ros/humble/share/ament_cmake_core/cmake/core/package_xml_2_cmake.py", line 22, in <module>
[0.130s]     from catkin_pkg.package import parse_package_string
[0.130s] ModuleNotFoundError: No module named 'catkin_pkg'
[0.133s] [31mCMake Error at /opt/ros/humble/share/ament_cmake_core/cmake/core/ament_package_xml.cmake:95 (message):
[0.133s]   execute_process(/home/nnimpit/anaconda3/bin/python3
[0.133s]   /opt/ros/humble/share/ament_cmake_core/cmake/core/package_xml_2_cmake.py
[0.133s]   /home/nnimpit/smartbot_ws/smartbot/src/smartbot_cpp_examples/package.xml
[0.133s]   /home/nnimpit/smartbot_ws/smartbot/build/smartbot_cpp_examples/ament_cmake_core/package.cmake)
[0.133s]   returned error code 1
[0.134s] Call Stack (most recent call first):
[0.134s]   /opt/ros/humble/share/ament_cmake_core/cmake/core/ament_package_xml.cmake:49 (_ament_package_xml)
[0.134s]   /opt/ros/humble/share/ament_lint_auto/cmake/ament_lint_auto_find_test_dependencies.cmake:31 (ament_package_xml)
[0.134s]   CMakeLists.txt:23 (ament_lint_auto_find_test_dependencies)
[0.134s] 
[0.134s] [0m
[0.134s] -- Configuring incomplete, errors occurred!
[0.134s] See also "/home/nnimpit/smartbot_ws/smartbot/build/smartbot_cpp_examples/CMakeFiles/CMakeOutput.log".
[0.158s] Invoked command in '/home/nnimpit/smartbot_ws/smartbot/build/smartbot_cpp_examples' returned '1': CMAKE_PREFIX_PATH=/opt/ros/humble CONDA_PROMPT_MODIFIER=(base) /usr/bin/cmake /home/nnimpit/smartbot_ws/smartbot/src/smartbot_cpp_examples -DCMAKE_INSTALL_PREFIX=/home/nnimpit/smartbot_ws/smartbot/install/smartbot_cpp_examples
