[0.058s] DEBUG:colcon:Command line arguments: ['/usr/bin/colcon', 'build']
[0.058s] DEBUG:colcon:Parsed command line arguments: Namespace(log_base=None, log_level=None, verb_name='build', build_base='build', install_base='install', merge_install=False, symlink_install=False, test_result_base=None, continue_on_error=False, executor='parallel', parallel_workers=12, event_handlers=None, ignore_user_meta=False, metas=['./colcon.meta'], base_paths=['.'], packages_ignore=None, packages_ignore_regex=None, paths=None, packages_up_to=None, packages_up_to_regex=None, packages_above=None, packages_above_and_dependencies=None, packages_above_depth=None, packages_select_by_dep=None, packages_skip_by_dep=None, packages_skip_up_to=None, packages_select_build_failed=False, packages_skip_build_finished=False, packages_select_test_failures=False, packages_skip_test_passed=False, packages_select=None, packages_skip=None, packages_select_regex=None, packages_skip_regex=None, packages_start=None, packages_end=None, allow_overriding=[], cmake_args=None, cmake_target=None, cmake_target_skip_unavailable=False, cmake_clean_cache=False, cmake_clean_first=False, cmake_force_configure=False, ament_cmake_args=None, catkin_cmake_args=None, catkin_skip_building_tests=False, mixin_files=None, mixin=None, verb_parser=<colcon_mixin.mixin.mixin_argument.MixinArgumentDecorator object at 0x718a27f42a40>, verb_extension=<colcon_core.verb.build.BuildVerb object at 0x718a2805b130>, main=<bound method BuildVerb.main of <colcon_core.verb.build.BuildVerb object at 0x718a2805b130>>, mixin_verb=('build',))
[0.140s] Level 1:colcon.colcon_core.package_discovery:discover_packages(colcon_meta) check parameters
[0.140s] Level 1:colcon.colcon_core.package_discovery:discover_packages(recursive) check parameters
[0.141s] Level 1:colcon.colcon_core.package_discovery:discover_packages(ignore) check parameters
[0.141s] Level 1:colcon.colcon_core.package_discovery:discover_packages(path) check parameters
[0.141s] Level 1:colcon.colcon_core.package_discovery:discover_packages(colcon_meta) discover
[0.141s] Level 1:colcon.colcon_core.package_discovery:discover_packages(recursive) discover
[0.141s] INFO:colcon.colcon_core.package_discovery:Crawling recursively for packages in '/home/nnimpit/smartbot_ws/smartbot'
[0.141s] Level 1:colcon.colcon_core.package_identification:_identify(.) by extensions ['ignore', 'ignore_ament_install']
[0.141s] Level 1:colcon.colcon_core.package_identification:_identify(.) by extension 'ignore'
[0.141s] Level 1:colcon.colcon_core.package_identification:_identify(.) by extension 'ignore_ament_install'
[0.141s] Level 1:colcon.colcon_core.package_identification:_identify(.) by extensions ['colcon_pkg']
[0.141s] Level 1:colcon.colcon_core.package_identification:_identify(.) by extension 'colcon_pkg'
[0.141s] Level 1:colcon.colcon_core.package_identification:_identify(.) by extensions ['colcon_meta']
[0.141s] Level 1:colcon.colcon_core.package_identification:_identify(.) by extension 'colcon_meta'
[0.141s] Level 1:colcon.colcon_core.package_identification:_identify(.) by extensions ['ros']
[0.141s] Level 1:colcon.colcon_core.package_identification:_identify(.) by extension 'ros'
[0.147s] Level 1:colcon.colcon_core.package_identification:_identify(.) by extensions ['cmake', 'python']
[0.148s] Level 1:colcon.colcon_core.package_identification:_identify(.) by extension 'cmake'
[0.148s] Level 1:colcon.colcon_core.package_identification:_identify(.) by extension 'python'
[0.148s] Level 1:colcon.colcon_core.package_identification:_identify(.) by extensions ['python_setup_py']
[0.148s] Level 1:colcon.colcon_core.package_identification:_identify(.) by extension 'python_setup_py'
[0.148s] Level 1:colcon.colcon_core.package_identification:_identify(build) by extensions ['ignore', 'ignore_ament_install']
[0.148s] Level 1:colcon.colcon_core.package_identification:_identify(build) by extension 'ignore'
[0.148s] Level 1:colcon.colcon_core.package_identification:_identify(build) ignored
[0.148s] Level 1:colcon.colcon_core.package_identification:_identify(install) by extensions ['ignore', 'ignore_ament_install']
[0.148s] Level 1:colcon.colcon_core.package_identification:_identify(install) by extension 'ignore'
[0.148s] Level 1:colcon.colcon_core.package_identification:_identify(install) ignored
[0.148s] Level 1:colcon.colcon_core.package_identification:_identify(log) by extensions ['ignore', 'ignore_ament_install']
[0.148s] Level 1:colcon.colcon_core.package_identification:_identify(log) by extension 'ignore'
[0.148s] Level 1:colcon.colcon_core.package_identification:_identify(log) ignored
[0.148s] Level 1:colcon.colcon_core.package_identification:_identify(src) by extensions ['ignore', 'ignore_ament_install']
[0.148s] Level 1:colcon.colcon_core.package_identification:_identify(src) by extension 'ignore'
[0.148s] Level 1:colcon.colcon_core.package_identification:_identify(src) by extension 'ignore_ament_install'
[0.148s] Level 1:colcon.colcon_core.package_identification:_identify(src) by extensions ['colcon_pkg']
[0.148s] Level 1:colcon.colcon_core.package_identification:_identify(src) by extension 'colcon_pkg'
[0.148s] Level 1:colcon.colcon_core.package_identification:_identify(src) by extensions ['colcon_meta']
[0.148s] Level 1:colcon.colcon_core.package_identification:_identify(src) by extension 'colcon_meta'
[0.148s] Level 1:colcon.colcon_core.package_identification:_identify(src) by extensions ['ros']
[0.148s] Level 1:colcon.colcon_core.package_identification:_identify(src) by extension 'ros'
[0.148s] Level 1:colcon.colcon_core.package_identification:_identify(src) by extensions ['cmake', 'python']
[0.148s] Level 1:colcon.colcon_core.package_identification:_identify(src) by extension 'cmake'
[0.148s] Level 1:colcon.colcon_core.package_identification:_identify(src) by extension 'python'
[0.148s] Level 1:colcon.colcon_core.package_identification:_identify(src) by extensions ['python_setup_py']
[0.148s] Level 1:colcon.colcon_core.package_identification:_identify(src) by extension 'python_setup_py'
[0.148s] Level 1:colcon.colcon_core.package_identification:_identify(src/smartbot_cpp_examples) by extensions ['ignore', 'ignore_ament_install']
[0.148s] Level 1:colcon.colcon_core.package_identification:_identify(src/smartbot_cpp_examples) by extension 'ignore'
[0.148s] Level 1:colcon.colcon_core.package_identification:_identify(src/smartbot_cpp_examples) by extension 'ignore_ament_install'
[0.148s] Level 1:colcon.colcon_core.package_identification:_identify(src/smartbot_cpp_examples) by extensions ['colcon_pkg']
[0.148s] Level 1:colcon.colcon_core.package_identification:_identify(src/smartbot_cpp_examples) by extension 'colcon_pkg'
[0.148s] Level 1:colcon.colcon_core.package_identification:_identify(src/smartbot_cpp_examples) by extensions ['colcon_meta']
[0.148s] Level 1:colcon.colcon_core.package_identification:_identify(src/smartbot_cpp_examples) by extension 'colcon_meta'
[0.148s] Level 1:colcon.colcon_core.package_identification:_identify(src/smartbot_cpp_examples) by extensions ['ros']
[0.148s] Level 1:colcon.colcon_core.package_identification:_identify(src/smartbot_cpp_examples) by extension 'ros'
[0.150s] DEBUG:colcon.colcon_core.package_identification:Package 'src/smartbot_cpp_examples' with type 'ros.ament_cmake' and name 'smartbot_cpp_examples'
[0.150s] Level 1:colcon.colcon_core.package_identification:_identify(src/smartbot_py_examples) by extensions ['ignore', 'ignore_ament_install']
[0.150s] Level 1:colcon.colcon_core.package_identification:_identify(src/smartbot_py_examples) by extension 'ignore'
[0.150s] Level 1:colcon.colcon_core.package_identification:_identify(src/smartbot_py_examples) by extension 'ignore_ament_install'
[0.150s] Level 1:colcon.colcon_core.package_identification:_identify(src/smartbot_py_examples) by extensions ['colcon_pkg']
[0.150s] Level 1:colcon.colcon_core.package_identification:_identify(src/smartbot_py_examples) by extension 'colcon_pkg'
[0.150s] Level 1:colcon.colcon_core.package_identification:_identify(src/smartbot_py_examples) by extensions ['colcon_meta']
[0.150s] Level 1:colcon.colcon_core.package_identification:_identify(src/smartbot_py_examples) by extension 'colcon_meta'
[0.150s] Level 1:colcon.colcon_core.package_identification:_identify(src/smartbot_py_examples) by extensions ['ros']
[0.150s] Level 1:colcon.colcon_core.package_identification:_identify(src/smartbot_py_examples) by extension 'ros'
[0.150s] DEBUG:colcon.colcon_core.package_identification:Package 'src/smartbot_py_examples' with type 'ros.ament_python' and name 'smartbot_py_examples'
[0.150s] Level 1:colcon.colcon_core.package_discovery:discover_packages(recursive) using defaults
[0.150s] Level 1:colcon.colcon_core.package_discovery:discover_packages(ignore) discover
[0.150s] Level 1:colcon.colcon_core.package_discovery:discover_packages(ignore) using defaults
[0.150s] Level 1:colcon.colcon_core.package_discovery:discover_packages(path) discover
[0.150s] Level 1:colcon.colcon_core.package_discovery:discover_packages(path) using defaults
[0.162s] Level 1:colcon.colcon_core.package_discovery:discover_packages(prefix_path) check parameters
[0.162s] Level 1:colcon.colcon_core.package_discovery:discover_packages(prefix_path) discover
[0.163s] DEBUG:colcon.colcon_installed_package_information.package_discovery:Found 328 installed packages in /opt/ros/humble
[0.170s] Level 1:colcon.colcon_core.package_discovery:discover_packages(prefix_path) using defaults
[0.191s] Level 5:colcon.colcon_core.verb:set package 'smartbot_cpp_examples' build argument 'cmake_args' from command line to 'None'
[0.191s] Level 5:colcon.colcon_core.verb:set package 'smartbot_cpp_examples' build argument 'cmake_target' from command line to 'None'
[0.191s] Level 5:colcon.colcon_core.verb:set package 'smartbot_cpp_examples' build argument 'cmake_target_skip_unavailable' from command line to 'False'
[0.191s] Level 5:colcon.colcon_core.verb:set package 'smartbot_cpp_examples' build argument 'cmake_clean_cache' from command line to 'False'
[0.191s] Level 5:colcon.colcon_core.verb:set package 'smartbot_cpp_examples' build argument 'cmake_clean_first' from command line to 'False'
[0.191s] Level 5:colcon.colcon_core.verb:set package 'smartbot_cpp_examples' build argument 'cmake_force_configure' from command line to 'False'
[0.191s] Level 5:colcon.colcon_core.verb:set package 'smartbot_cpp_examples' build argument 'ament_cmake_args' from command line to 'None'
[0.191s] Level 5:colcon.colcon_core.verb:set package 'smartbot_cpp_examples' build argument 'catkin_cmake_args' from command line to 'None'
[0.191s] Level 5:colcon.colcon_core.verb:set package 'smartbot_cpp_examples' build argument 'catkin_skip_building_tests' from command line to 'False'
[0.191s] DEBUG:colcon.colcon_core.verb:Building package 'smartbot_cpp_examples' with the following arguments: {'ament_cmake_args': None, 'build_base': '/home/nnimpit/smartbot_ws/smartbot/build/smartbot_cpp_examples', 'catkin_cmake_args': None, 'catkin_skip_building_tests': False, 'cmake_args': None, 'cmake_clean_cache': False, 'cmake_clean_first': False, 'cmake_force_configure': False, 'cmake_target': None, 'cmake_target_skip_unavailable': False, 'install_base': '/home/nnimpit/smartbot_ws/smartbot/install/smartbot_cpp_examples', 'merge_install': False, 'path': '/home/nnimpit/smartbot_ws/smartbot/src/smartbot_cpp_examples', 'symlink_install': False, 'test_result_base': None}
[0.192s] Level 5:colcon.colcon_core.verb:set package 'smartbot_py_examples' build argument 'cmake_args' from command line to 'None'
[0.192s] Level 5:colcon.colcon_core.verb:set package 'smartbot_py_examples' build argument 'cmake_target' from command line to 'None'
[0.192s] Level 5:colcon.colcon_core.verb:set package 'smartbot_py_examples' build argument 'cmake_target_skip_unavailable' from command line to 'False'
[0.192s] Level 5:colcon.colcon_core.verb:set package 'smartbot_py_examples' build argument 'cmake_clean_cache' from command line to 'False'
[0.192s] Level 5:colcon.colcon_core.verb:set package 'smartbot_py_examples' build argument 'cmake_clean_first' from command line to 'False'
[0.192s] Level 5:colcon.colcon_core.verb:set package 'smartbot_py_examples' build argument 'cmake_force_configure' from command line to 'False'
[0.192s] Level 5:colcon.colcon_core.verb:set package 'smartbot_py_examples' build argument 'ament_cmake_args' from command line to 'None'
[0.192s] Level 5:colcon.colcon_core.verb:set package 'smartbot_py_examples' build argument 'catkin_cmake_args' from command line to 'None'
[0.192s] Level 5:colcon.colcon_core.verb:set package 'smartbot_py_examples' build argument 'catkin_skip_building_tests' from command line to 'False'
[0.192s] DEBUG:colcon.colcon_core.verb:Building package 'smartbot_py_examples' with the following arguments: {'ament_cmake_args': None, 'build_base': '/home/nnimpit/smartbot_ws/smartbot/build/smartbot_py_examples', 'catkin_cmake_args': None, 'catkin_skip_building_tests': False, 'cmake_args': None, 'cmake_clean_cache': False, 'cmake_clean_first': False, 'cmake_force_configure': False, 'cmake_target': None, 'cmake_target_skip_unavailable': False, 'install_base': '/home/nnimpit/smartbot_ws/smartbot/install/smartbot_py_examples', 'merge_install': False, 'path': '/home/nnimpit/smartbot_ws/smartbot/src/smartbot_py_examples', 'symlink_install': False, 'test_result_base': None}
[0.192s] INFO:colcon.colcon_core.executor:Executing jobs using 'parallel' executor
[0.193s] DEBUG:colcon.colcon_parallel_executor.executor.parallel:run_until_complete
[0.193s] INFO:colcon.colcon_ros.task.ament_cmake.build:Building ROS package in '/home/nnimpit/smartbot_ws/smartbot/src/smartbot_cpp_examples' with build type 'ament_cmake'
[0.193s] INFO:colcon.colcon_cmake.task.cmake.build:Building CMake package in '/home/nnimpit/smartbot_ws/smartbot/src/smartbot_cpp_examples'
[0.194s] INFO:colcon.colcon_core.plugin_system:Skipping extension 'colcon_core.shell.bat': Not used on non-Windows systems
[0.194s] INFO:colcon.colcon_core.shell:Skip shell extension 'powershell' for command environment: Not usable outside of PowerShell
[0.194s] DEBUG:colcon.colcon_core.shell:Skip shell extension 'dsv' for command environment
[0.196s] INFO:colcon.colcon_ros.task.ament_python.build:Building ROS package in '/home/nnimpit/smartbot_ws/smartbot/src/smartbot_py_examples' with build type 'ament_python'
[0.196s] Level 1:colcon.colcon_core.shell:create_environment_hook('smartbot_py_examples', 'ament_prefix_path')
[0.196s] INFO:colcon.colcon_core.shell:Creating environment hook '/home/nnimpit/smartbot_ws/smartbot/install/smartbot_py_examples/share/smartbot_py_examples/hook/ament_prefix_path.ps1'
[0.197s] INFO:colcon.colcon_core.shell:Creating environment descriptor '/home/nnimpit/smartbot_ws/smartbot/install/smartbot_py_examples/share/smartbot_py_examples/hook/ament_prefix_path.dsv'
[0.197s] INFO:colcon.colcon_core.shell:Creating environment hook '/home/nnimpit/smartbot_ws/smartbot/install/smartbot_py_examples/share/smartbot_py_examples/hook/ament_prefix_path.sh'
[0.198s] INFO:colcon.colcon_core.shell:Skip shell extension 'powershell' for command environment: Not usable outside of PowerShell
[0.198s] DEBUG:colcon.colcon_core.shell:Skip shell extension 'dsv' for command environment
[0.204s] DEBUG:colcon.colcon_core.event_handler.log_command:Invoking command in '/home/nnimpit/smartbot_ws/smartbot/build/smartbot_cpp_examples': CMAKE_PREFIX_PATH=/opt/ros/humble CONDA_PROMPT_MODIFIER=(base) /usr/bin/cmake /home/nnimpit/smartbot_ws/smartbot/src/smartbot_cpp_examples -DCMAKE_INSTALL_PREFIX=/home/nnimpit/smartbot_ws/smartbot/install/smartbot_cpp_examples
[0.353s] INFO:colcon.colcon_core.task.python.build:Building Python package in '/home/nnimpit/smartbot_ws/smartbot/src/smartbot_py_examples'
[0.353s] INFO:colcon.colcon_core.shell:Skip shell extension 'powershell' for command environment: Not usable outside of PowerShell
[0.353s] DEBUG:colcon.colcon_core.shell:Skip shell extension 'dsv' for command environment
[0.567s] DEBUG:colcon.colcon_core.event_handler.log_command:Invoking command in '/home/nnimpit/smartbot_ws/smartbot/src/smartbot_py_examples': CONDA_PROMPT_MODIFIER=(base) PYTHONPATH=/home/nnimpit/smartbot_ws/smartbot/build/smartbot_py_examples/prefix_override:/usr/lib/python3/dist-packages/colcon_core/task/python/colcon_distutils_commands:/home/nnimpit/smartbot_ws/smartbot/install/smartbot_py_examples/lib/python3.10/site-packages:${PYTHONPATH} /usr/bin/python3 -W ignore:setup.py install is deprecated setup.py egg_info --egg-base ../../build/smartbot_py_examples build --build-base /home/nnimpit/smartbot_ws/smartbot/build/smartbot_py_examples/build install --record /home/nnimpit/smartbot_ws/smartbot/build/smartbot_py_examples/install.log --single-version-externally-managed install_data
[0.720s] DEBUG:colcon.colcon_core.event_handler.log_command:Invoked command in '/home/nnimpit/smartbot_ws/smartbot/build/smartbot_cpp_examples' returned '1': CMAKE_PREFIX_PATH=/opt/ros/humble CONDA_PROMPT_MODIFIER=(base) /usr/bin/cmake /home/nnimpit/smartbot_ws/smartbot/src/smartbot_cpp_examples -DCMAKE_INSTALL_PREFIX=/home/nnimpit/smartbot_ws/smartbot/install/smartbot_cpp_examples
[0.728s] Level 1:colcon.colcon_core.environment:create_environment_scripts_only(smartbot_cpp_examples)
[0.730s] Level 1:colcon.colcon_core.environment:checking '/home/nnimpit/smartbot_ws/smartbot/install/smartbot_cpp_examples' for CMake module files
[0.730s] Level 1:colcon.colcon_core.environment:checking '/home/nnimpit/smartbot_ws/smartbot/install/smartbot_cpp_examples' for CMake config files
[0.731s] Level 1:colcon.colcon_core.environment:checking '/home/nnimpit/smartbot_ws/smartbot/install/smartbot_cpp_examples/bin'
[0.731s] Level 1:colcon.colcon_core.environment:checking '/home/nnimpit/smartbot_ws/smartbot/install/smartbot_cpp_examples/lib/pkgconfig/smartbot_cpp_examples.pc'
[0.731s] Level 1:colcon.colcon_core.environment:checking '/home/nnimpit/smartbot_ws/smartbot/install/smartbot_cpp_examples/lib/python3.10/site-packages'
[0.731s] Level 1:colcon.colcon_core.environment:checking '/home/nnimpit/smartbot_ws/smartbot/install/smartbot_cpp_examples/bin'
[0.732s] INFO:colcon.colcon_core.shell:Creating package script '/home/nnimpit/smartbot_ws/smartbot/install/smartbot_cpp_examples/share/smartbot_cpp_examples/package.ps1'
[0.733s] INFO:colcon.colcon_core.shell:Creating package descriptor '/home/nnimpit/smartbot_ws/smartbot/install/smartbot_cpp_examples/share/smartbot_cpp_examples/package.dsv'
[0.733s] INFO:colcon.colcon_core.shell:Creating package script '/home/nnimpit/smartbot_ws/smartbot/install/smartbot_cpp_examples/share/smartbot_cpp_examples/package.sh'
[0.734s] INFO:colcon.colcon_core.shell:Creating package script '/home/nnimpit/smartbot_ws/smartbot/install/smartbot_cpp_examples/share/smartbot_cpp_examples/package.bash'
[0.734s] INFO:colcon.colcon_core.shell:Creating package script '/home/nnimpit/smartbot_ws/smartbot/install/smartbot_cpp_examples/share/smartbot_cpp_examples/package.zsh'
[0.735s] Level 1:colcon.colcon_core.environment:create_file_with_runtime_dependencies(/home/nnimpit/smartbot_ws/smartbot/install/smartbot_cpp_examples/share/colcon-core/packages/smartbot_cpp_examples)
[0.749s] DEBUG:colcon.colcon_parallel_executor.executor.parallel:closing loop
[0.749s] DEBUG:colcon.colcon_parallel_executor.executor.parallel:loop closed
[0.749s] DEBUG:colcon.colcon_parallel_executor.executor.parallel:run_until_complete finished with '1'
[0.749s] DEBUG:colcon.colcon_core.event_reactor:joining thread
[0.755s] INFO:colcon.colcon_core.plugin_system:Skipping extension 'colcon_notification.desktop_notification.terminal_notifier': Not used on non-Darwin systems
[0.755s] INFO:colcon.colcon_core.plugin_system:Skipping extension 'colcon_notification.desktop_notification.win32': Not used on non-Windows systems
[0.755s] INFO:colcon.colcon_notification.desktop_notification:Sending desktop notification using 'notify2'
[0.765s] DEBUG:colcon.colcon_core.event_reactor:joined thread
[0.766s] INFO:colcon.colcon_core.shell:Creating prefix script '/home/nnimpit/smartbot_ws/smartbot/install/local_setup.ps1'
[0.766s] INFO:colcon.colcon_core.shell:Creating prefix util module '/home/nnimpit/smartbot_ws/smartbot/install/_local_setup_util_ps1.py'
[0.768s] INFO:colcon.colcon_core.shell:Creating prefix chain script '/home/nnimpit/smartbot_ws/smartbot/install/setup.ps1'
[0.769s] INFO:colcon.colcon_core.shell:Creating prefix script '/home/nnimpit/smartbot_ws/smartbot/install/local_setup.sh'
[0.769s] INFO:colcon.colcon_core.shell:Creating prefix util module '/home/nnimpit/smartbot_ws/smartbot/install/_local_setup_util_sh.py'
[0.769s] INFO:colcon.colcon_core.shell:Creating prefix chain script '/home/nnimpit/smartbot_ws/smartbot/install/setup.sh'
[0.770s] INFO:colcon.colcon_core.shell:Creating prefix script '/home/nnimpit/smartbot_ws/smartbot/install/local_setup.bash'
[0.770s] INFO:colcon.colcon_core.shell:Creating prefix chain script '/home/nnimpit/smartbot_ws/smartbot/install/setup.bash'
[0.770s] INFO:colcon.colcon_core.shell:Creating prefix script '/home/nnimpit/smartbot_ws/smartbot/install/local_setup.zsh'
[0.771s] INFO:colcon.colcon_core.shell:Creating prefix chain script '/home/nnimpit/smartbot_ws/smartbot/install/setup.zsh'
