[0.009s] Invoking command in '/home/nnimpit/smartbot_ws/smartbot/build/smartbot_description': CMAKE_PREFIX_PATH=/opt/ros/humble CONDA_PROMPT_MODIFIER=(base) /usr/bin/cmake --build /home/nnimpit/smartbot_ws/smartbot/build/smartbot_description -- -j12 -l12
[0.023s] -- Found ament_cmake: 1.3.10 (/opt/ros/humble/share/ament_cmake/cmake)
[0.112s] -- Found ament_lint_auto: 0.12.11 (/opt/ros/humble/share/ament_lint_auto/cmake)
[0.178s] -- Added test 'flake8' to check Python code syntax and style conventions
[0.179s] -- Added test 'lint_cmake' to check CMake code style
[0.179s] -- Added test 'pep257' to check Python code against some of the docstring style conventions in PEP 257
[0.180s] -- Added test 'xmllint' to check XML markup files
[0.180s] -- Configuring done
[0.183s] -- Generating done
[0.184s] -- Build files have been written to: /home/nnimpit/smartbot_ws/smartbot/build/smartbot_description
[0.208s] Invoked command in '/home/nnimpit/smartbot_ws/smartbot/build/smartbot_description' returned '0': CMAKE_PREFIX_PATH=/opt/ros/humble CONDA_PROMPT_MODIFIER=(base) /usr/bin/cmake --build /home/nnimpit/smartbot_ws/smartbot/build/smartbot_description -- -j12 -l12
[0.227s] Invoking command in '/home/nnimpit/smartbot_ws/smartbot/build/smartbot_description': CMAKE_PREFIX_PATH=/opt/ros/humble CONDA_PROMPT_MODIFIER=(base) /usr/bin/cmake --install /home/nnimpit/smartbot_ws/smartbot/build/smartbot_description
[0.231s] -- Install configuration: ""
[0.231s] -- Installing: /home/nnimpit/smartbot_ws/smartbot/install/smartbot_description/share/smartbot_description/meshes
[0.231s] -- Installing: /home/nnimpit/smartbot_ws/smartbot/install/smartbot_description/share/smartbot_description/meshes/wheel_left_link.STL
[0.232s] -- Installing: /home/nnimpit/smartbot_ws/smartbot/install/smartbot_description/share/smartbot_description/meshes/caster_rear_link.STL
[0.232s] -- Installing: /home/nnimpit/smartbot_ws/smartbot/install/smartbot_description/share/smartbot_description/meshes/wheel_right_link.STL
[0.233s] -- Installing: /home/nnimpit/smartbot_ws/smartbot/install/smartbot_description/share/smartbot_description/meshes/caster_front_link.STL
[0.234s] -- Installing: /home/nnimpit/smartbot_ws/smartbot/install/smartbot_description/share/smartbot_description/meshes/imu_link.STL
[0.234s] -- Installing: /home/nnimpit/smartbot_ws/smartbot/install/smartbot_description/share/smartbot_description/meshes/base_link.STL
[0.244s] -- Installing: /home/nnimpit/smartbot_ws/smartbot/install/smartbot_description/share/smartbot_description/urdf
[0.244s] -- Installing: /home/nnimpit/smartbot_ws/smartbot/install/smartbot_description/share/smartbot_description/urdf/smartbot.urdf.xacro
[0.245s] -- Installing: /home/nnimpit/smartbot_ws/smartbot/install/smartbot_description/share/smartbot_description/launch
[0.245s] -- Installing: /home/nnimpit/smartbot_ws/smartbot/install/smartbot_description/share/smartbot_description/launch/display.launch.py
[0.245s] -- Installing: /home/nnimpit/smartbot_ws/smartbot/install/smartbot_description/share/smartbot_description/rviz
[0.245s] -- Installing: /home/nnimpit/smartbot_ws/smartbot/install/smartbot_description/share/smartbot_description/rviz/display.rviz
[0.245s] -- Up-to-date: /home/nnimpit/smartbot_ws/smartbot/install/smartbot_description/share/ament_index/resource_index/package_run_dependencies/smartbot_description
[0.245s] -- Up-to-date: /home/nnimpit/smartbot_ws/smartbot/install/smartbot_description/share/ament_index/resource_index/parent_prefix_path/smartbot_description
[0.245s] -- Up-to-date: /home/nnimpit/smartbot_ws/smartbot/install/smartbot_description/share/smartbot_description/environment/ament_prefix_path.sh
[0.245s] -- Installing: /home/nnimpit/smartbot_ws/smartbot/install/smartbot_description/share/smartbot_description/environment/ament_prefix_path.dsv
[0.245s] -- Up-to-date: /home/nnimpit/smartbot_ws/smartbot/install/smartbot_description/share/smartbot_description/environment/path.sh
[0.245s] -- Installing: /home/nnimpit/smartbot_ws/smartbot/install/smartbot_description/share/smartbot_description/environment/path.dsv
[0.245s] -- Up-to-date: /home/nnimpit/smartbot_ws/smartbot/install/smartbot_description/share/smartbot_description/local_setup.bash
[0.245s] -- Up-to-date: /home/nnimpit/smartbot_ws/smartbot/install/smartbot_description/share/smartbot_description/local_setup.sh
[0.246s] -- Up-to-date: /home/nnimpit/smartbot_ws/smartbot/install/smartbot_description/share/smartbot_description/local_setup.zsh
[0.246s] -- Installing: /home/nnimpit/smartbot_ws/smartbot/install/smartbot_description/share/smartbot_description/local_setup.dsv
[0.246s] -- Installing: /home/nnimpit/smartbot_ws/smartbot/install/smartbot_description/share/smartbot_description/package.dsv
[0.246s] -- Up-to-date: /home/nnimpit/smartbot_ws/smartbot/install/smartbot_description/share/ament_index/resource_index/packages/smartbot_description
[0.246s] -- Up-to-date: /home/nnimpit/smartbot_ws/smartbot/install/smartbot_description/share/smartbot_description/cmake/smartbot_descriptionConfig.cmake
[0.246s] -- Up-to-date: /home/nnimpit/smartbot_ws/smartbot/install/smartbot_description/share/smartbot_description/cmake/smartbot_descriptionConfig-version.cmake
[0.246s] -- Up-to-date: /home/nnimpit/smartbot_ws/smartbot/install/smartbot_description/share/smartbot_description/package.xml
[0.247s] Invoked command in '/home/nnimpit/smartbot_ws/smartbot/build/smartbot_description' returned '0': CMAKE_PREFIX_PATH=/opt/ros/humble CONDA_PROMPT_MODIFIER=(base) /usr/bin/cmake --install /home/nnimpit/smartbot_ws/smartbot/build/smartbot_description
