[0.068s] DEBUG:colcon:Command line arguments: ['/usr/bin/colcon', 'build']
[0.068s] DEBUG:colcon:Parsed command line arguments: Namespace(log_base=None, log_level=None, verb_name='build', build_base='build', install_base='install', merge_install=False, symlink_install=False, test_result_base=None, continue_on_error=False, executor='parallel', parallel_workers=12, event_handlers=None, ignore_user_meta=False, metas=['./colcon.meta'], base_paths=['.'], packages_ignore=None, packages_ignore_regex=None, paths=None, packages_up_to=None, packages_up_to_regex=None, packages_above=None, packages_above_and_dependencies=None, packages_above_depth=None, packages_select_by_dep=None, packages_skip_by_dep=None, packages_skip_up_to=None, packages_select_build_failed=False, packages_skip_build_finished=False, packages_select_test_failures=False, packages_skip_test_passed=False, packages_select=None, packages_skip=None, packages_select_regex=None, packages_skip_regex=None, packages_start=None, packages_end=None, allow_overriding=[], cmake_args=None, cmake_target=None, cmake_target_skip_unavailable=False, cmake_clean_cache=False, cmake_clean_first=False, cmake_force_configure=False, ament_cmake_args=None, catkin_cmake_args=None, catkin_skip_building_tests=False, mixin_files=None, mixin=None, verb_parser=<colcon_mixin.mixin.mixin_argument.MixinArgumentDecorator object at 0x702ba74aab00>, verb_extension=<colcon_core.verb.build.BuildVerb object at 0x702ba763b1f0>, main=<bound method BuildVerb.main of <colcon_core.verb.build.BuildVerb object at 0x702ba763b1f0>>, mixin_verb=('build',))
[0.172s] Level 1:colcon.colcon_core.package_discovery:discover_packages(colcon_meta) check parameters
[0.173s] Level 1:colcon.colcon_core.package_discovery:discover_packages(recursive) check parameters
[0.173s] Level 1:colcon.colcon_core.package_discovery:discover_packages(ignore) check parameters
[0.173s] Level 1:colcon.colcon_core.package_discovery:discover_packages(path) check parameters
[0.173s] Level 1:colcon.colcon_core.package_discovery:discover_packages(colcon_meta) discover
[0.173s] Level 1:colcon.colcon_core.package_discovery:discover_packages(recursive) discover
[0.173s] INFO:colcon.colcon_core.package_discovery:Crawling recursively for packages in '/home/nnimpit/smartbot_ws/smartbot'
[0.173s] Level 1:colcon.colcon_core.package_identification:_identify(.) by extensions ['ignore', 'ignore_ament_install']
[0.173s] Level 1:colcon.colcon_core.package_identification:_identify(.) by extension 'ignore'
[0.173s] Level 1:colcon.colcon_core.package_identification:_identify(.) by extension 'ignore_ament_install'
[0.173s] Level 1:colcon.colcon_core.package_identification:_identify(.) by extensions ['colcon_pkg']
[0.173s] Level 1:colcon.colcon_core.package_identification:_identify(.) by extension 'colcon_pkg'
[0.173s] Level 1:colcon.colcon_core.package_identification:_identify(.) by extensions ['colcon_meta']
[0.173s] Level 1:colcon.colcon_core.package_identification:_identify(.) by extension 'colcon_meta'
[0.173s] Level 1:colcon.colcon_core.package_identification:_identify(.) by extensions ['ros']
[0.173s] Level 1:colcon.colcon_core.package_identification:_identify(.) by extension 'ros'
[0.181s] Level 1:colcon.colcon_core.package_identification:_identify(.) by extensions ['cmake', 'python']
[0.181s] Level 1:colcon.colcon_core.package_identification:_identify(.) by extension 'cmake'
[0.181s] Level 1:colcon.colcon_core.package_identification:_identify(.) by extension 'python'
[0.181s] Level 1:colcon.colcon_core.package_identification:_identify(.) by extensions ['python_setup_py']
[0.181s] Level 1:colcon.colcon_core.package_identification:_identify(.) by extension 'python_setup_py'
[0.181s] Level 1:colcon.colcon_core.package_identification:_identify(build) by extensions ['ignore', 'ignore_ament_install']
[0.182s] Level 1:colcon.colcon_core.package_identification:_identify(build) by extension 'ignore'
[0.182s] Level 1:colcon.colcon_core.package_identification:_identify(build) ignored
[0.182s] Level 1:colcon.colcon_core.package_identification:_identify(install) by extensions ['ignore', 'ignore_ament_install']
[0.182s] Level 1:colcon.colcon_core.package_identification:_identify(install) by extension 'ignore'
[0.182s] Level 1:colcon.colcon_core.package_identification:_identify(install) ignored
[0.182s] Level 1:colcon.colcon_core.package_identification:_identify(log) by extensions ['ignore', 'ignore_ament_install']
[0.182s] Level 1:colcon.colcon_core.package_identification:_identify(log) by extension 'ignore'
[0.182s] Level 1:colcon.colcon_core.package_identification:_identify(log) ignored
[0.182s] Level 1:colcon.colcon_core.package_identification:_identify(src) by extensions ['ignore', 'ignore_ament_install']
[0.182s] Level 1:colcon.colcon_core.package_identification:_identify(src) by extension 'ignore'
[0.182s] Level 1:colcon.colcon_core.package_identification:_identify(src) by extension 'ignore_ament_install'
[0.182s] Level 1:colcon.colcon_core.package_identification:_identify(src) by extensions ['colcon_pkg']
[0.182s] Level 1:colcon.colcon_core.package_identification:_identify(src) by extension 'colcon_pkg'
[0.182s] Level 1:colcon.colcon_core.package_identification:_identify(src) by extensions ['colcon_meta']
[0.182s] Level 1:colcon.colcon_core.package_identification:_identify(src) by extension 'colcon_meta'
[0.182s] Level 1:colcon.colcon_core.package_identification:_identify(src) by extensions ['ros']
[0.182s] Level 1:colcon.colcon_core.package_identification:_identify(src) by extension 'ros'
[0.182s] Level 1:colcon.colcon_core.package_identification:_identify(src) by extensions ['cmake', 'python']
[0.182s] Level 1:colcon.colcon_core.package_identification:_identify(src) by extension 'cmake'
[0.182s] Level 1:colcon.colcon_core.package_identification:_identify(src) by extension 'python'
[0.182s] Level 1:colcon.colcon_core.package_identification:_identify(src) by extensions ['python_setup_py']
[0.182s] Level 1:colcon.colcon_core.package_identification:_identify(src) by extension 'python_setup_py'
[0.182s] Level 1:colcon.colcon_core.package_identification:_identify(src/smartbot_controller) by extensions ['ignore', 'ignore_ament_install']
[0.182s] Level 1:colcon.colcon_core.package_identification:_identify(src/smartbot_controller) by extension 'ignore'
[0.182s] Level 1:colcon.colcon_core.package_identification:_identify(src/smartbot_controller) by extension 'ignore_ament_install'
[0.182s] Level 1:colcon.colcon_core.package_identification:_identify(src/smartbot_controller) by extensions ['colcon_pkg']
[0.182s] Level 1:colcon.colcon_core.package_identification:_identify(src/smartbot_controller) by extension 'colcon_pkg'
[0.182s] Level 1:colcon.colcon_core.package_identification:_identify(src/smartbot_controller) by extensions ['colcon_meta']
[0.182s] Level 1:colcon.colcon_core.package_identification:_identify(src/smartbot_controller) by extension 'colcon_meta'
[0.182s] Level 1:colcon.colcon_core.package_identification:_identify(src/smartbot_controller) by extensions ['ros']
[0.182s] Level 1:colcon.colcon_core.package_identification:_identify(src/smartbot_controller) by extension 'ros'
[0.184s] DEBUG:colcon.colcon_core.package_identification:Package 'src/smartbot_controller' with type 'ros.ament_cmake' and name 'smartbot_controller'
[0.184s] Level 1:colcon.colcon_core.package_identification:_identify(src/smartbot_cpp_examples) by extensions ['ignore', 'ignore_ament_install']
[0.184s] Level 1:colcon.colcon_core.package_identification:_identify(src/smartbot_cpp_examples) by extension 'ignore'
[0.184s] Level 1:colcon.colcon_core.package_identification:_identify(src/smartbot_cpp_examples) by extension 'ignore_ament_install'
[0.184s] Level 1:colcon.colcon_core.package_identification:_identify(src/smartbot_cpp_examples) by extensions ['colcon_pkg']
[0.184s] Level 1:colcon.colcon_core.package_identification:_identify(src/smartbot_cpp_examples) by extension 'colcon_pkg'
[0.184s] Level 1:colcon.colcon_core.package_identification:_identify(src/smartbot_cpp_examples) by extensions ['colcon_meta']
[0.184s] Level 1:colcon.colcon_core.package_identification:_identify(src/smartbot_cpp_examples) by extension 'colcon_meta'
[0.184s] Level 1:colcon.colcon_core.package_identification:_identify(src/smartbot_cpp_examples) by extensions ['ros']
[0.184s] Level 1:colcon.colcon_core.package_identification:_identify(src/smartbot_cpp_examples) by extension 'ros'
[0.185s] DEBUG:colcon.colcon_core.package_identification:Package 'src/smartbot_cpp_examples' with type 'ros.ament_cmake' and name 'smartbot_cpp_examples'
[0.185s] Level 1:colcon.colcon_core.package_identification:_identify(src/smartbot_description) by extensions ['ignore', 'ignore_ament_install']
[0.185s] Level 1:colcon.colcon_core.package_identification:_identify(src/smartbot_description) by extension 'ignore'
[0.185s] Level 1:colcon.colcon_core.package_identification:_identify(src/smartbot_description) by extension 'ignore_ament_install'
[0.185s] Level 1:colcon.colcon_core.package_identification:_identify(src/smartbot_description) by extensions ['colcon_pkg']
[0.185s] Level 1:colcon.colcon_core.package_identification:_identify(src/smartbot_description) by extension 'colcon_pkg'
[0.185s] Level 1:colcon.colcon_core.package_identification:_identify(src/smartbot_description) by extensions ['colcon_meta']
[0.185s] Level 1:colcon.colcon_core.package_identification:_identify(src/smartbot_description) by extension 'colcon_meta'
[0.185s] Level 1:colcon.colcon_core.package_identification:_identify(src/smartbot_description) by extensions ['ros']
[0.185s] Level 1:colcon.colcon_core.package_identification:_identify(src/smartbot_description) by extension 'ros'
[0.186s] DEBUG:colcon.colcon_core.package_identification:Package 'src/smartbot_description' with type 'ros.ament_cmake' and name 'smartbot_description'
[0.186s] Level 1:colcon.colcon_core.package_identification:_identify(src/smartbot_py_examples) by extensions ['ignore', 'ignore_ament_install']
[0.186s] Level 1:colcon.colcon_core.package_identification:_identify(src/smartbot_py_examples) by extension 'ignore'
[0.186s] Level 1:colcon.colcon_core.package_identification:_identify(src/smartbot_py_examples) by extension 'ignore_ament_install'
[0.186s] Level 1:colcon.colcon_core.package_identification:_identify(src/smartbot_py_examples) by extensions ['colcon_pkg']
[0.186s] Level 1:colcon.colcon_core.package_identification:_identify(src/smartbot_py_examples) by extension 'colcon_pkg'
[0.186s] Level 1:colcon.colcon_core.package_identification:_identify(src/smartbot_py_examples) by extensions ['colcon_meta']
[0.186s] Level 1:colcon.colcon_core.package_identification:_identify(src/smartbot_py_examples) by extension 'colcon_meta'
[0.186s] Level 1:colcon.colcon_core.package_identification:_identify(src/smartbot_py_examples) by extensions ['ros']
[0.186s] Level 1:colcon.colcon_core.package_identification:_identify(src/smartbot_py_examples) by extension 'ros'
[0.186s] DEBUG:colcon.colcon_core.package_identification:Package 'src/smartbot_py_examples' with type 'ros.ament_python' and name 'smartbot_py_examples'
[0.186s] Level 1:colcon.colcon_core.package_discovery:discover_packages(recursive) using defaults
[0.186s] Level 1:colcon.colcon_core.package_discovery:discover_packages(ignore) discover
[0.186s] Level 1:colcon.colcon_core.package_discovery:discover_packages(ignore) using defaults
[0.186s] Level 1:colcon.colcon_core.package_discovery:discover_packages(path) discover
[0.186s] Level 1:colcon.colcon_core.package_discovery:discover_packages(path) using defaults
[0.199s] Level 1:colcon.colcon_core.package_discovery:discover_packages(prefix_path) check parameters
[0.199s] Level 1:colcon.colcon_core.package_discovery:discover_packages(prefix_path) discover
[0.201s] DEBUG:colcon.colcon_installed_package_information.package_discovery:Found 328 installed packages in /opt/ros/humble
[0.212s] Level 1:colcon.colcon_core.package_discovery:discover_packages(prefix_path) using defaults
[0.235s] Level 5:colcon.colcon_core.verb:set package 'smartbot_controller' build argument 'cmake_args' from command line to 'None'
[0.235s] Level 5:colcon.colcon_core.verb:set package 'smartbot_controller' build argument 'cmake_target' from command line to 'None'
[0.235s] Level 5:colcon.colcon_core.verb:set package 'smartbot_controller' build argument 'cmake_target_skip_unavailable' from command line to 'False'
[0.235s] Level 5:colcon.colcon_core.verb:set package 'smartbot_controller' build argument 'cmake_clean_cache' from command line to 'False'
[0.235s] Level 5:colcon.colcon_core.verb:set package 'smartbot_controller' build argument 'cmake_clean_first' from command line to 'False'
[0.235s] Level 5:colcon.colcon_core.verb:set package 'smartbot_controller' build argument 'cmake_force_configure' from command line to 'False'
[0.235s] Level 5:colcon.colcon_core.verb:set package 'smartbot_controller' build argument 'ament_cmake_args' from command line to 'None'
[0.235s] Level 5:colcon.colcon_core.verb:set package 'smartbot_controller' build argument 'catkin_cmake_args' from command line to 'None'
[0.235s] Level 5:colcon.colcon_core.verb:set package 'smartbot_controller' build argument 'catkin_skip_building_tests' from command line to 'False'
[0.235s] DEBUG:colcon.colcon_core.verb:Building package 'smartbot_controller' with the following arguments: {'ament_cmake_args': None, 'build_base': '/home/nnimpit/smartbot_ws/smartbot/build/smartbot_controller', 'catkin_cmake_args': None, 'catkin_skip_building_tests': False, 'cmake_args': None, 'cmake_clean_cache': False, 'cmake_clean_first': False, 'cmake_force_configure': False, 'cmake_target': None, 'cmake_target_skip_unavailable': False, 'install_base': '/home/nnimpit/smartbot_ws/smartbot/install/smartbot_controller', 'merge_install': False, 'path': '/home/nnimpit/smartbot_ws/smartbot/src/smartbot_controller', 'symlink_install': False, 'test_result_base': None}
[0.235s] Level 5:colcon.colcon_core.verb:set package 'smartbot_cpp_examples' build argument 'cmake_args' from command line to 'None'
[0.235s] Level 5:colcon.colcon_core.verb:set package 'smartbot_cpp_examples' build argument 'cmake_target' from command line to 'None'
[0.235s] Level 5:colcon.colcon_core.verb:set package 'smartbot_cpp_examples' build argument 'cmake_target_skip_unavailable' from command line to 'False'
[0.235s] Level 5:colcon.colcon_core.verb:set package 'smartbot_cpp_examples' build argument 'cmake_clean_cache' from command line to 'False'
[0.235s] Level 5:colcon.colcon_core.verb:set package 'smartbot_cpp_examples' build argument 'cmake_clean_first' from command line to 'False'
[0.235s] Level 5:colcon.colcon_core.verb:set package 'smartbot_cpp_examples' build argument 'cmake_force_configure' from command line to 'False'
[0.235s] Level 5:colcon.colcon_core.verb:set package 'smartbot_cpp_examples' build argument 'ament_cmake_args' from command line to 'None'
[0.235s] Level 5:colcon.colcon_core.verb:set package 'smartbot_cpp_examples' build argument 'catkin_cmake_args' from command line to 'None'
[0.235s] Level 5:colcon.colcon_core.verb:set package 'smartbot_cpp_examples' build argument 'catkin_skip_building_tests' from command line to 'False'
[0.236s] DEBUG:colcon.colcon_core.verb:Building package 'smartbot_cpp_examples' with the following arguments: {'ament_cmake_args': None, 'build_base': '/home/nnimpit/smartbot_ws/smartbot/build/smartbot_cpp_examples', 'catkin_cmake_args': None, 'catkin_skip_building_tests': False, 'cmake_args': None, 'cmake_clean_cache': False, 'cmake_clean_first': False, 'cmake_force_configure': False, 'cmake_target': None, 'cmake_target_skip_unavailable': False, 'install_base': '/home/nnimpit/smartbot_ws/smartbot/install/smartbot_cpp_examples', 'merge_install': False, 'path': '/home/nnimpit/smartbot_ws/smartbot/src/smartbot_cpp_examples', 'symlink_install': False, 'test_result_base': None}
[0.236s] Level 5:colcon.colcon_core.verb:set package 'smartbot_description' build argument 'cmake_args' from command line to 'None'
[0.236s] Level 5:colcon.colcon_core.verb:set package 'smartbot_description' build argument 'cmake_target' from command line to 'None'
[0.236s] Level 5:colcon.colcon_core.verb:set package 'smartbot_description' build argument 'cmake_target_skip_unavailable' from command line to 'False'
[0.236s] Level 5:colcon.colcon_core.verb:set package 'smartbot_description' build argument 'cmake_clean_cache' from command line to 'False'
[0.236s] Level 5:colcon.colcon_core.verb:set package 'smartbot_description' build argument 'cmake_clean_first' from command line to 'False'
[0.236s] Level 5:colcon.colcon_core.verb:set package 'smartbot_description' build argument 'cmake_force_configure' from command line to 'False'
[0.236s] Level 5:colcon.colcon_core.verb:set package 'smartbot_description' build argument 'ament_cmake_args' from command line to 'None'
[0.236s] Level 5:colcon.colcon_core.verb:set package 'smartbot_description' build argument 'catkin_cmake_args' from command line to 'None'
[0.236s] Level 5:colcon.colcon_core.verb:set package 'smartbot_description' build argument 'catkin_skip_building_tests' from command line to 'False'
[0.236s] DEBUG:colcon.colcon_core.verb:Building package 'smartbot_description' with the following arguments: {'ament_cmake_args': None, 'build_base': '/home/nnimpit/smartbot_ws/smartbot/build/smartbot_description', 'catkin_cmake_args': None, 'catkin_skip_building_tests': False, 'cmake_args': None, 'cmake_clean_cache': False, 'cmake_clean_first': False, 'cmake_force_configure': False, 'cmake_target': None, 'cmake_target_skip_unavailable': False, 'install_base': '/home/nnimpit/smartbot_ws/smartbot/install/smartbot_description', 'merge_install': False, 'path': '/home/nnimpit/smartbot_ws/smartbot/src/smartbot_description', 'symlink_install': False, 'test_result_base': None}
[0.236s] Level 5:colcon.colcon_core.verb:set package 'smartbot_py_examples' build argument 'cmake_args' from command line to 'None'
[0.236s] Level 5:colcon.colcon_core.verb:set package 'smartbot_py_examples' build argument 'cmake_target' from command line to 'None'
[0.236s] Level 5:colcon.colcon_core.verb:set package 'smartbot_py_examples' build argument 'cmake_target_skip_unavailable' from command line to 'False'
[0.236s] Level 5:colcon.colcon_core.verb:set package 'smartbot_py_examples' build argument 'cmake_clean_cache' from command line to 'False'
[0.236s] Level 5:colcon.colcon_core.verb:set package 'smartbot_py_examples' build argument 'cmake_clean_first' from command line to 'False'
[0.236s] Level 5:colcon.colcon_core.verb:set package 'smartbot_py_examples' build argument 'cmake_force_configure' from command line to 'False'
[0.236s] Level 5:colcon.colcon_core.verb:set package 'smartbot_py_examples' build argument 'ament_cmake_args' from command line to 'None'
[0.236s] Level 5:colcon.colcon_core.verb:set package 'smartbot_py_examples' build argument 'catkin_cmake_args' from command line to 'None'
[0.236s] Level 5:colcon.colcon_core.verb:set package 'smartbot_py_examples' build argument 'catkin_skip_building_tests' from command line to 'False'
[0.236s] DEBUG:colcon.colcon_core.verb:Building package 'smartbot_py_examples' with the following arguments: {'ament_cmake_args': None, 'build_base': '/home/nnimpit/smartbot_ws/smartbot/build/smartbot_py_examples', 'catkin_cmake_args': None, 'catkin_skip_building_tests': False, 'cmake_args': None, 'cmake_clean_cache': False, 'cmake_clean_first': False, 'cmake_force_configure': False, 'cmake_target': None, 'cmake_target_skip_unavailable': False, 'install_base': '/home/nnimpit/smartbot_ws/smartbot/install/smartbot_py_examples', 'merge_install': False, 'path': '/home/nnimpit/smartbot_ws/smartbot/src/smartbot_py_examples', 'symlink_install': False, 'test_result_base': None}
[0.236s] INFO:colcon.colcon_core.executor:Executing jobs using 'parallel' executor
[0.237s] DEBUG:colcon.colcon_parallel_executor.executor.parallel:run_until_complete
[0.238s] INFO:colcon.colcon_ros.task.ament_cmake.build:Building ROS package in '/home/nnimpit/smartbot_ws/smartbot/src/smartbot_controller' with build type 'ament_cmake'
[0.238s] INFO:colcon.colcon_cmake.task.cmake.build:Building CMake package in '/home/nnimpit/smartbot_ws/smartbot/src/smartbot_controller'
[0.239s] INFO:colcon.colcon_core.plugin_system:Skipping extension 'colcon_core.shell.bat': Not used on non-Windows systems
[0.239s] INFO:colcon.colcon_core.shell:Skip shell extension 'powershell' for command environment: Not usable outside of PowerShell
[0.239s] DEBUG:colcon.colcon_core.shell:Skip shell extension 'dsv' for command environment
[0.241s] INFO:colcon.colcon_ros.task.ament_cmake.build:Building ROS package in '/home/nnimpit/smartbot_ws/smartbot/src/smartbot_cpp_examples' with build type 'ament_cmake'
[0.241s] INFO:colcon.colcon_cmake.task.cmake.build:Building CMake package in '/home/nnimpit/smartbot_ws/smartbot/src/smartbot_cpp_examples'
[0.242s] INFO:colcon.colcon_core.shell:Skip shell extension 'powershell' for command environment: Not usable outside of PowerShell
[0.242s] DEBUG:colcon.colcon_core.shell:Skip shell extension 'dsv' for command environment
[0.243s] INFO:colcon.colcon_ros.task.ament_cmake.build:Building ROS package in '/home/nnimpit/smartbot_ws/smartbot/src/smartbot_description' with build type 'ament_cmake'
[0.243s] INFO:colcon.colcon_cmake.task.cmake.build:Building CMake package in '/home/nnimpit/smartbot_ws/smartbot/src/smartbot_description'
[0.244s] INFO:colcon.colcon_core.shell:Skip shell extension 'powershell' for command environment: Not usable outside of PowerShell
[0.244s] DEBUG:colcon.colcon_core.shell:Skip shell extension 'dsv' for command environment
[0.246s] INFO:colcon.colcon_ros.task.ament_python.build:Building ROS package in '/home/nnimpit/smartbot_ws/smartbot/src/smartbot_py_examples' with build type 'ament_python'
[0.246s] Level 1:colcon.colcon_core.shell:create_environment_hook('smartbot_py_examples', 'ament_prefix_path')
[0.246s] INFO:colcon.colcon_core.shell:Creating environment hook '/home/nnimpit/smartbot_ws/smartbot/install/smartbot_py_examples/share/smartbot_py_examples/hook/ament_prefix_path.ps1'
[0.246s] INFO:colcon.colcon_core.shell:Creating environment descriptor '/home/nnimpit/smartbot_ws/smartbot/install/smartbot_py_examples/share/smartbot_py_examples/hook/ament_prefix_path.dsv'
[0.247s] INFO:colcon.colcon_core.shell:Creating environment hook '/home/nnimpit/smartbot_ws/smartbot/install/smartbot_py_examples/share/smartbot_py_examples/hook/ament_prefix_path.sh'
[0.247s] INFO:colcon.colcon_core.shell:Skip shell extension 'powershell' for command environment: Not usable outside of PowerShell
[0.247s] DEBUG:colcon.colcon_core.shell:Skip shell extension 'dsv' for command environment
[0.253s] DEBUG:colcon.colcon_core.event_handler.log_command:Invoking command in '/home/nnimpit/smartbot_ws/smartbot/build/smartbot_controller': CMAKE_PREFIX_PATH=/opt/ros/humble CONDA_PROMPT_MODIFIER=(base) /usr/bin/cmake --build /home/nnimpit/smartbot_ws/smartbot/build/smartbot_controller -- -j12 -l12
[0.255s] DEBUG:colcon.colcon_core.event_handler.log_command:Invoking command in '/home/nnimpit/smartbot_ws/smartbot/build/smartbot_cpp_examples': CMAKE_PREFIX_PATH=/opt/ros/humble CONDA_PROMPT_MODIFIER=(base) /usr/bin/cmake --build /home/nnimpit/smartbot_ws/smartbot/build/smartbot_cpp_examples -- -j12 -l12
[0.260s] DEBUG:colcon.colcon_core.event_handler.log_command:Invoking command in '/home/nnimpit/smartbot_ws/smartbot/build/smartbot_description': CMAKE_PREFIX_PATH=/opt/ros/humble CONDA_PROMPT_MODIFIER=(base) /usr/bin/cmake --build /home/nnimpit/smartbot_ws/smartbot/build/smartbot_description -- -j12 -l12
[0.456s] INFO:colcon.colcon_core.task.python.build:Building Python package in '/home/nnimpit/smartbot_ws/smartbot/src/smartbot_py_examples'
[0.456s] INFO:colcon.colcon_core.shell:Skip shell extension 'powershell' for command environment: Not usable outside of PowerShell
[0.456s] DEBUG:colcon.colcon_core.shell:Skip shell extension 'dsv' for command environment
[0.460s] DEBUG:colcon.colcon_core.event_handler.log_command:Invoked command in '/home/nnimpit/smartbot_ws/smartbot/build/smartbot_cpp_examples' returned '0': CMAKE_PREFIX_PATH=/opt/ros/humble CONDA_PROMPT_MODIFIER=(base) /usr/bin/cmake --build /home/nnimpit/smartbot_ws/smartbot/build/smartbot_cpp_examples -- -j12 -l12
[0.461s] DEBUG:colcon.colcon_core.event_handler.log_command:Invoked command in '/home/nnimpit/smartbot_ws/smartbot/build/smartbot_description' returned '0': CMAKE_PREFIX_PATH=/opt/ros/humble CONDA_PROMPT_MODIFIER=(base) /usr/bin/cmake --build /home/nnimpit/smartbot_ws/smartbot/build/smartbot_description -- -j12 -l12
[0.483s] DEBUG:colcon.colcon_core.event_handler.log_command:Invoking command in '/home/nnimpit/smartbot_ws/smartbot/build/smartbot_cpp_examples': CMAKE_PREFIX_PATH=/opt/ros/humble CONDA_PROMPT_MODIFIER=(base) /usr/bin/cmake --install /home/nnimpit/smartbot_ws/smartbot/build/smartbot_cpp_examples
[0.485s] DEBUG:colcon.colcon_core.event_handler.log_command:Invoking command in '/home/nnimpit/smartbot_ws/smartbot/build/smartbot_description': CMAKE_PREFIX_PATH=/opt/ros/humble CONDA_PROMPT_MODIFIER=(base) /usr/bin/cmake --install /home/nnimpit/smartbot_ws/smartbot/build/smartbot_description
[0.490s] Level 1:colcon.colcon_core.environment:create_environment_scripts_only(smartbot_cpp_examples)
[0.491s] DEBUG:colcon.colcon_core.event_handler.log_command:Invoked command in '/home/nnimpit/smartbot_ws/smartbot/build/smartbot_cpp_examples' returned '0': CMAKE_PREFIX_PATH=/opt/ros/humble CONDA_PROMPT_MODIFIER=(base) /usr/bin/cmake --install /home/nnimpit/smartbot_ws/smartbot/build/smartbot_cpp_examples
[0.496s] Level 1:colcon.colcon_core.environment:checking '/home/nnimpit/smartbot_ws/smartbot/install/smartbot_cpp_examples' for CMake module files
[0.498s] Level 1:colcon.colcon_core.environment:checking '/home/nnimpit/smartbot_ws/smartbot/install/smartbot_cpp_examples' for CMake config files
[0.498s] Level 1:colcon.colcon_core.shell:create_environment_hook('smartbot_cpp_examples', 'cmake_prefix_path')
[0.498s] INFO:colcon.colcon_core.shell:Creating environment hook '/home/nnimpit/smartbot_ws/smartbot/install/smartbot_cpp_examples/share/smartbot_cpp_examples/hook/cmake_prefix_path.ps1'
[0.499s] INFO:colcon.colcon_core.shell:Creating environment descriptor '/home/nnimpit/smartbot_ws/smartbot/install/smartbot_cpp_examples/share/smartbot_cpp_examples/hook/cmake_prefix_path.dsv'
[0.499s] INFO:colcon.colcon_core.shell:Creating environment hook '/home/nnimpit/smartbot_ws/smartbot/install/smartbot_cpp_examples/share/smartbot_cpp_examples/hook/cmake_prefix_path.sh'
[0.500s] Level 1:colcon.colcon_core.environment:checking '/home/nnimpit/smartbot_ws/smartbot/install/smartbot_cpp_examples/bin'
[0.500s] Level 1:colcon.colcon_core.environment:checking '/home/nnimpit/smartbot_ws/smartbot/install/smartbot_cpp_examples/lib/pkgconfig/smartbot_cpp_examples.pc'
[0.500s] Level 1:colcon.colcon_core.environment:checking '/home/nnimpit/smartbot_ws/smartbot/install/smartbot_cpp_examples/lib/python3.10/site-packages'
[0.500s] Level 1:colcon.colcon_core.environment:checking '/home/nnimpit/smartbot_ws/smartbot/install/smartbot_cpp_examples/bin'
[0.500s] INFO:colcon.colcon_core.shell:Creating package script '/home/nnimpit/smartbot_ws/smartbot/install/smartbot_cpp_examples/share/smartbot_cpp_examples/package.ps1'
[0.501s] INFO:colcon.colcon_core.shell:Creating package descriptor '/home/nnimpit/smartbot_ws/smartbot/install/smartbot_cpp_examples/share/smartbot_cpp_examples/package.dsv'
[0.502s] INFO:colcon.colcon_core.shell:Creating package script '/home/nnimpit/smartbot_ws/smartbot/install/smartbot_cpp_examples/share/smartbot_cpp_examples/package.sh'
[0.502s] INFO:colcon.colcon_core.shell:Creating package script '/home/nnimpit/smartbot_ws/smartbot/install/smartbot_cpp_examples/share/smartbot_cpp_examples/package.bash'
[0.503s] INFO:colcon.colcon_core.shell:Creating package script '/home/nnimpit/smartbot_ws/smartbot/install/smartbot_cpp_examples/share/smartbot_cpp_examples/package.zsh'
[0.503s] Level 1:colcon.colcon_core.environment:create_file_with_runtime_dependencies(/home/nnimpit/smartbot_ws/smartbot/install/smartbot_cpp_examples/share/colcon-core/packages/smartbot_cpp_examples)
[0.504s] Level 1:colcon.colcon_core.environment:create_environment_scripts_only(smartbot_description)
[0.504s] Level 1:colcon.colcon_core.environment:checking '/home/nnimpit/smartbot_ws/smartbot/install/smartbot_description' for CMake module files
[0.505s] DEBUG:colcon.colcon_core.event_handler.log_command:Invoked command in '/home/nnimpit/smartbot_ws/smartbot/build/smartbot_description' returned '0': CMAKE_PREFIX_PATH=/opt/ros/humble CONDA_PROMPT_MODIFIER=(base) /usr/bin/cmake --install /home/nnimpit/smartbot_ws/smartbot/build/smartbot_description
[0.505s] Level 1:colcon.colcon_core.environment:checking '/home/nnimpit/smartbot_ws/smartbot/install/smartbot_description' for CMake config files
[0.506s] Level 1:colcon.colcon_core.shell:create_environment_hook('smartbot_description', 'cmake_prefix_path')
[0.506s] INFO:colcon.colcon_core.shell:Creating environment hook '/home/nnimpit/smartbot_ws/smartbot/install/smartbot_description/share/smartbot_description/hook/cmake_prefix_path.ps1'
[0.507s] INFO:colcon.colcon_core.shell:Creating environment descriptor '/home/nnimpit/smartbot_ws/smartbot/install/smartbot_description/share/smartbot_description/hook/cmake_prefix_path.dsv'
[0.507s] INFO:colcon.colcon_core.shell:Creating environment hook '/home/nnimpit/smartbot_ws/smartbot/install/smartbot_description/share/smartbot_description/hook/cmake_prefix_path.sh'
[0.508s] Level 1:colcon.colcon_core.environment:checking '/home/nnimpit/smartbot_ws/smartbot/install/smartbot_description/bin'
[0.508s] Level 1:colcon.colcon_core.environment:checking '/home/nnimpit/smartbot_ws/smartbot/install/smartbot_description/lib/pkgconfig/smartbot_description.pc'
[0.508s] Level 1:colcon.colcon_core.environment:checking '/home/nnimpit/smartbot_ws/smartbot/install/smartbot_description/lib/python3.10/site-packages'
[0.509s] Level 1:colcon.colcon_core.environment:checking '/home/nnimpit/smartbot_ws/smartbot/install/smartbot_description/bin'
[0.509s] INFO:colcon.colcon_core.shell:Creating package script '/home/nnimpit/smartbot_ws/smartbot/install/smartbot_description/share/smartbot_description/package.ps1'
[0.510s] INFO:colcon.colcon_core.shell:Creating package descriptor '/home/nnimpit/smartbot_ws/smartbot/install/smartbot_description/share/smartbot_description/package.dsv'
[0.510s] INFO:colcon.colcon_core.shell:Creating package script '/home/nnimpit/smartbot_ws/smartbot/install/smartbot_description/share/smartbot_description/package.sh'
[0.510s] INFO:colcon.colcon_core.shell:Creating package script '/home/nnimpit/smartbot_ws/smartbot/install/smartbot_description/share/smartbot_description/package.bash'
[0.510s] INFO:colcon.colcon_core.shell:Creating package script '/home/nnimpit/smartbot_ws/smartbot/install/smartbot_description/share/smartbot_description/package.zsh'
[0.511s] Level 1:colcon.colcon_core.environment:create_file_with_runtime_dependencies(/home/nnimpit/smartbot_ws/smartbot/install/smartbot_description/share/colcon-core/packages/smartbot_description)
[0.522s] Level 1:colcon.colcon_core.environment:create_environment_scripts_only(smartbot_cpp_examples)
[0.522s] Level 1:colcon.colcon_core.environment:checking '/home/nnimpit/smartbot_ws/smartbot/install/smartbot_cpp_examples' for CMake module files
[0.523s] Level 1:colcon.colcon_core.environment:checking '/home/nnimpit/smartbot_ws/smartbot/install/smartbot_cpp_examples' for CMake config files
[0.523s] Level 1:colcon.colcon_core.shell:create_environment_hook('smartbot_cpp_examples', 'cmake_prefix_path')
[0.523s] INFO:colcon.colcon_core.shell:Creating environment hook '/home/nnimpit/smartbot_ws/smartbot/install/smartbot_cpp_examples/share/smartbot_cpp_examples/hook/cmake_prefix_path.ps1'
[0.524s] INFO:colcon.colcon_core.shell:Creating environment descriptor '/home/nnimpit/smartbot_ws/smartbot/install/smartbot_cpp_examples/share/smartbot_cpp_examples/hook/cmake_prefix_path.dsv'
[0.524s] INFO:colcon.colcon_core.shell:Creating environment hook '/home/nnimpit/smartbot_ws/smartbot/install/smartbot_cpp_examples/share/smartbot_cpp_examples/hook/cmake_prefix_path.sh'
[0.525s] Level 1:colcon.colcon_core.environment:checking '/home/nnimpit/smartbot_ws/smartbot/install/smartbot_cpp_examples/bin'
[0.525s] Level 1:colcon.colcon_core.environment:checking '/home/nnimpit/smartbot_ws/smartbot/install/smartbot_cpp_examples/lib/pkgconfig/smartbot_cpp_examples.pc'
[0.525s] Level 1:colcon.colcon_core.environment:checking '/home/nnimpit/smartbot_ws/smartbot/install/smartbot_cpp_examples/lib/python3.10/site-packages'
[0.525s] Level 1:colcon.colcon_core.environment:checking '/home/nnimpit/smartbot_ws/smartbot/install/smartbot_cpp_examples/bin'
[0.526s] INFO:colcon.colcon_core.shell:Creating package script '/home/nnimpit/smartbot_ws/smartbot/install/smartbot_cpp_examples/share/smartbot_cpp_examples/package.ps1'
[0.526s] INFO:colcon.colcon_core.shell:Creating package descriptor '/home/nnimpit/smartbot_ws/smartbot/install/smartbot_cpp_examples/share/smartbot_cpp_examples/package.dsv'
[0.527s] INFO:colcon.colcon_core.shell:Creating package script '/home/nnimpit/smartbot_ws/smartbot/install/smartbot_cpp_examples/share/smartbot_cpp_examples/package.sh'
[0.527s] INFO:colcon.colcon_core.shell:Creating package script '/home/nnimpit/smartbot_ws/smartbot/install/smartbot_cpp_examples/share/smartbot_cpp_examples/package.bash'
[0.528s] INFO:colcon.colcon_core.shell:Creating package script '/home/nnimpit/smartbot_ws/smartbot/install/smartbot_cpp_examples/share/smartbot_cpp_examples/package.zsh'
[0.528s] Level 1:colcon.colcon_core.environment:create_file_with_runtime_dependencies(/home/nnimpit/smartbot_ws/smartbot/install/smartbot_cpp_examples/share/colcon-core/packages/smartbot_cpp_examples)
[0.529s] Level 1:colcon.colcon_core.environment:create_environment_scripts_only(smartbot_description)
[0.530s] Level 1:colcon.colcon_core.environment:checking '/home/nnimpit/smartbot_ws/smartbot/install/smartbot_description' for CMake module files
[0.530s] Level 1:colcon.colcon_core.environment:checking '/home/nnimpit/smartbot_ws/smartbot/install/smartbot_description' for CMake config files
[0.531s] Level 1:colcon.colcon_core.shell:create_environment_hook('smartbot_description', 'cmake_prefix_path')
[0.531s] INFO:colcon.colcon_core.shell:Creating environment hook '/home/nnimpit/smartbot_ws/smartbot/install/smartbot_description/share/smartbot_description/hook/cmake_prefix_path.ps1'
[0.531s] INFO:colcon.colcon_core.shell:Creating environment descriptor '/home/nnimpit/smartbot_ws/smartbot/install/smartbot_description/share/smartbot_description/hook/cmake_prefix_path.dsv'
[0.532s] INFO:colcon.colcon_core.shell:Creating environment hook '/home/nnimpit/smartbot_ws/smartbot/install/smartbot_description/share/smartbot_description/hook/cmake_prefix_path.sh'
[0.532s] Level 1:colcon.colcon_core.environment:checking '/home/nnimpit/smartbot_ws/smartbot/install/smartbot_description/bin'
[0.532s] Level 1:colcon.colcon_core.environment:checking '/home/nnimpit/smartbot_ws/smartbot/install/smartbot_description/lib/pkgconfig/smartbot_description.pc'
[0.533s] Level 1:colcon.colcon_core.environment:checking '/home/nnimpit/smartbot_ws/smartbot/install/smartbot_description/lib/python3.10/site-packages'
[0.533s] Level 1:colcon.colcon_core.environment:checking '/home/nnimpit/smartbot_ws/smartbot/install/smartbot_description/bin'
[0.533s] INFO:colcon.colcon_core.shell:Creating package script '/home/nnimpit/smartbot_ws/smartbot/install/smartbot_description/share/smartbot_description/package.ps1'
[0.534s] INFO:colcon.colcon_core.shell:Creating package descriptor '/home/nnimpit/smartbot_ws/smartbot/install/smartbot_description/share/smartbot_description/package.dsv'
[0.534s] INFO:colcon.colcon_core.shell:Creating package script '/home/nnimpit/smartbot_ws/smartbot/install/smartbot_description/share/smartbot_description/package.sh'
[0.535s] INFO:colcon.colcon_core.shell:Creating package script '/home/nnimpit/smartbot_ws/smartbot/install/smartbot_description/share/smartbot_description/package.bash'
[0.535s] INFO:colcon.colcon_core.shell:Creating package script '/home/nnimpit/smartbot_ws/smartbot/install/smartbot_description/share/smartbot_description/package.zsh'
[0.535s] Level 1:colcon.colcon_core.environment:create_file_with_runtime_dependencies(/home/nnimpit/smartbot_ws/smartbot/install/smartbot_description/share/colcon-core/packages/smartbot_description)
[0.743s] DEBUG:colcon.colcon_core.event_handler.log_command:Invoking command in '/home/nnimpit/smartbot_ws/smartbot/src/smartbot_py_examples': CONDA_PROMPT_MODIFIER=(base) PYTHONPATH=/home/nnimpit/smartbot_ws/smartbot/build/smartbot_py_examples/prefix_override:/usr/lib/python3/dist-packages/colcon_core/task/python/colcon_distutils_commands:/home/nnimpit/smartbot_ws/smartbot/install/smartbot_py_examples/lib/python3.10/site-packages:${PYTHONPATH} /usr/bin/python3 -W ignore:setup.py install is deprecated setup.py egg_info --egg-base ../../build/smartbot_py_examples build --build-base /home/nnimpit/smartbot_ws/smartbot/build/smartbot_py_examples/build install --record /home/nnimpit/smartbot_ws/smartbot/build/smartbot_py_examples/install.log --single-version-externally-managed install_data
[0.949s] Level 1:colcon.colcon_core.environment:checking '/home/nnimpit/smartbot_ws/smartbot/install/smartbot_py_examples' for CMake module files
[0.949s] DEBUG:colcon.colcon_core.event_handler.log_command:Invoked command in '/home/nnimpit/smartbot_ws/smartbot/src/smartbot_py_examples' returned '0': CONDA_PROMPT_MODIFIER=(base) PYTHONPATH=/home/nnimpit/smartbot_ws/smartbot/build/smartbot_py_examples/prefix_override:/usr/lib/python3/dist-packages/colcon_core/task/python/colcon_distutils_commands:/home/nnimpit/smartbot_ws/smartbot/install/smartbot_py_examples/lib/python3.10/site-packages:${PYTHONPATH} /usr/bin/python3 -W ignore:setup.py install is deprecated setup.py egg_info --egg-base ../../build/smartbot_py_examples build --build-base /home/nnimpit/smartbot_ws/smartbot/build/smartbot_py_examples/build install --record /home/nnimpit/smartbot_ws/smartbot/build/smartbot_py_examples/install.log --single-version-externally-managed install_data
[0.950s] Level 1:colcon.colcon_core.environment:checking '/home/nnimpit/smartbot_ws/smartbot/install/smartbot_py_examples' for CMake config files
[0.950s] Level 1:colcon.colcon_core.environment:checking '/home/nnimpit/smartbot_ws/smartbot/install/smartbot_py_examples/lib'
[0.950s] Level 1:colcon.colcon_core.environment:checking '/home/nnimpit/smartbot_ws/smartbot/install/smartbot_py_examples/bin'
[0.950s] Level 1:colcon.colcon_core.environment:checking '/home/nnimpit/smartbot_ws/smartbot/install/smartbot_py_examples/lib/pkgconfig/smartbot_py_examples.pc'
[0.951s] Level 1:colcon.colcon_core.environment:checking '/home/nnimpit/smartbot_ws/smartbot/install/smartbot_py_examples/lib/python3.10/site-packages'
[0.951s] Level 1:colcon.colcon_core.shell:create_environment_hook('smartbot_py_examples', 'pythonpath')
[0.951s] INFO:colcon.colcon_core.shell:Creating environment hook '/home/nnimpit/smartbot_ws/smartbot/install/smartbot_py_examples/share/smartbot_py_examples/hook/pythonpath.ps1'
[0.951s] INFO:colcon.colcon_core.shell:Creating environment descriptor '/home/nnimpit/smartbot_ws/smartbot/install/smartbot_py_examples/share/smartbot_py_examples/hook/pythonpath.dsv'
[0.951s] INFO:colcon.colcon_core.shell:Creating environment hook '/home/nnimpit/smartbot_ws/smartbot/install/smartbot_py_examples/share/smartbot_py_examples/hook/pythonpath.sh'
[0.952s] Level 1:colcon.colcon_core.environment:checking '/home/nnimpit/smartbot_ws/smartbot/install/smartbot_py_examples/bin'
[0.952s] Level 1:colcon.colcon_core.environment:create_environment_scripts_only(smartbot_py_examples)
[0.952s] INFO:colcon.colcon_core.shell:Creating package script '/home/nnimpit/smartbot_ws/smartbot/install/smartbot_py_examples/share/smartbot_py_examples/package.ps1'
[0.952s] INFO:colcon.colcon_core.shell:Creating package descriptor '/home/nnimpit/smartbot_ws/smartbot/install/smartbot_py_examples/share/smartbot_py_examples/package.dsv'
[0.952s] INFO:colcon.colcon_core.shell:Creating package script '/home/nnimpit/smartbot_ws/smartbot/install/smartbot_py_examples/share/smartbot_py_examples/package.sh'
[0.953s] INFO:colcon.colcon_core.shell:Creating package script '/home/nnimpit/smartbot_ws/smartbot/install/smartbot_py_examples/share/smartbot_py_examples/package.bash'
[0.953s] INFO:colcon.colcon_core.shell:Creating package script '/home/nnimpit/smartbot_ws/smartbot/install/smartbot_py_examples/share/smartbot_py_examples/package.zsh'
[0.953s] Level 1:colcon.colcon_core.environment:create_file_with_runtime_dependencies(/home/nnimpit/smartbot_ws/smartbot/install/smartbot_py_examples/share/colcon-core/packages/smartbot_py_examples)
[1.130s] DEBUG:colcon.colcon_core.event_handler.log_command:Invoked command in '/home/nnimpit/smartbot_ws/smartbot/build/smartbot_controller' returned '2': CMAKE_PREFIX_PATH=/opt/ros/humble CONDA_PROMPT_MODIFIER=(base) /usr/bin/cmake --build /home/nnimpit/smartbot_ws/smartbot/build/smartbot_controller -- -j12 -l12
[1.150s] Level 1:colcon.colcon_core.environment:create_environment_scripts_only(smartbot_controller)
[1.150s] Level 1:colcon.colcon_core.environment:checking '/home/nnimpit/smartbot_ws/smartbot/install/smartbot_controller' for CMake module files
[1.151s] Level 1:colcon.colcon_core.environment:checking '/home/nnimpit/smartbot_ws/smartbot/install/smartbot_controller' for CMake config files
[1.151s] Level 1:colcon.colcon_core.shell:create_environment_hook('smartbot_controller', 'cmake_prefix_path')
[1.151s] INFO:colcon.colcon_core.shell:Creating environment hook '/home/nnimpit/smartbot_ws/smartbot/install/smartbot_controller/share/smartbot_controller/hook/cmake_prefix_path.ps1'
[1.152s] INFO:colcon.colcon_core.shell:Creating environment descriptor '/home/nnimpit/smartbot_ws/smartbot/install/smartbot_controller/share/smartbot_controller/hook/cmake_prefix_path.dsv'
[1.152s] INFO:colcon.colcon_core.shell:Creating environment hook '/home/nnimpit/smartbot_ws/smartbot/install/smartbot_controller/share/smartbot_controller/hook/cmake_prefix_path.sh'
[1.153s] Level 1:colcon.colcon_core.environment:checking '/home/nnimpit/smartbot_ws/smartbot/install/smartbot_controller/lib'
[1.153s] Level 1:colcon.colcon_core.environment:checking '/home/nnimpit/smartbot_ws/smartbot/install/smartbot_controller/bin'
[1.153s] Level 1:colcon.colcon_core.environment:checking '/home/nnimpit/smartbot_ws/smartbot/install/smartbot_controller/lib/pkgconfig/smartbot_controller.pc'
[1.153s] Level 1:colcon.colcon_core.environment:checking '/home/nnimpit/smartbot_ws/smartbot/install/smartbot_controller/lib/python3.10/site-packages'
[1.154s] Level 1:colcon.colcon_core.environment:checking '/home/nnimpit/smartbot_ws/smartbot/install/smartbot_controller/bin'
[1.154s] INFO:colcon.colcon_core.shell:Creating package script '/home/nnimpit/smartbot_ws/smartbot/install/smartbot_controller/share/smartbot_controller/package.ps1'
[1.155s] INFO:colcon.colcon_core.shell:Creating package descriptor '/home/nnimpit/smartbot_ws/smartbot/install/smartbot_controller/share/smartbot_controller/package.dsv'
[1.155s] INFO:colcon.colcon_core.shell:Creating package script '/home/nnimpit/smartbot_ws/smartbot/install/smartbot_controller/share/smartbot_controller/package.sh'
[1.156s] INFO:colcon.colcon_core.shell:Creating package script '/home/nnimpit/smartbot_ws/smartbot/install/smartbot_controller/share/smartbot_controller/package.bash'
[1.156s] INFO:colcon.colcon_core.shell:Creating package script '/home/nnimpit/smartbot_ws/smartbot/install/smartbot_controller/share/smartbot_controller/package.zsh'
[1.157s] Level 1:colcon.colcon_core.environment:create_file_with_runtime_dependencies(/home/nnimpit/smartbot_ws/smartbot/install/smartbot_controller/share/colcon-core/packages/smartbot_controller)
[1.167s] DEBUG:colcon.colcon_parallel_executor.executor.parallel:closing loop
[1.167s] DEBUG:colcon.colcon_parallel_executor.executor.parallel:loop closed
[1.168s] DEBUG:colcon.colcon_parallel_executor.executor.parallel:run_until_complete finished with '2'
[1.168s] DEBUG:colcon.colcon_core.event_reactor:joining thread
[1.173s] INFO:colcon.colcon_core.plugin_system:Skipping extension 'colcon_notification.desktop_notification.terminal_notifier': Not used on non-Darwin systems
[1.173s] INFO:colcon.colcon_core.plugin_system:Skipping extension 'colcon_notification.desktop_notification.win32': Not used on non-Windows systems
[1.173s] INFO:colcon.colcon_notification.desktop_notification:Sending desktop notification using 'notify2'
[1.185s] DEBUG:colcon.colcon_core.event_reactor:joined thread
[1.186s] INFO:colcon.colcon_core.shell:Creating prefix script '/home/nnimpit/smartbot_ws/smartbot/install/local_setup.ps1'
[1.187s] INFO:colcon.colcon_core.shell:Creating prefix util module '/home/nnimpit/smartbot_ws/smartbot/install/_local_setup_util_ps1.py'
[1.188s] INFO:colcon.colcon_core.shell:Creating prefix chain script '/home/nnimpit/smartbot_ws/smartbot/install/setup.ps1'
[1.190s] INFO:colcon.colcon_core.shell:Creating prefix script '/home/nnimpit/smartbot_ws/smartbot/install/local_setup.sh'
[1.190s] INFO:colcon.colcon_core.shell:Creating prefix util module '/home/nnimpit/smartbot_ws/smartbot/install/_local_setup_util_sh.py'
[1.191s] INFO:colcon.colcon_core.shell:Creating prefix chain script '/home/nnimpit/smartbot_ws/smartbot/install/setup.sh'
[1.191s] INFO:colcon.colcon_core.shell:Creating prefix script '/home/nnimpit/smartbot_ws/smartbot/install/local_setup.bash'
[1.192s] INFO:colcon.colcon_core.shell:Creating prefix chain script '/home/nnimpit/smartbot_ws/smartbot/install/setup.bash'
[1.192s] INFO:colcon.colcon_core.shell:Creating prefix script '/home/nnimpit/smartbot_ws/smartbot/install/local_setup.zsh'
[1.193s] INFO:colcon.colcon_core.shell:Creating prefix chain script '/home/nnimpit/smartbot_ws/smartbot/install/setup.zsh'
