[0.011s] Invoking command in '/home/nnimpit/smartbot_ws/smartbot/build/smartbot_description': CMAKE_PREFIX_PATH=${CMAKE_PREFIX_PATH}:/home/nnimpit/smartbot_ws/smartbot/install/smartbot_py_examples:/home/nnimpit/install/bumperbot_py_examples:/opt/ros/humble CONDA_PROMPT_MODIFIER=(base) /usr/bin/cmake --build /home/nnimpit/smartbot_ws/smartbot/build/smartbot_description -- -j12 -l12
[0.029s] -- Found ament_cmake: 1.3.10 (/opt/ros/humble/share/ament_cmake/cmake)
[0.156s] -- Found urdf: 2.6.0 (/opt/ros/humble/share/urdf/cmake)
[0.213s] -- Found ament_lint_auto: 0.12.11 (/opt/ros/humble/share/ament_lint_auto/cmake)
[0.311s] -- Added test 'copyright' to check source files copyright and LICENSE
[0.314s] -- Added test 'lint_cmake' to check CMake code style
[0.315s] -- Added test 'xmllint' to check XML markup files
[0.316s] -- Configuring done
[0.319s] -- Generating done
[0.319s] -- Build files have been written to: /home/nnimpit/smartbot_ws/smartbot/build/smartbot_description
[0.335s] Invoked command in '/home/nnimpit/smartbot_ws/smartbot/build/smartbot_description' returned '0': CMAKE_PREFIX_PATH=${CMAKE_PREFIX_PATH}:/home/nnimpit/smartbot_ws/smartbot/install/smartbot_py_examples:/home/nnimpit/install/bumperbot_py_examples:/opt/ros/humble CONDA_PROMPT_MODIFIER=(base) /usr/bin/cmake --build /home/nnimpit/smartbot_ws/smartbot/build/smartbot_description -- -j12 -l12
[0.349s] Invoking command in '/home/nnimpit/smartbot_ws/smartbot/build/smartbot_description': CMAKE_PREFIX_PATH=${CMAKE_PREFIX_PATH}:/home/nnimpit/smartbot_ws/smartbot/install/smartbot_py_examples:/home/nnimpit/install/bumperbot_py_examples:/opt/ros/humble CONDA_PROMPT_MODIFIER=(base) /usr/bin/cmake --install /home/nnimpit/smartbot_ws/smartbot/build/smartbot_description
[0.355s] -- Install configuration: ""
[0.355s] [31mCMake Error at cmake_install.cmake:46 (file):
[0.355s]   file INSTALL cannot find
[0.355s]   "/home/nnimpit/smartbot_ws/smartbot/src/smartbot_description/launch": No
[0.355s]   such file or directory.
[0.355s] 
[0.355s] [0m
[0.356s] Invoked command in '/home/nnimpit/smartbot_ws/smartbot/build/smartbot_description' returned '1': CMAKE_PREFIX_PATH=${CMAKE_PREFIX_PATH}:/home/nnimpit/smartbot_ws/smartbot/install/smartbot_py_examples:/home/nnimpit/install/bumperbot_py_examples:/opt/ros/humble CONDA_PROMPT_MODIFIER=(base) /usr/bin/cmake --install /home/nnimpit/smartbot_ws/smartbot/build/smartbot_description
