[0.348s] Invoking command in '/home/nnimpit/smartbot_ws/smartbot/src/smartbot_py_examples': PYTHONPATH=/home/nnimpit/smartbot_ws/smartbot/build/smartbot_py_examples/prefix_override:/usr/lib/python3/dist-packages/colcon_core/task/python/colcon_distutils_commands:/home/nnimpit/smartbot_ws/smartbot/install/smartbot_py_examples/lib/python3.10/site-packages:${PYTHONPATH} /usr/bin/python3 -W ignore:setup.py install is deprecated setup.py egg_info --egg-base ../../build/smartbot_py_examples build --build-base /home/nnimpit/smartbot_ws/smartbot/build/smartbot_py_examples/build install --record /home/nnimpit/smartbot_ws/smartbot/build/smartbot_py_examples/install.log --single-version-externally-managed install_data
[0.471s] running egg_info
[0.472s] writing ../../build/smartbot_py_examples/smartbot_py_examples.egg-info/PKG-INFO
[0.472s] writing dependency_links to ../../build/smartbot_py_examples/smartbot_py_examples.egg-info/dependency_links.txt
[0.472s] writing entry points to ../../build/smartbot_py_examples/smartbot_py_examples.egg-info/entry_points.txt
[0.472s] writing requirements to ../../build/smartbot_py_examples/smartbot_py_examples.egg-info/requires.txt
[0.472s] writing top-level names to ../../build/smartbot_py_examples/smartbot_py_examples.egg-info/top_level.txt
[0.473s] reading manifest file '../../build/smartbot_py_examples/smartbot_py_examples.egg-info/SOURCES.txt'
[0.474s] writing manifest file '../../build/smartbot_py_examples/smartbot_py_examples.egg-info/SOURCES.txt'
[0.474s] running build
[0.474s] running build_py
[0.474s] running install
[0.474s] running install_lib
[0.475s] running install_data
[0.475s] running install_egg_info
[0.476s] removing '/home/nnimpit/smartbot_ws/smartbot/install/smartbot_py_examples/lib/python3.10/site-packages/smartbot_py_examples-0.0.0-py3.10.egg-info' (and everything under it)
[0.476s] Copying ../../build/smartbot_py_examples/smartbot_py_examples.egg-info to /home/nnimpit/smartbot_ws/smartbot/install/smartbot_py_examples/lib/python3.10/site-packages/smartbot_py_examples-0.0.0-py3.10.egg-info
[0.476s] running install_scripts
[0.489s] writing list of installed files to '/home/nnimpit/smartbot_ws/smartbot/build/smartbot_py_examples/install.log'
[0.503s] Invoked command in '/home/nnimpit/smartbot_ws/smartbot/src/smartbot_py_examples' returned '0': PYTHONPATH=/home/nnimpit/smartbot_ws/smartbot/build/smartbot_py_examples/prefix_override:/usr/lib/python3/dist-packages/colcon_core/task/python/colcon_distutils_commands:/home/nnimpit/smartbot_ws/smartbot/install/smartbot_py_examples/lib/python3.10/site-packages:${PYTHONPATH} /usr/bin/python3 -W ignore:setup.py install is deprecated setup.py egg_info --egg-base ../../build/smartbot_py_examples build --build-base /home/nnimpit/smartbot_ws/smartbot/build/smartbot_py_examples/build install --record /home/nnimpit/smartbot_ws/smartbot/build/smartbot_py_examples/install.log --single-version-externally-managed install_data
