[0.014s] Invoking command in '/home/nnimpit/smartbot_ws/smartbot/build/smartbot_controller': CMAKE_PREFIX_PATH=/opt/ros/humble CONDA_PROMPT_MODIFIER=(base) /usr/bin/cmake --build /home/nnimpit/smartbot_ws/smartbot/build/smartbot_controller -- -j12 -l12
[0.027s] -- Found ament_cmake: 1.3.10 (/opt/ros/humble/share/ament_cmake/cmake)
[0.118s] -- Found ament_lint_auto: 0.12.11 (/opt/ros/humble/share/ament_lint_auto/cmake)
[0.181s] -- Added test 'flake8' to check Python code syntax and style conventions
[0.181s] -- Added test 'lint_cmake' to check CMake code style
[0.181s] -- Added test 'pep257' to check Python code against some of the docstring style conventions in PEP 257
[0.182s] -- Added test 'xmllint' to check XML markup files
[0.182s] -- Configuring done
[0.184s] -- Generating done
[0.184s] -- Build files have been written to: /home/nnimpit/smartbot_ws/smartbot/build/smartbot_controller
[0.198s] Invoked command in '/home/nnimpit/smartbot_ws/smartbot/build/smartbot_controller' returned '0': CMAKE_PREFIX_PATH=/opt/ros/humble CONDA_PROMPT_MODIFIER=(base) /usr/bin/cmake --build /home/nnimpit/smartbot_ws/smartbot/build/smartbot_controller -- -j12 -l12
[0.213s] Invoking command in '/home/nnimpit/smartbot_ws/smartbot/build/smartbot_controller': CMAKE_PREFIX_PATH=/opt/ros/humble CONDA_PROMPT_MODIFIER=(base) /usr/bin/cmake --install /home/nnimpit/smartbot_ws/smartbot/build/smartbot_controller
[0.223s] -- Install configuration: ""
[0.224s] -- Up-to-date: /home/nnimpit/smartbot_ws/smartbot/install/smartbot_controller/share/smartbot_controller/config
[0.225s] -- Up-to-date: /home/nnimpit/smartbot_ws/smartbot/install/smartbot_controller/share/smartbot_controller/config/smartbot_controllers.yaml
[0.225s] -- Installing: /home/nnimpit/smartbot_ws/smartbot/install/smartbot_controller/share/smartbot_controller/launch
[0.225s] -- Installing: /home/nnimpit/smartbot_ws/smartbot/install/smartbot_controller/share/smartbot_controller/launch/controller.launch.py
[0.226s] -- Installing: /home/nnimpit/smartbot_ws/smartbot/install/smartbot_controller/share/ament_index/resource_index/package_run_dependencies/smartbot_controller
[0.227s] -- Up-to-date: /home/nnimpit/smartbot_ws/smartbot/install/smartbot_controller/share/ament_index/resource_index/parent_prefix_path/smartbot_controller
[0.227s] -- Up-to-date: /home/nnimpit/smartbot_ws/smartbot/install/smartbot_controller/share/smartbot_controller/environment/ament_prefix_path.sh
[0.227s] -- Installing: /home/nnimpit/smartbot_ws/smartbot/install/smartbot_controller/share/smartbot_controller/environment/ament_prefix_path.dsv
[0.229s] -- Up-to-date: /home/nnimpit/smartbot_ws/smartbot/install/smartbot_controller/share/smartbot_controller/environment/path.sh
[0.229s] -- Installing: /home/nnimpit/smartbot_ws/smartbot/install/smartbot_controller/share/smartbot_controller/environment/path.dsv
[0.230s] -- Up-to-date: /home/nnimpit/smartbot_ws/smartbot/install/smartbot_controller/share/smartbot_controller/local_setup.bash
[0.230s] -- Up-to-date: /home/nnimpit/smartbot_ws/smartbot/install/smartbot_controller/share/smartbot_controller/local_setup.sh
[0.230s] -- Up-to-date: /home/nnimpit/smartbot_ws/smartbot/install/smartbot_controller/share/smartbot_controller/local_setup.zsh
[0.230s] -- Installing: /home/nnimpit/smartbot_ws/smartbot/install/smartbot_controller/share/smartbot_controller/local_setup.dsv
[0.230s] -- Installing: /home/nnimpit/smartbot_ws/smartbot/install/smartbot_controller/share/smartbot_controller/package.dsv
[0.230s] -- Up-to-date: /home/nnimpit/smartbot_ws/smartbot/install/smartbot_controller/share/ament_index/resource_index/packages/smartbot_controller
[0.230s] -- Up-to-date: /home/nnimpit/smartbot_ws/smartbot/install/smartbot_controller/share/smartbot_controller/cmake/smartbot_controllerConfig.cmake
[0.230s] -- Up-to-date: /home/nnimpit/smartbot_ws/smartbot/install/smartbot_controller/share/smartbot_controller/cmake/smartbot_controllerConfig-version.cmake
[0.230s] -- Installing: /home/nnimpit/smartbot_ws/smartbot/install/smartbot_controller/share/smartbot_controller/package.xml
[0.232s] Invoked command in '/home/nnimpit/smartbot_ws/smartbot/build/smartbot_controller' returned '0': CMAKE_PREFIX_PATH=/opt/ros/humble CONDA_PROMPT_MODIFIER=(base) /usr/bin/cmake --install /home/nnimpit/smartbot_ws/smartbot/build/smartbot_controller
