[0.371s] Invoking command in '/home/nnimpit/smartbot_ws/smartbot/src/smartbot_py_examples': CONDA_PROMPT_MODIFIER=(base) PYTHONPATH=/home/nnimpit/smartbot_ws/smartbot/build/smartbot_py_examples/prefix_override:/usr/lib/python3/dist-packages/colcon_core/task/python/colcon_distutils_commands:/home/nnimpit/smartbot_ws/smartbot/install/smartbot_py_examples/lib/python3.10/site-packages:${PYTHONPATH} /usr/bin/python3 -W ignore:setup.py install is deprecated setup.py egg_info --egg-base ../../build/smartbot_py_examples build --build-base /home/nnimpit/smartbot_ws/smartbot/build/smartbot_py_examples/build install --record /home/nnimpit/smartbot_ws/smartbot/build/smartbot_py_examples/install.log --single-version-externally-managed install_data
[0.508s] running egg_info
[0.508s] creating ../../build/smartbot_py_examples/smartbot_py_examples.egg-info
[0.508s] writing ../../build/smartbot_py_examples/smartbot_py_examples.egg-info/PKG-INFO
[0.508s] writing dependency_links to ../../build/smartbot_py_examples/smartbot_py_examples.egg-info/dependency_links.txt
[0.508s] writing entry points to ../../build/smartbot_py_examples/smartbot_py_examples.egg-info/entry_points.txt
[0.508s] writing requirements to ../../build/smartbot_py_examples/smartbot_py_examples.egg-info/requires.txt
[0.508s] writing top-level names to ../../build/smartbot_py_examples/smartbot_py_examples.egg-info/top_level.txt
[0.508s] writing manifest file '../../build/smartbot_py_examples/smartbot_py_examples.egg-info/SOURCES.txt'
[0.509s] reading manifest file '../../build/smartbot_py_examples/smartbot_py_examples.egg-info/SOURCES.txt'
[0.510s] writing manifest file '../../build/smartbot_py_examples/smartbot_py_examples.egg-info/SOURCES.txt'
[0.510s] running build
[0.510s] running build_py
[0.510s] creating /home/nnimpit/smartbot_ws/smartbot/build/smartbot_py_examples/build
[0.510s] creating /home/nnimpit/smartbot_ws/smartbot/build/smartbot_py_examples/build/lib
[0.510s] creating /home/nnimpit/smartbot_ws/smartbot/build/smartbot_py_examples/build/lib/smartbot_py_examples
[0.510s] copying smartbot_py_examples/__init__.py -> /home/nnimpit/smartbot_ws/smartbot/build/smartbot_py_examples/build/lib/smartbot_py_examples
[0.510s] running install
[0.510s] running install_lib
[0.511s] creating /home/nnimpit/smartbot_ws/smartbot/install/smartbot_py_examples/lib/python3.10/site-packages/smartbot_py_examples
[0.511s] copying /home/nnimpit/smartbot_ws/smartbot/build/smartbot_py_examples/build/lib/smartbot_py_examples/__init__.py -> /home/nnimpit/smartbot_ws/smartbot/install/smartbot_py_examples/lib/python3.10/site-packages/smartbot_py_examples
[0.511s] byte-compiling /home/nnimpit/smartbot_ws/smartbot/install/smartbot_py_examples/lib/python3.10/site-packages/smartbot_py_examples/__init__.py to __init__.cpython-310.pyc
[0.511s] running install_data
[0.511s] creating /home/nnimpit/smartbot_ws/smartbot/install/smartbot_py_examples/share/ament_index
[0.511s] creating /home/nnimpit/smartbot_ws/smartbot/install/smartbot_py_examples/share/ament_index/resource_index
[0.511s] creating /home/nnimpit/smartbot_ws/smartbot/install/smartbot_py_examples/share/ament_index/resource_index/packages
[0.511s] copying resource/smartbot_py_examples -> /home/nnimpit/smartbot_ws/smartbot/install/smartbot_py_examples/share/ament_index/resource_index/packages
[0.511s] copying package.xml -> /home/nnimpit/smartbot_ws/smartbot/install/smartbot_py_examples/share/smartbot_py_examples
[0.511s] running install_egg_info
[0.512s] Copying ../../build/smartbot_py_examples/smartbot_py_examples.egg-info to /home/nnimpit/smartbot_ws/smartbot/install/smartbot_py_examples/lib/python3.10/site-packages/smartbot_py_examples-0.0.0-py3.10.egg-info
[0.512s] running install_scripts
[0.526s] writing list of installed files to '/home/nnimpit/smartbot_ws/smartbot/build/smartbot_py_examples/install.log'
