[0.128s] DEBUG:colcon:Command line arguments: ['/usr/bin/colcon', 'list', '-p', '--base-paths', '/home/nnimpit/smartbot_ws/smartbot']
[0.128s] DEBUG:colcon:Parsed command line arguments: Namespace(log_base=None, log_level=None, verb_name='list', build_base='build', ignore_user_meta=False, metas=['./colcon.meta'], base_paths=['/home/nnimpit/smartbot_ws/smartbot'], packages_ignore=None, packages_ignore_regex=None, paths=None, packages_up_to=None, packages_up_to_regex=None, packages_above=None, packages_above_and_dependencies=None, packages_above_depth=None, packages_select_by_dep=None, packages_skip_by_dep=None, packages_skip_up_to=None, packages_select_build_failed=False, packages_skip_build_finished=False, packages_select_test_failures=False, packages_skip_test_passed=False, packages_select=None, packages_skip=None, packages_select_regex=None, packages_skip_regex=None, packages_start=None, packages_end=None, allow_overriding=[], topological_order=False, names_only=False, paths_only=True, topological_graph=False, topological_graph_dot=False, topological_graph_density=False, topological_graph_legend=False, topological_graph_dot_cluster=False, topological_graph_dot_include_skipped=False, mixin_files=None, mixin=None, verb_parser=<colcon_mixin.mixin.mixin_argument.MixinArgumentDecorator object at 0x74cbb79437c0>, verb_extension=<colcon_package_information.verb.list.ListVerb object at 0x74cbb79422c0>, main=<bound method ListVerb.main of <colcon_package_information.verb.list.ListVerb object at 0x74cbb79422c0>>, mixin_verb=('list',))
[0.310s] Level 1:colcon.colcon_core.package_discovery:discover_packages(colcon_meta) check parameters
[0.310s] Level 1:colcon.colcon_core.package_discovery:discover_packages(recursive) check parameters
[0.310s] Level 1:colcon.colcon_core.package_discovery:discover_packages(ignore) check parameters
[0.310s] Level 1:colcon.colcon_core.package_discovery:discover_packages(path) check parameters
[0.310s] Level 1:colcon.colcon_core.package_discovery:discover_packages(recursive) discover
[0.310s] INFO:colcon.colcon_core.package_discovery:Crawling recursively for packages in '/home/nnimpit/smartbot_ws/smartbot'
[0.310s] Level 1:colcon.colcon_core.package_identification:_identify(/home/nnimpit/smartbot_ws/smartbot) by extensions ['ignore', 'ignore_ament_install']
[0.311s] Level 1:colcon.colcon_core.package_identification:_identify(/home/nnimpit/smartbot_ws/smartbot) by extension 'ignore'
[0.311s] Level 1:colcon.colcon_core.package_identification:_identify(/home/nnimpit/smartbot_ws/smartbot) by extension 'ignore_ament_install'
[0.311s] Level 1:colcon.colcon_core.package_identification:_identify(/home/nnimpit/smartbot_ws/smartbot) by extensions ['colcon_pkg']
[0.311s] Level 1:colcon.colcon_core.package_identification:_identify(/home/nnimpit/smartbot_ws/smartbot) by extension 'colcon_pkg'
[0.311s] Level 1:colcon.colcon_core.package_identification:_identify(/home/nnimpit/smartbot_ws/smartbot) by extensions ['colcon_meta']
[0.311s] Level 1:colcon.colcon_core.package_identification:_identify(/home/nnimpit/smartbot_ws/smartbot) by extension 'colcon_meta'
[0.311s] Level 1:colcon.colcon_core.package_identification:_identify(/home/nnimpit/smartbot_ws/smartbot) by extensions ['ros']
[0.311s] Level 1:colcon.colcon_core.package_identification:_identify(/home/nnimpit/smartbot_ws/smartbot) by extension 'ros'
[0.323s] Level 1:colcon.colcon_core.package_identification:_identify(/home/nnimpit/smartbot_ws/smartbot) by extensions ['cmake', 'python']
[0.323s] Level 1:colcon.colcon_core.package_identification:_identify(/home/nnimpit/smartbot_ws/smartbot) by extension 'cmake'
[0.323s] Level 1:colcon.colcon_core.package_identification:_identify(/home/nnimpit/smartbot_ws/smartbot) by extension 'python'
[0.323s] Level 1:colcon.colcon_core.package_identification:_identify(/home/nnimpit/smartbot_ws/smartbot) by extensions ['python_setup_py']
[0.323s] Level 1:colcon.colcon_core.package_identification:_identify(/home/nnimpit/smartbot_ws/smartbot) by extension 'python_setup_py'
[0.323s] Level 1:colcon.colcon_core.package_identification:_identify(/home/nnimpit/smartbot_ws/smartbot/build) by extensions ['ignore', 'ignore_ament_install']
[0.323s] Level 1:colcon.colcon_core.package_identification:_identify(/home/nnimpit/smartbot_ws/smartbot/build) by extension 'ignore'
[0.323s] Level 1:colcon.colcon_core.package_identification:_identify(/home/nnimpit/smartbot_ws/smartbot/build) ignored
[0.324s] Level 1:colcon.colcon_core.package_identification:_identify(/home/nnimpit/smartbot_ws/smartbot/install) by extensions ['ignore', 'ignore_ament_install']
[0.324s] Level 1:colcon.colcon_core.package_identification:_identify(/home/nnimpit/smartbot_ws/smartbot/install) by extension 'ignore'
[0.324s] Level 1:colcon.colcon_core.package_identification:_identify(/home/nnimpit/smartbot_ws/smartbot/install) ignored
[0.324s] Level 1:colcon.colcon_core.package_identification:_identify(/home/nnimpit/smartbot_ws/smartbot/log) by extensions ['ignore', 'ignore_ament_install']
[0.324s] Level 1:colcon.colcon_core.package_identification:_identify(/home/nnimpit/smartbot_ws/smartbot/log) by extension 'ignore'
[0.324s] Level 1:colcon.colcon_core.package_identification:_identify(/home/nnimpit/smartbot_ws/smartbot/log) ignored
[0.324s] Level 1:colcon.colcon_core.package_identification:_identify(/home/nnimpit/smartbot_ws/smartbot/src) by extensions ['ignore', 'ignore_ament_install']
[0.324s] Level 1:colcon.colcon_core.package_identification:_identify(/home/nnimpit/smartbot_ws/smartbot/src) by extension 'ignore'
[0.324s] Level 1:colcon.colcon_core.package_identification:_identify(/home/nnimpit/smartbot_ws/smartbot/src) by extension 'ignore_ament_install'
[0.324s] Level 1:colcon.colcon_core.package_identification:_identify(/home/nnimpit/smartbot_ws/smartbot/src) by extensions ['colcon_pkg']
[0.324s] Level 1:colcon.colcon_core.package_identification:_identify(/home/nnimpit/smartbot_ws/smartbot/src) by extension 'colcon_pkg'
[0.324s] Level 1:colcon.colcon_core.package_identification:_identify(/home/nnimpit/smartbot_ws/smartbot/src) by extensions ['colcon_meta']
[0.324s] Level 1:colcon.colcon_core.package_identification:_identify(/home/nnimpit/smartbot_ws/smartbot/src) by extension 'colcon_meta'
[0.324s] Level 1:colcon.colcon_core.package_identification:_identify(/home/nnimpit/smartbot_ws/smartbot/src) by extensions ['ros']
[0.324s] Level 1:colcon.colcon_core.package_identification:_identify(/home/nnimpit/smartbot_ws/smartbot/src) by extension 'ros'
[0.324s] Level 1:colcon.colcon_core.package_identification:_identify(/home/nnimpit/smartbot_ws/smartbot/src) by extensions ['cmake', 'python']
[0.324s] Level 1:colcon.colcon_core.package_identification:_identify(/home/nnimpit/smartbot_ws/smartbot/src) by extension 'cmake'
[0.325s] Level 1:colcon.colcon_core.package_identification:_identify(/home/nnimpit/smartbot_ws/smartbot/src) by extension 'python'
[0.325s] Level 1:colcon.colcon_core.package_identification:_identify(/home/nnimpit/smartbot_ws/smartbot/src) by extensions ['python_setup_py']
[0.325s] Level 1:colcon.colcon_core.package_identification:_identify(/home/nnimpit/smartbot_ws/smartbot/src) by extension 'python_setup_py'
[0.325s] Level 1:colcon.colcon_core.package_identification:_identify(/home/nnimpit/smartbot_ws/smartbot/src/smartbot_cpp_examples) by extensions ['ignore', 'ignore_ament_install']
[0.325s] Level 1:colcon.colcon_core.package_identification:_identify(/home/nnimpit/smartbot_ws/smartbot/src/smartbot_cpp_examples) by extension 'ignore'
[0.325s] Level 1:colcon.colcon_core.package_identification:_identify(/home/nnimpit/smartbot_ws/smartbot/src/smartbot_cpp_examples) by extension 'ignore_ament_install'
[0.325s] Level 1:colcon.colcon_core.package_identification:_identify(/home/nnimpit/smartbot_ws/smartbot/src/smartbot_cpp_examples) by extensions ['colcon_pkg']
[0.325s] Level 1:colcon.colcon_core.package_identification:_identify(/home/nnimpit/smartbot_ws/smartbot/src/smartbot_cpp_examples) by extension 'colcon_pkg'
[0.325s] Level 1:colcon.colcon_core.package_identification:_identify(/home/nnimpit/smartbot_ws/smartbot/src/smartbot_cpp_examples) by extensions ['colcon_meta']
[0.325s] Level 1:colcon.colcon_core.package_identification:_identify(/home/nnimpit/smartbot_ws/smartbot/src/smartbot_cpp_examples) by extension 'colcon_meta'
[0.325s] Level 1:colcon.colcon_core.package_identification:_identify(/home/nnimpit/smartbot_ws/smartbot/src/smartbot_cpp_examples) by extensions ['ros']
[0.325s] Level 1:colcon.colcon_core.package_identification:_identify(/home/nnimpit/smartbot_ws/smartbot/src/smartbot_cpp_examples) by extension 'ros'
[0.327s] DEBUG:colcon.colcon_core.package_identification:Package '/home/nnimpit/smartbot_ws/smartbot/src/smartbot_cpp_examples' with type 'ros.ament_cmake' and name 'smartbot_cpp_examples'
[0.328s] Level 1:colcon.colcon_core.package_identification:_identify(/home/nnimpit/smartbot_ws/smartbot/src/smartbot_py_examples) by extensions ['ignore', 'ignore_ament_install']
[0.328s] Level 1:colcon.colcon_core.package_identification:_identify(/home/nnimpit/smartbot_ws/smartbot/src/smartbot_py_examples) by extension 'ignore'
[0.328s] Level 1:colcon.colcon_core.package_identification:_identify(/home/nnimpit/smartbot_ws/smartbot/src/smartbot_py_examples) by extension 'ignore_ament_install'
[0.328s] Level 1:colcon.colcon_core.package_identification:_identify(/home/nnimpit/smartbot_ws/smartbot/src/smartbot_py_examples) by extensions ['colcon_pkg']
[0.328s] Level 1:colcon.colcon_core.package_identification:_identify(/home/nnimpit/smartbot_ws/smartbot/src/smartbot_py_examples) by extension 'colcon_pkg'
[0.328s] Level 1:colcon.colcon_core.package_identification:_identify(/home/nnimpit/smartbot_ws/smartbot/src/smartbot_py_examples) by extensions ['colcon_meta']
[0.328s] Level 1:colcon.colcon_core.package_identification:_identify(/home/nnimpit/smartbot_ws/smartbot/src/smartbot_py_examples) by extension 'colcon_meta'
[0.328s] Level 1:colcon.colcon_core.package_identification:_identify(/home/nnimpit/smartbot_ws/smartbot/src/smartbot_py_examples) by extensions ['ros']
[0.328s] Level 1:colcon.colcon_core.package_identification:_identify(/home/nnimpit/smartbot_ws/smartbot/src/smartbot_py_examples) by extension 'ros'
[0.328s] DEBUG:colcon.colcon_core.package_identification:Package '/home/nnimpit/smartbot_ws/smartbot/src/smartbot_py_examples' with type 'ros.ament_python' and name 'smartbot_py_examples'
[0.328s] Level 1:colcon.colcon_core.package_discovery:discover_packages(recursive) using defaults
