[0.013s] Invoking command in '/home/nnimpit/smartbot_ws/smartbot/src/build/smartbot_description': CMAKE_PREFIX_PATH=/opt/ros/humble CONDA_PROMPT_MODIFIER=(base) /usr/bin/cmake --build /home/nnimpit/smartbot_ws/smartbot/src/build/smartbot_description -- -j12 -l12
[0.027s] -- Found ament_cmake: 1.3.10 (/opt/ros/humble/share/ament_cmake/cmake)
[0.128s] -- Found ament_lint_auto: 0.12.11 (/opt/ros/humble/share/ament_lint_auto/cmake)
[0.208s] -- Added test 'lint_cmake' to check CMake code style
[0.209s] -- Added test 'xmllint' to check XML markup files
[0.210s] -- Configuring done
[0.212s] -- Generating done
[0.215s] -- Build files have been written to: /home/nnimpit/smartbot_ws/smartbot/src/build/smartbot_description
[0.232s] Invoked command in '/home/nnimpit/smartbot_ws/smartbot/src/build/smartbot_description' returned '0': CMAKE_PREFIX_PATH=/opt/ros/humble CONDA_PROMPT_MODIFIER=(base) /usr/bin/cmake --build /home/nnimpit/smartbot_ws/smartbot/src/build/smartbot_description -- -j12 -l12
[0.249s] Invoking command in '/home/nnimpit/smartbot_ws/smartbot/src/build/smartbot_description': CMAKE_PREFIX_PATH=/opt/ros/humble CONDA_PROMPT_MODIFIER=(base) /usr/bin/cmake --install /home/nnimpit/smartbot_ws/smartbot/src/build/smartbot_description
[0.254s] -- Install configuration: ""
[0.255s] -- Installing: /home/nnimpit/smartbot_ws/smartbot/src/install/smartbot_description/share/$(PROJECT_NAME)/meshes
[0.255s] -- Installing: /home/nnimpit/smartbot_ws/smartbot/src/install/smartbot_description/share/$(PROJECT_NAME)/meshes/wheel_left_link.STL
[0.256s] -- Installing: /home/nnimpit/smartbot_ws/smartbot/src/install/smartbot_description/share/$(PROJECT_NAME)/meshes/caster_rear_link.STL
[0.256s] -- Installing: /home/nnimpit/smartbot_ws/smartbot/src/install/smartbot_description/share/$(PROJECT_NAME)/meshes/wheel_right_link.STL
[0.257s] -- Installing: /home/nnimpit/smartbot_ws/smartbot/src/install/smartbot_description/share/$(PROJECT_NAME)/meshes/caster_front_link.STL
[0.257s] -- Installing: /home/nnimpit/smartbot_ws/smartbot/src/install/smartbot_description/share/$(PROJECT_NAME)/meshes/imu_link.STL
[0.257s] -- Installing: /home/nnimpit/smartbot_ws/smartbot/src/install/smartbot_description/share/$(PROJECT_NAME)/meshes/base_link.STL
[0.269s] -- Installing: /home/nnimpit/smartbot_ws/smartbot/src/install/smartbot_description/share/$(PROJECT_NAME)/urdf
[0.269s] -- Installing: /home/nnimpit/smartbot_ws/smartbot/src/install/smartbot_description/share/$(PROJECT_NAME)/urdf/smartbot_urdf.xacro
[0.270s] -- Up-to-date: /home/nnimpit/smartbot_ws/smartbot/src/install/smartbot_description/share/ament_index/resource_index/package_run_dependencies/smartbot_description
[0.270s] -- Up-to-date: /home/nnimpit/smartbot_ws/smartbot/src/install/smartbot_description/share/ament_index/resource_index/parent_prefix_path/smartbot_description
[0.270s] -- Up-to-date: /home/nnimpit/smartbot_ws/smartbot/src/install/smartbot_description/share/smartbot_description/environment/ament_prefix_path.sh
[0.270s] -- Installing: /home/nnimpit/smartbot_ws/smartbot/src/install/smartbot_description/share/smartbot_description/environment/ament_prefix_path.dsv
[0.270s] -- Up-to-date: /home/nnimpit/smartbot_ws/smartbot/src/install/smartbot_description/share/smartbot_description/environment/path.sh
[0.270s] -- Installing: /home/nnimpit/smartbot_ws/smartbot/src/install/smartbot_description/share/smartbot_description/environment/path.dsv
[0.270s] -- Up-to-date: /home/nnimpit/smartbot_ws/smartbot/src/install/smartbot_description/share/smartbot_description/local_setup.bash
[0.270s] -- Up-to-date: /home/nnimpit/smartbot_ws/smartbot/src/install/smartbot_description/share/smartbot_description/local_setup.sh
[0.270s] -- Up-to-date: /home/nnimpit/smartbot_ws/smartbot/src/install/smartbot_description/share/smartbot_description/local_setup.zsh
[0.270s] -- Installing: /home/nnimpit/smartbot_ws/smartbot/src/install/smartbot_description/share/smartbot_description/local_setup.dsv
[0.270s] -- Installing: /home/nnimpit/smartbot_ws/smartbot/src/install/smartbot_description/share/smartbot_description/package.dsv
[0.270s] -- Up-to-date: /home/nnimpit/smartbot_ws/smartbot/src/install/smartbot_description/share/ament_index/resource_index/packages/smartbot_description
[0.270s] -- Up-to-date: /home/nnimpit/smartbot_ws/smartbot/src/install/smartbot_description/share/smartbot_description/cmake/smartbot_descriptionConfig.cmake
[0.271s] -- Up-to-date: /home/nnimpit/smartbot_ws/smartbot/src/install/smartbot_description/share/smartbot_description/cmake/smartbot_descriptionConfig-version.cmake
[0.271s] -- Up-to-date: /home/nnimpit/smartbot_ws/smartbot/src/install/smartbot_description/share/smartbot_description/package.xml
[0.272s] Invoked command in '/home/nnimpit/smartbot_ws/smartbot/src/build/smartbot_description' returned '0': CMAKE_PREFIX_PATH=/opt/ros/humble CONDA_PROMPT_MODIFIER=(base) /usr/bin/cmake --install /home/nnimpit/smartbot_ws/smartbot/src/build/smartbot_description
