-- Install configuration: ""
-- Up-to-date: /home/nnimpit/smartbot_ws/smartbot/install/smartbot_description/share/$(PROJECT_NAME)/meshes
-- Up-to-date: /home/nnimpit/smartbot_ws/smartbot/install/smartbot_description/share/$(PROJECT_NAME)/meshes/wheel_left_link.STL
-- Up-to-date: /home/nnimpit/smartbot_ws/smartbot/install/smartbot_description/share/$(PROJECT_NAME)/meshes/caster_rear_link.STL
-- Up-to-date: /home/nnimpit/smartbot_ws/smartbot/install/smartbot_description/share/$(PROJECT_NAME)/meshes/wheel_right_link.STL
-- Up-to-date: /home/nnimpit/smartbot_ws/smartbot/install/smartbot_description/share/$(PROJECT_NAME)/meshes/caster_front_link.STL
-- Up-to-date: /home/nnimpit/smartbot_ws/smartbot/install/smartbot_description/share/$(PROJECT_NAME)/meshes/imu_link.STL
-- Up-to-date: /home/nnimpit/smartbot_ws/smartbot/install/smartbot_description/share/$(PROJECT_NAME)/meshes/base_link.STL
-- Up-to-date: /home/nnimpit/smartbot_ws/smartbot/install/smartbot_description/share/$(PROJECT_NAME)/urdf
-- Up-to-date: /home/nnimpit/smartbot_ws/smartbot/install/smartbot_description/share/$(PROJECT_NAME)/urdf/smartbot.urdf.xacro
-- Up-to-date: /home/nnimpit/smartbot_ws/smartbot/install/smartbot_description/share/$(PROJECT_NAME)/launch
-- Up-to-date: /home/nnimpit/smartbot_ws/smartbot/install/smartbot_description/share/$(PROJECT_NAME)/launch/display.launch.py
-- Up-to-date: /home/nnimpit/smartbot_ws/smartbot/install/smartbot_description/share/$(PROJECT_NAME)/rviz
-- Up-to-date: /home/nnimpit/smartbot_ws/smartbot/install/smartbot_description/share/$(PROJECT_NAME)/rviz/display.rviz
-- Up-to-date: /home/nnimpit/smartbot_ws/smartbot/install/smartbot_description/share/ament_index/resource_index/package_run_dependencies/smartbot_description
-- Up-to-date: /home/nnimpit/smartbot_ws/smartbot/install/smartbot_description/share/ament_index/resource_index/parent_prefix_path/smartbot_description
-- Up-to-date: /home/nnimpit/smartbot_ws/smartbot/install/smartbot_description/share/smartbot_description/environment/ament_prefix_path.sh
-- Up-to-date: /home/nnimpit/smartbot_ws/smartbot/install/smartbot_description/share/smartbot_description/environment/ament_prefix_path.dsv
-- Up-to-date: /home/nnimpit/smartbot_ws/smartbot/install/smartbot_description/share/smartbot_description/environment/path.sh
-- Up-to-date: /home/nnimpit/smartbot_ws/smartbot/install/smartbot_description/share/smartbot_description/environment/path.dsv
-- Up-to-date: /home/nnimpit/smartbot_ws/smartbot/install/smartbot_description/share/smartbot_description/local_setup.bash
-- Up-to-date: /home/nnimpit/smartbot_ws/smartbot/install/smartbot_description/share/smartbot_description/local_setup.sh
-- Up-to-date: /home/nnimpit/smartbot_ws/smartbot/install/smartbot_description/share/smartbot_description/local_setup.zsh
-- Up-to-date: /home/nnimpit/smartbot_ws/smartbot/install/smartbot_description/share/smartbot_description/local_setup.dsv
-- Installing: /home/nnimpit/smartbot_ws/smartbot/install/smartbot_description/share/smartbot_description/package.dsv
-- Up-to-date: /home/nnimpit/smartbot_ws/smartbot/install/smartbot_description/share/ament_index/resource_index/packages/smartbot_description
-- Up-to-date: /home/nnimpit/smartbot_ws/smartbot/install/smartbot_description/share/smartbot_description/cmake/smartbot_descriptionConfig.cmake
-- Up-to-date: /home/nnimpit/smartbot_ws/smartbot/install/smartbot_description/share/smartbot_description/cmake/smartbot_descriptionConfig-version.cmake
-- Up-to-date: /home/nnimpit/smartbot_ws/smartbot/install/smartbot_description/share/smartbot_description/package.xml
