[0.371s] Invoking command in '/home/nnimpit/smartbot_ws/smartbot/src/smartbot_py_examples': CONDA_PROMPT_MODIFIER=(base) PYTHONPATH=/home/nnimpit/smartbot_ws/smartbot/build/smartbot_py_examples/prefix_override:/usr/lib/python3/dist-packages/colcon_core/task/python/colcon_distutils_commands:/home/nnimpit/smartbot_ws/smartbot/install/smartbot_py_examples/lib/python3.10/site-packages:${PYTHONPATH} /usr/bin/python3 -W ignore:setup.py install is deprecated setup.py egg_info --egg-base ../../build/smartbot_py_examples build --build-base /home/nnimpit/smartbot_ws/smartbot/build/smartbot_py_examples/build install --record /home/nnimpit/smartbot_ws/smartbot/build/smartbot_py_examples/install.log --single-version-externally-managed install_data
[0.512s] running egg_info
[0.513s] writing ../../build/smartbot_py_examples/smartbot_py_examples.egg-info/PKG-INFO
[0.513s] writing dependency_links to ../../build/smartbot_py_examples/smartbot_py_examples.egg-info/dependency_links.txt
[0.513s] writing entry points to ../../build/smartbot_py_examples/smartbot_py_examples.egg-info/entry_points.txt
[0.513s] writing requirements to ../../build/smartbot_py_examples/smartbot_py_examples.egg-info/requires.txt
[0.513s] writing top-level names to ../../build/smartbot_py_examples/smartbot_py_examples.egg-info/top_level.txt
[0.514s] reading manifest file '../../build/smartbot_py_examples/smartbot_py_examples.egg-info/SOURCES.txt'
[0.515s] writing manifest file '../../build/smartbot_py_examples/smartbot_py_examples.egg-info/SOURCES.txt'
[0.515s] running build
[0.515s] running build_py
[0.515s] copying smartbot_py_examples/simple_subscriber.py -> /home/nnimpit/smartbot_ws/smartbot/build/smartbot_py_examples/build/lib/smartbot_py_examples
[0.515s] running install
[0.516s] running install_lib
[0.516s] copying /home/nnimpit/smartbot_ws/smartbot/build/smartbot_py_examples/build/lib/smartbot_py_examples/simple_subscriber.py -> /home/nnimpit/smartbot_ws/smartbot/install/smartbot_py_examples/lib/python3.10/site-packages/smartbot_py_examples
[0.516s] byte-compiling /home/nnimpit/smartbot_ws/smartbot/install/smartbot_py_examples/lib/python3.10/site-packages/smartbot_py_examples/simple_subscriber.py to simple_subscriber.cpython-310.pyc
[0.517s] running install_data
[0.517s] running install_egg_info
[0.518s] removing '/home/nnimpit/smartbot_ws/smartbot/install/smartbot_py_examples/lib/python3.10/site-packages/smartbot_py_examples-0.0.0-py3.10.egg-info' (and everything under it)
[0.518s] Copying ../../build/smartbot_py_examples/smartbot_py_examples.egg-info to /home/nnimpit/smartbot_ws/smartbot/install/smartbot_py_examples/lib/python3.10/site-packages/smartbot_py_examples-0.0.0-py3.10.egg-info
[0.519s] running install_scripts
[0.534s] Installing simple_publisher script to /home/nnimpit/smartbot_ws/smartbot/install/smartbot_py_examples/lib/smartbot_py_examples
[0.534s] Installing simple_subscriber script to /home/nnimpit/smartbot_ws/smartbot/install/smartbot_py_examples/lib/smartbot_py_examples
[0.535s] writing list of installed files to '/home/nnimpit/smartbot_ws/smartbot/build/smartbot_py_examples/install.log'
[0.553s] Invoked command in '/home/nnimpit/smartbot_ws/smartbot/src/smartbot_py_examples' returned '0': CONDA_PROMPT_MODIFIER=(base) PYTHONPATH=/home/nnimpit/smartbot_ws/smartbot/build/smartbot_py_examples/prefix_override:/usr/lib/python3/dist-packages/colcon_core/task/python/colcon_distutils_commands:/home/nnimpit/smartbot_ws/smartbot/install/smartbot_py_examples/lib/python3.10/site-packages:${PYTHONPATH} /usr/bin/python3 -W ignore:setup.py install is deprecated setup.py egg_info --egg-base ../../build/smartbot_py_examples build --build-base /home/nnimpit/smartbot_ws/smartbot/build/smartbot_py_examples/build install --record /home/nnimpit/smartbot_ws/smartbot/build/smartbot_py_examples/install.log --single-version-externally-managed install_data
