running egg_info
writing ../../build/smartbot_py_examples/smartbot_py_examples.egg-info/PKG-INFO
writing dependency_links to ../../build/smartbot_py_examples/smartbot_py_examples.egg-info/dependency_links.txt
writing entry points to ../../build/smartbot_py_examples/smartbot_py_examples.egg-info/entry_points.txt
writing requirements to ../../build/smartbot_py_examples/smartbot_py_examples.egg-info/requires.txt
writing top-level names to ../../build/smartbot_py_examples/smartbot_py_examples.egg-info/top_level.txt
reading manifest file '../../build/smartbot_py_examples/smartbot_py_examples.egg-info/SOURCES.txt'
writing manifest file '../../build/smartbot_py_examples/smartbot_py_examples.egg-info/SOURCES.txt'
running build
running build_py
copying smartbot_py_examples/simple_parameter.py -> /home/nnimpit/smartbot_ws/smartbot/build/smartbot_py_examples/build/lib/smartbot_py_examples
running install
running install_lib
copying /home/nnimpit/smartbot_ws/smartbot/build/smartbot_py_examples/build/lib/smartbot_py_examples/simple_parameter.py -> /home/nnimpit/smartbot_ws/smartbot/install/smartbot_py_examples/lib/python3.10/site-packages/smartbot_py_examples
byte-compiling /home/nnimpit/smartbot_ws/smartbot/install/smartbot_py_examples/lib/python3.10/site-packages/smartbot_py_examples/simple_parameter.py to simple_parameter.cpython-310.pyc
running install_data
copying package.xml -> /home/nnimpit/smartbot_ws/smartbot/install/smartbot_py_examples/share/smartbot_py_examples
running install_egg_info
removing '/home/nnimpit/smartbot_ws/smartbot/install/smartbot_py_examples/lib/python3.10/site-packages/smartbot_py_examples-0.0.0-py3.10.egg-info' (and everything under it)
Copying ../../build/smartbot_py_examples/smartbot_py_examples.egg-info to /home/nnimpit/smartbot_ws/smartbot/install/smartbot_py_examples/lib/python3.10/site-packages/smartbot_py_examples-0.0.0-py3.10.egg-info
running install_scripts
Installing simple_parameter script to /home/nnimpit/smartbot_ws/smartbot/install/smartbot_py_examples/lib/smartbot_py_examples
Installing simple_publisher script to /home/nnimpit/smartbot_ws/smartbot/install/smartbot_py_examples/lib/smartbot_py_examples
Installing simple_subscriber script to /home/nnimpit/smartbot_ws/smartbot/install/smartbot_py_examples/lib/smartbot_py_examples
writing list of installed files to '/home/nnimpit/smartbot_ws/smartbot/build/smartbot_py_examples/install.log'
