[0.015s] Invoking command in '/home/nnimpit/smartbot_ws/smartbot/build/smartbot_controller': CMAKE_PREFIX_PATH=/opt/ros/humble CONDA_PROMPT_MODIFIER=(base) /usr/bin/cmake --build /home/nnimpit/smartbot_ws/smartbot/build/smartbot_controller -- -j12 -l12
[0.036s] -- Found ament_cmake: 1.3.10 (/opt/ros/humble/share/ament_cmake/cmake)
[0.175s] -- Found rclpy: 3.3.14 (/opt/ros/humble/share/rclpy/cmake)
[0.177s] -- Found rclcpp: 16.0.10 (/opt/ros/humble/share/rclcpp/cmake)
[0.210s] -- Found rosidl_generator_c: 3.1.5 (/opt/ros/humble/share/rosidl_generator_c/cmake)
[0.213s] -- Found rosidl_adapter: 3.1.5 (/opt/ros/humble/share/rosidl_adapter/cmake)
[0.220s] -- Found rosidl_generator_cpp: 3.1.5 (/opt/ros/humble/share/rosidl_generator_cpp/cmake)
[0.236s] -- Using all available rosidl_typesupport_c: rosidl_typesupport_fastrtps_c;rosidl_typesupport_introspection_c
[0.259s] -- Using all available rosidl_typesupport_cpp: rosidl_typesupport_fastrtps_cpp;rosidl_typesupport_introspection_cpp
[0.314s] -- Found rmw_implementation_cmake: 6.1.2 (/opt/ros/humble/share/rmw_implementation_cmake/cmake)
[0.317s] -- Found rmw_fastrtps_cpp: 6.2.7 (/opt/ros/humble/share/rmw_fastrtps_cpp/cmake)
[0.395s] -- Found OpenSSL: /usr/lib/x86_64-linux-gnu/libcrypto.so (found version "3.0.2")  
[0.425s] -- Found FastRTPS: /opt/ros/humble/include  
[0.472s] -- Using RMW implementation 'rmw_fastrtps_cpp' as default
[0.483s] -- Looking for pthread.h
[0.565s] -- Looking for pthread.h - found
[0.565s] -- Performing Test CMAKE_HAVE_LIBC_PTHREAD
[0.622s] -- Performing Test CMAKE_HAVE_LIBC_PTHREAD - Success
[0.623s] -- Found Threads: TRUE  
[0.681s] -- Found geometry_msgs: 4.2.4 (/opt/ros/humble/share/geometry_msgs/cmake)
[0.780s] -- Found ament_lint_auto: 0.12.11 (/opt/ros/humble/share/ament_lint_auto/cmake)
[0.875s] -- Added test 'flake8' to check Python code syntax and style conventions
[0.876s] -- Added test 'lint_cmake' to check CMake code style
[0.876s] -- Added test 'pep257' to check Python code against some of the docstring style conventions in PEP 257
[0.877s] -- Added test 'xmllint' to check XML markup files
[0.879s] -- Configuring done
[0.882s] [31mCMake Error at CMakeLists.txt:20 (add_executable):
[0.882s]   Cannot find source file:
[0.882s] 
[0.882s]     src/simple_controller.cpp
[0.882s] 
[0.883s]   Tried extensions .c .C .c++ .cc .cpp .cxx .cu .mpp .m .M .mm .ixx .cppm .h
[0.883s]   .hh .h++ .hm .hpp .hxx .in .txx .f .F .for .f77 .f90 .f95 .f03 .hip .ispc
[0.883s] 
[0.883s] [0m
[0.883s] [31mCMake Error at CMakeLists.txt:20 (add_executable):
[0.883s]   No SOURCES given to target: simple_controller
[0.883s] 
[0.883s] [0m
[0.883s] [0mCMake Generate step failed.  Build files cannot be regenerated correctly.[0m
[0.890s] gmake: *** [Makefile:254: cmake_check_build_system] Error 1
[0.892s] Invoked command in '/home/nnimpit/smartbot_ws/smartbot/build/smartbot_controller' returned '2': CMAKE_PREFIX_PATH=/opt/ros/humble CONDA_PROMPT_MODIFIER=(base) /usr/bin/cmake --build /home/nnimpit/smartbot_ws/smartbot/build/smartbot_controller -- -j12 -l12
