[0.015s] Invoking command in '/home/nnimpit/smartbot_ws/smartbot/build/smartbot_controller': CMAKE_PREFIX_PATH=/opt/ros/humble CONDA_PROMPT_MODIFIER=(base) /usr/bin/cmake --build /home/nnimpit/smartbot_ws/smartbot/build/smartbot_controller -- -j12 -l12
[0.033s] -- Found ament_cmake: 1.3.10 (/opt/ros/humble/share/ament_cmake/cmake)
[0.140s] -- Found rclpy: 3.3.14 (/opt/ros/humble/share/rclpy/cmake)
[0.148s] -- Configuring incomplete, errors occurred!
[0.148s] See also "/home/nnimpit/smartbot_ws/smartbot/build/smartbot_controller/CMakeFiles/CMakeOutput.log".
[0.148s] [31mCMake Error at CMakeLists.txt:12 (find_package):
[0.148s]   By not providing "Findstd_msg.cmake" in CMAKE_MODULE_PATH this project has
[0.148s]   asked CMake to find a package configuration file provided by "std_msg", but
[0.148s]   CMake did not find one.
[0.148s] 
[0.148s]   Could not find a package configuration file provided by "std_msg" with any
[0.148s]   of the following names:
[0.148s] 
[0.148s]     std_msgConfig.cmake
[0.148s]     std_msg-config.cmake
[0.148s] 
[0.149s]   Add the installation prefix of "std_msg" to CMAKE_PREFIX_PATH or set
[0.149s]   "std_msg_DIR" to a directory containing one of the above files.  If
[0.149s]   "std_msg" provides a separate development package or SDK, be sure it has
[0.149s]   been installed.
[0.149s] 
[0.149s] [0m
[0.149s] gmake: *** [Makefile:226: cmake_check_build_system] Error 1
[0.183s] Invoked command in '/home/nnimpit/smartbot_ws/smartbot/build/smartbot_controller' returned '2': CMAKE_PREFIX_PATH=/opt/ros/humble CONDA_PROMPT_MODIFIER=(base) /usr/bin/cmake --build /home/nnimpit/smartbot_ws/smartbot/build/smartbot_controller -- -j12 -l12
