-- Install configuration: ""
-- Up-to-date: /home/nnimpit/smartbot_ws/smartbot/install/smartbot_controller/share/smartbot_controller/config
-- Up-to-date: /home/nnimpit/smartbot_ws/smartbot/install/smartbot_controller/share/smartbot_controller/config/smartbot_controllers.yaml
-- Up-to-date: /home/nnimpit/smartbot_ws/smartbot/install/smartbot_controller/share/smartbot_controller/launch
-- Up-to-date: /home/nnimpit/smartbot_ws/smartbot/install/smartbot_controller/share/smartbot_controller/launch/controller.launch.py
-- Up-to-date: /home/nnimpit/smartbot_ws/smartbot/install/smartbot_controller/share/ament_index/resource_index/package_run_dependencies/smartbot_controller
-- Up-to-date: /home/nnimpit/smartbot_ws/smartbot/install/smartbot_controller/share/ament_index/resource_index/parent_prefix_path/smartbot_controller
-- Up-to-date: /home/nnimpit/smartbot_ws/smartbot/install/smartbot_controller/share/smartbot_controller/environment/ament_prefix_path.sh
-- Up-to-date: /home/nnimpit/smartbot_ws/smartbot/install/smartbot_controller/share/smartbot_controller/environment/ament_prefix_path.dsv
-- Up-to-date: /home/nnimpit/smartbot_ws/smartbot/install/smartbot_controller/share/smartbot_controller/environment/path.sh
-- Up-to-date: /home/nnimpit/smartbot_ws/smartbot/install/smartbot_controller/share/smartbot_controller/environment/path.dsv
-- Up-to-date: /home/nnimpit/smartbot_ws/smartbot/install/smartbot_controller/share/smartbot_controller/local_setup.bash
-- Up-to-date: /home/nnimpit/smartbot_ws/smartbot/install/smartbot_controller/share/smartbot_controller/local_setup.sh
-- Up-to-date: /home/nnimpit/smartbot_ws/smartbot/install/smartbot_controller/share/smartbot_controller/local_setup.zsh
-- Up-to-date: /home/nnimpit/smartbot_ws/smartbot/install/smartbot_controller/share/smartbot_controller/local_setup.dsv
-- Installing: /home/nnimpit/smartbot_ws/smartbot/install/smartbot_controller/share/smartbot_controller/package.dsv
-- Up-to-date: /home/nnimpit/smartbot_ws/smartbot/install/smartbot_controller/share/ament_index/resource_index/packages/smartbot_controller
-- Up-to-date: /home/nnimpit/smartbot_ws/smartbot/install/smartbot_controller/share/smartbot_controller/cmake/smartbot_controllerConfig.cmake
-- Up-to-date: /home/nnimpit/smartbot_ws/smartbot/install/smartbot_controller/share/smartbot_controller/cmake/smartbot_controllerConfig-version.cmake
-- Up-to-date: /home/nnimpit/smartbot_ws/smartbot/install/smartbot_controller/share/smartbot_controller/package.xml
